MD:         10% done...
MD: spent 0:0:19
MD: ETA   0:2:57
MD:         20% done...
MD: spent 0:0:38
MD: ETA   0:2:35
MD:         30% done...
MD: spent 0:0:58
MD: ETA   0:2:15
MD:         40% done...
MD: spent 0:1:17
MD: ETA   0:1:56
MD:         50% done...
MD: spent 0:1:36
MD: ETA   0:1:36
MD:         60% done...
MD: spent 0:1:55
MD: ETA   0:1:17
MD:         70% done...
MD: spent 0:2:15
MD: ETA   0:0:57
MD:         80% done...
MD: spent 0:2:34
MD: ETA   0:0:38
MD:         90% done...
MD: spent 0:2:53
MD: ETA   0:0:19
MD:        100% done...
MD: spent 0:3:12
MD: ETA   0:0:0
cp: ‘eq_peptide_1.omd’ and ‘/home/imunoz/NPT.Lambda/09ALA/helix/eq/eq_peptide_1.omd’ are the same file
cp: ‘eq_peptide_1.cnf’ and ‘/home/imunoz/NPT.Lambda/09ALA/helix/eq/eq_peptide_1.cnf’ are the same file
cp: ‘eq_peptide_1.trc.gz’ and ‘/home/imunoz/NPT.Lambda/09ALA/helix/eq/eq_peptide_1.trc.gz’ are the same file
cp: ‘eq_peptide_1.tre.gz’ and ‘/home/imunoz/NPT.Lambda/09ALA/helix/eq/eq_peptide_1.tre.gz’ are the same file
./eq_peptide_1.run: line 58: Mail: command not found
MD:         10% done...
MD: spent 0:0:21
MD: ETA   0:3:13
MD:         20% done...
MD: spent 0:0:41
MD: ETA   0:2:46
MD:         30% done...
MD: spent 0:1:1
MD: ETA   0:2:22
MD:         40% done...
MD: spent 0:1:20
MD: ETA   0:2:0
MD:         50% done...
MD: spent 0:1:39
MD: ETA   0:1:39
MD:         60% done...
MD: spent 0:2:0
MD: ETA   0:1:20
MD:         70% done...
MD: spent 0:2:21
MD: ETA   0:1:0
MD:         80% done...
MD: spent 0:2:41
MD: ETA   0:0:40
MD:         90% done...
MD: spent 0:3:0
MD: ETA   0:0:20
MD:        100% done...
MD: spent 0:3:19
MD: ETA   0:0:0
cp: ‘eq_peptide_2.omd’ and ‘/home/imunoz/NPT.Lambda/09ALA/helix/eq/eq_peptide_2.omd’ are the same file
cp: ‘eq_peptide_2.cnf’ and ‘/home/imunoz/NPT.Lambda/09ALA/helix/eq/eq_peptide_2.cnf’ are the same file
cp: ‘eq_peptide_2.trc.gz’ and ‘/home/imunoz/NPT.Lambda/09ALA/helix/eq/eq_peptide_2.trc.gz’ are the same file
cp: ‘eq_peptide_2.tre.gz’ and ‘/home/imunoz/NPT.Lambda/09ALA/helix/eq/eq_peptide_2.tre.gz’ are the same file
./eq_peptide_2.run: line 58: Mail: command not found
MD:         10% done...
MD: spent 0:0:20
MD: ETA   0:3:0
MD:         20% done...
MD: spent 0:0:40
MD: ETA   0:2:41
MD:         30% done...
MD: spent 0:0:59
MD: ETA   0:2:19
MD:         40% done...
MD: spent 0:1:18
MD: ETA   0:1:58
MD:         50% done...
MD: spent 0:1:37
MD: ETA   0:1:37
MD:         60% done...
MD: spent 0:1:57
MD: ETA   0:1:18
MD:         70% done...
MD: spent 0:2:16
MD: ETA   0:0:58
MD:         80% done...
MD: spent 0:2:35
MD: ETA   0:0:38
MD:         90% done...
MD: spent 0:2:54
MD: ETA   0:0:19
MD:        100% done...
MD: spent 0:3:13
MD: ETA   0:0:0
cp: ‘eq_peptide_3.omd’ and ‘/home/imunoz/NPT.Lambda/09ALA/helix/eq/eq_peptide_3.omd’ are the same file
cp: ‘eq_peptide_3.cnf’ and ‘/home/imunoz/NPT.Lambda/09ALA/helix/eq/eq_peptide_3.cnf’ are the same file
cp: ‘eq_peptide_3.trc.gz’ and ‘/home/imunoz/NPT.Lambda/09ALA/helix/eq/eq_peptide_3.trc.gz’ are the same file
cp: ‘eq_peptide_3.tre.gz’ and ‘/home/imunoz/NPT.Lambda/09ALA/helix/eq/eq_peptide_3.tre.gz’ are the same file
./eq_peptide_3.run: line 58: Mail: command not found
MD:         10% done...
MD: spent 0:0:21
MD: ETA   0:3:15
MD:         20% done...
MD: spent 0:0:41
MD: ETA   0:2:45
MD:         30% done...
MD: spent 0:1:0
MD: ETA   0:2:22
MD:         40% done...
MD: spent 0:1:20
MD: ETA   0:2:0
MD:         50% done...
MD: spent 0:1:39
MD: ETA   0:1:39
MD:         60% done...
MD: spent 0:1:58
MD: ETA   0:1:19
MD:         70% done...
MD: spent 0:2:18
MD: ETA   0:0:59
MD:         80% done...
MD: spent 0:2:37
MD: ETA   0:0:39
MD:         90% done...
MD: spent 0:2:56
MD: ETA   0:0:19
MD:        100% done...
MD: spent 0:3:15
MD: ETA   0:0:0
cp: ‘eq_peptide_4.omd’ and ‘/home/imunoz/NPT.Lambda/09ALA/helix/eq/eq_peptide_4.omd’ are the same file
cp: ‘eq_peptide_4.cnf’ and ‘/home/imunoz/NPT.Lambda/09ALA/helix/eq/eq_peptide_4.cnf’ are the same file
cp: ‘eq_peptide_4.trc.gz’ and ‘/home/imunoz/NPT.Lambda/09ALA/helix/eq/eq_peptide_4.trc.gz’ are the same file
cp: ‘eq_peptide_4.tre.gz’ and ‘/home/imunoz/NPT.Lambda/09ALA/helix/eq/eq_peptide_4.tre.gz’ are the same file
./eq_peptide_4.run: line 58: Mail: command not found
MD:         10% done...
MD: spent 0:0:21
MD: ETA   0:3:15
MD:         20% done...
MD: spent 0:0:43
MD: ETA   0:2:53
MD:         30% done...
MD: spent 0:1:5
MD: ETA   0:2:31
MD:         40% done...
MD: spent 0:1:26
MD: ETA   0:2:9
MD:         50% done...
MD: spent 0:1:48
MD: ETA   0:1:48
MD:         60% done...
MD: spent 0:2:9
MD: ETA   0:1:26
MD:         70% done...
MD: spent 0:2:31
MD: ETA   0:1:4
MD:         80% done...
MD: spent 0:2:53
MD: ETA   0:0:43
MD:         90% done...
MD: spent 0:3:14
MD: ETA   0:0:21
MD:        100% done...
MD: spent 0:3:36
MD: ETA   0:0:0
cp: ‘eq_peptide_5.omd’ and ‘/home/imunoz/NPT.Lambda/09ALA/helix/eq/eq_peptide_5.omd’ are the same file
cp: ‘eq_peptide_5.cnf’ and ‘/home/imunoz/NPT.Lambda/09ALA/helix/eq/eq_peptide_5.cnf’ are the same file
cp: ‘eq_peptide_5.trc.gz’ and ‘/home/imunoz/NPT.Lambda/09ALA/helix/eq/eq_peptide_5.trc.gz’ are the same file
cp: ‘eq_peptide_5.tre.gz’ and ‘/home/imunoz/NPT.Lambda/09ALA/helix/eq/eq_peptide_5.tre.gz’ are the same file
./eq_peptide_5.run: line 58: Mail: command not found
