MD:         10% done...
MD: spent 0:0:29
MD: ETA   0:4:29
MD:         20% done...
MD: spent 0:0:58
MD: ETA   0:3:54
MD:         30% done...
MD: spent 0:1:27
MD: ETA   0:3:23
MD:         40% done...
MD: spent 0:1:55
MD: ETA   0:2:53
MD:         50% done...
MD: spent 0:2:24
MD: ETA   0:2:24
MD:         60% done...
MD: spent 0:2:52
MD: ETA   0:1:55
MD:         70% done...
MD: spent 0:3:21
MD: ETA   0:1:26
MD:         80% done...
MD: spent 0:3:49
MD: ETA   0:0:57
MD:         90% done...
MD: spent 0:4:18
MD: ETA   0:0:28
MD:        100% done...
MD: spent 0:4:46
MD: ETA   0:0:0
cp: ‘eq_peptide_1.omd’ and ‘/home/imunoz/NPT.Lambda/07ALA/extended/eq/eq_peptide_1.omd’ are the same file
cp: ‘eq_peptide_1.cnf’ and ‘/home/imunoz/NPT.Lambda/07ALA/extended/eq/eq_peptide_1.cnf’ are the same file
cp: ‘eq_peptide_1.trc.gz’ and ‘/home/imunoz/NPT.Lambda/07ALA/extended/eq/eq_peptide_1.trc.gz’ are the same file
cp: ‘eq_peptide_1.tre.gz’ and ‘/home/imunoz/NPT.Lambda/07ALA/extended/eq/eq_peptide_1.tre.gz’ are the same file
./eq_peptide_1.run: line 58: Mail: command not found
MD:         10% done...
MD: spent 0:0:29
MD: ETA   0:4:29
MD:         20% done...
MD: spent 0:0:58
MD: ETA   0:3:55
MD:         30% done...
MD: spent 0:1:27
MD: ETA   0:3:24
MD:         40% done...
MD: spent 0:1:56
MD: ETA   0:2:54
MD:         50% done...
MD: spent 0:2:24
MD: ETA   0:2:24
MD:         60% done...
MD: spent 0:2:53
MD: ETA   0:1:55
MD:         70% done...
MD: spent 0:3:21
MD: ETA   0:1:26
MD:         80% done...
MD: spent 0:3:50
MD: ETA   0:0:57
MD:         90% done...
MD: spent 0:4:18
MD: ETA   0:0:28
MD:        100% done...
MD: spent 0:4:47
MD: ETA   0:0:0
cp: ‘eq_peptide_2.omd’ and ‘/home/imunoz/NPT.Lambda/07ALA/extended/eq/eq_peptide_2.omd’ are the same file
cp: ‘eq_peptide_2.cnf’ and ‘/home/imunoz/NPT.Lambda/07ALA/extended/eq/eq_peptide_2.cnf’ are the same file
cp: ‘eq_peptide_2.trc.gz’ and ‘/home/imunoz/NPT.Lambda/07ALA/extended/eq/eq_peptide_2.trc.gz’ are the same file
cp: ‘eq_peptide_2.tre.gz’ and ‘/home/imunoz/NPT.Lambda/07ALA/extended/eq/eq_peptide_2.tre.gz’ are the same file
./eq_peptide_2.run: line 58: Mail: command not found
MD:         10% done...
MD: spent 0:0:29
MD: ETA   0:4:22
MD:         20% done...
MD: spent 0:0:57
MD: ETA   0:3:49
MD:         30% done...
MD: spent 0:1:25
MD: ETA   0:3:19
MD:         40% done...
MD: spent 0:1:53
MD: ETA   0:2:49
MD:         50% done...
MD: spent 0:2:21
MD: ETA   0:2:21
MD:         60% done...
MD: spent 0:2:49
MD: ETA   0:1:52
MD:         70% done...
MD: spent 0:3:17
MD: ETA   0:1:24
MD:         80% done...
MD: spent 0:3:45
MD: ETA   0:0:56
MD:         90% done...
MD: spent 0:4:13
MD: ETA   0:0:28
MD:        100% done...
MD: spent 0:4:41
MD: ETA   0:0:0
cp: ‘eq_peptide_3.omd’ and ‘/home/imunoz/NPT.Lambda/07ALA/extended/eq/eq_peptide_3.omd’ are the same file
cp: ‘eq_peptide_3.cnf’ and ‘/home/imunoz/NPT.Lambda/07ALA/extended/eq/eq_peptide_3.cnf’ are the same file
cp: ‘eq_peptide_3.trc.gz’ and ‘/home/imunoz/NPT.Lambda/07ALA/extended/eq/eq_peptide_3.trc.gz’ are the same file
cp: ‘eq_peptide_3.tre.gz’ and ‘/home/imunoz/NPT.Lambda/07ALA/extended/eq/eq_peptide_3.tre.gz’ are the same file
./eq_peptide_3.run: line 58: Mail: command not found
MD:         10% done...
MD: spent 0:0:29
MD: ETA   0:4:22
MD:         20% done...
MD: spent 0:0:57
MD: ETA   0:3:50
MD:         30% done...
MD: spent 0:1:25
MD: ETA   0:3:20
MD:         40% done...
MD: spent 0:1:54
MD: ETA   0:2:51
MD:         50% done...
MD: spent 0:2:22
MD: ETA   0:2:22
MD:         60% done...
MD: spent 0:2:50
MD: ETA   0:1:53
MD:         70% done...
MD: spent 0:3:18
MD: ETA   0:1:24
MD:         80% done...
MD: spent 0:3:46
MD: ETA   0:0:56
MD:         90% done...
MD: spent 0:4:14
MD: ETA   0:0:28
MD:        100% done...
MD: spent 0:4:42
MD: ETA   0:0:0
cp: ‘eq_peptide_4.omd’ and ‘/home/imunoz/NPT.Lambda/07ALA/extended/eq/eq_peptide_4.omd’ are the same file
cp: ‘eq_peptide_4.cnf’ and ‘/home/imunoz/NPT.Lambda/07ALA/extended/eq/eq_peptide_4.cnf’ are the same file
cp: ‘eq_peptide_4.trc.gz’ and ‘/home/imunoz/NPT.Lambda/07ALA/extended/eq/eq_peptide_4.trc.gz’ are the same file
cp: ‘eq_peptide_4.tre.gz’ and ‘/home/imunoz/NPT.Lambda/07ALA/extended/eq/eq_peptide_4.tre.gz’ are the same file
./eq_peptide_4.run: line 58: Mail: command not found
MD:         10% done...
MD: spent 0:0:29
MD: ETA   0:4:25
MD:         20% done...
MD: spent 0:0:57
MD: ETA   0:3:50
MD:         30% done...
MD: spent 0:1:26
MD: ETA   0:3:20
MD:         40% done...
MD: spent 0:1:54
MD: ETA   0:2:51
MD:         50% done...
MD: spent 0:2:22
MD: ETA   0:2:22
MD:         60% done...
MD: spent 0:2:50
MD: ETA   0:1:53
MD:         70% done...
MD: spent 0:3:18
MD: ETA   0:1:25
MD:         80% done...
MD: spent 0:3:46
MD: ETA   0:0:56
MD:         90% done...
MD: spent 0:4:15
MD: ETA   0:0:28
MD:        100% done...
MD: spent 0:4:43
MD: ETA   0:0:0
cp: ‘eq_peptide_5.omd’ and ‘/home/imunoz/NPT.Lambda/07ALA/extended/eq/eq_peptide_5.omd’ are the same file
cp: ‘eq_peptide_5.cnf’ and ‘/home/imunoz/NPT.Lambda/07ALA/extended/eq/eq_peptide_5.cnf’ are the same file
cp: ‘eq_peptide_5.trc.gz’ and ‘/home/imunoz/NPT.Lambda/07ALA/extended/eq/eq_peptide_5.trc.gz’ are the same file
cp: ‘eq_peptide_5.tre.gz’ and ‘/home/imunoz/NPT.Lambda/07ALA/extended/eq/eq_peptide_5.tre.gz’ are the same file
./eq_peptide_5.run: line 58: Mail: command not found
