MD:         10% done...
MD: spent 0:0:31
MD: ETA   0:4:45
MD:         20% done...
MD: spent 0:1:1
MD: ETA   0:4:5
MD:         30% done...
MD: spent 0:1:30
MD: ETA   0:3:30
MD:         40% done...
MD: spent 0:1:57
MD: ETA   0:2:56
MD:         50% done...
MD: spent 0:2:25
MD: ETA   0:2:25
MD:         60% done...
MD: spent 0:2:52
MD: ETA   0:1:54
MD:         70% done...
MD: spent 0:3:18
MD: ETA   0:1:25
MD:         80% done...
MD: spent 0:3:45
MD: ETA   0:0:56
MD:         90% done...
MD: spent 0:4:12
MD: ETA   0:0:28
MD:        100% done...
MD: spent 0:4:39
MD: ETA   0:0:0
cp: ‘eq_peptide_1.omd’ and ‘/home/imunoz/NPT.Lambda/07ALA/extended/eq/eq_peptide_1.omd’ are the same file
cp: ‘eq_peptide_1.cnf’ and ‘/home/imunoz/NPT.Lambda/07ALA/extended/eq/eq_peptide_1.cnf’ are the same file
cp: ‘eq_peptide_1.trc.gz’ and ‘/home/imunoz/NPT.Lambda/07ALA/extended/eq/eq_peptide_1.trc.gz’ are the same file
cp: ‘eq_peptide_1.tre.gz’ and ‘/home/imunoz/NPT.Lambda/07ALA/extended/eq/eq_peptide_1.tre.gz’ are the same file
./eq_peptide_1.run: line 58: Mail: command not found
MD:         10% done...
MD: spent 0:0:29
MD: ETA   0:4:22
MD:         20% done...
MD: spent 0:0:55
MD: ETA   0:3:42
MD:         30% done...
MD: spent 0:1:22
MD: ETA   0:3:11
MD:         40% done...
MD: spent 0:1:49
MD: ETA   0:2:43
MD:         50% done...
MD: spent 0:2:15
MD: ETA   0:2:15
MD:         60% done...
MD: spent 0:2:42
MD: ETA   0:1:48
MD:         70% done...
MD: spent 0:3:8
MD: ETA   0:1:20
MD:         80% done...
MD: spent 0:3:35
MD: ETA   0:0:53
MD:         90% done...
MD: spent 0:4:1
MD: ETA   0:0:26
MD:        100% done...
MD: spent 0:4:27
MD: ETA   0:0:0
cp: ‘eq_peptide_2.omd’ and ‘/home/imunoz/NPT.Lambda/07ALA/extended/eq/eq_peptide_2.omd’ are the same file
cp: ‘eq_peptide_2.cnf’ and ‘/home/imunoz/NPT.Lambda/07ALA/extended/eq/eq_peptide_2.cnf’ are the same file
cp: ‘eq_peptide_2.trc.gz’ and ‘/home/imunoz/NPT.Lambda/07ALA/extended/eq/eq_peptide_2.trc.gz’ are the same file
cp: ‘eq_peptide_2.tre.gz’ and ‘/home/imunoz/NPT.Lambda/07ALA/extended/eq/eq_peptide_2.tre.gz’ are the same file
./eq_peptide_2.run: line 58: Mail: command not found
MD:         10% done...
MD: spent 0:0:26
MD: ETA   0:3:59
MD:         20% done...
MD: spent 0:0:52
MD: ETA   0:3:30
MD:         30% done...
MD: spent 0:1:18
MD: ETA   0:3:2
MD:         40% done...
MD: spent 0:1:44
MD: ETA   0:2:36
MD:         50% done...
MD: spent 0:2:10
MD: ETA   0:2:10
MD:         60% done...
MD: spent 0:2:36
MD: ETA   0:1:44
MD:         70% done...
MD: spent 0:3:2
MD: ETA   0:1:18
MD:         80% done...
MD: spent 0:3:28
MD: ETA   0:0:52
MD:         90% done...
MD: spent 0:3:54
MD: ETA   0:0:26
MD:        100% done...
MD: spent 0:4:20
MD: ETA   0:0:0
cp: ‘eq_peptide_3.omd’ and ‘/home/imunoz/NPT.Lambda/07ALA/extended/eq/eq_peptide_3.omd’ are the same file
cp: ‘eq_peptide_3.cnf’ and ‘/home/imunoz/NPT.Lambda/07ALA/extended/eq/eq_peptide_3.cnf’ are the same file
cp: ‘eq_peptide_3.trc.gz’ and ‘/home/imunoz/NPT.Lambda/07ALA/extended/eq/eq_peptide_3.trc.gz’ are the same file
cp: ‘eq_peptide_3.tre.gz’ and ‘/home/imunoz/NPT.Lambda/07ALA/extended/eq/eq_peptide_3.tre.gz’ are the same file
./eq_peptide_3.run: line 58: Mail: command not found
MD:         10% done...
MD: spent 0:0:27
MD: ETA   0:4:3
MD:         20% done...
MD: spent 0:0:53
MD: ETA   0:3:33
MD:         30% done...
MD: spent 0:1:19
MD: ETA   0:3:5
MD:         40% done...
MD: spent 0:1:45
MD: ETA   0:2:38
MD:         50% done...
MD: spent 0:2:11
MD: ETA   0:2:11
MD:         60% done...
MD: spent 0:2:37
MD: ETA   0:1:44
MD:         70% done...
MD: spent 0:3:2
MD: ETA   0:1:18
MD:         80% done...
MD: spent 0:3:28
MD: ETA   0:0:52
MD:         90% done...
MD: spent 0:3:55
MD: ETA   0:0:26
MD:        100% done...
MD: spent 0:4:21
MD: ETA   0:0:0
cp: ‘eq_peptide_4.omd’ and ‘/home/imunoz/NPT.Lambda/07ALA/extended/eq/eq_peptide_4.omd’ are the same file
cp: ‘eq_peptide_4.cnf’ and ‘/home/imunoz/NPT.Lambda/07ALA/extended/eq/eq_peptide_4.cnf’ are the same file
cp: ‘eq_peptide_4.trc.gz’ and ‘/home/imunoz/NPT.Lambda/07ALA/extended/eq/eq_peptide_4.trc.gz’ are the same file
cp: ‘eq_peptide_4.tre.gz’ and ‘/home/imunoz/NPT.Lambda/07ALA/extended/eq/eq_peptide_4.tre.gz’ are the same file
./eq_peptide_4.run: line 58: Mail: command not found
MD:         10% done...
MD: spent 0:0:27
MD: ETA   0:4:10
MD:         20% done...
MD: spent 0:0:55
MD: ETA   0:3:40
MD:         30% done...
MD: spent 0:1:21
MD: ETA   0:3:10
MD:         40% done...
MD: spent 0:1:49
MD: ETA   0:2:43
MD:         50% done...
MD: spent 0:2:15
MD: ETA   0:2:15
MD:         60% done...
MD: spent 0:2:43
MD: ETA   0:1:48
MD:         70% done...
MD: spent 0:3:9
MD: ETA   0:1:21
MD:         80% done...
MD: spent 0:3:36
MD: ETA   0:0:54
MD:         90% done...
MD: spent 0:4:4
MD: ETA   0:0:27
MD:        100% done...
MD: spent 0:4:31
MD: ETA   0:0:0
cp: ‘eq_peptide_5.omd’ and ‘/home/imunoz/NPT.Lambda/07ALA/extended/eq/eq_peptide_5.omd’ are the same file
cp: ‘eq_peptide_5.cnf’ and ‘/home/imunoz/NPT.Lambda/07ALA/extended/eq/eq_peptide_5.cnf’ are the same file
cp: ‘eq_peptide_5.trc.gz’ and ‘/home/imunoz/NPT.Lambda/07ALA/extended/eq/eq_peptide_5.trc.gz’ are the same file
cp: ‘eq_peptide_5.tre.gz’ and ‘/home/imunoz/NPT.Lambda/07ALA/extended/eq/eq_peptide_5.tre.gz’ are the same file
./eq_peptide_5.run: line 58: Mail: command not found
