MD:         10% done...
MD: spent 0:0:34
MD: ETA   0:5:11
MD:         20% done...
MD: spent 0:1:8
MD: ETA   0:4:33
MD:         30% done...
MD: spent 0:1:42
MD: ETA   0:3:59
MD:         40% done...
MD: spent 0:2:15
MD: ETA   0:3:23
MD:         50% done...
MD: spent 0:2:48
MD: ETA   0:2:48
MD:         60% done...
MD: spent 0:3:20
MD: ETA   0:2:13
MD:         70% done...
MD: spent 0:3:52
MD: ETA   0:1:39
MD:         80% done...
MD: spent 0:4:23
MD: ETA   0:1:5
MD:         90% done...
MD: spent 0:4:55
MD: ETA   0:0:32
MD:        100% done...
MD: spent 0:5:27
MD: ETA   0:0:0
cp: 'md_peptide_1.omd' and '/home/jgarate/work/gromos/decaALA/md/md_peptide_1.omd' are the same file
cp: 'md_peptide_1.cnf' and '/home/jgarate/work/gromos/decaALA/md/md_peptide_1.cnf' are the same file
cp: 'md_peptide_1.trc.gz' and '/home/jgarate/work/gromos/decaALA/md/md_peptide_1.trc.gz' are the same file
cp: 'md_peptide_1.tre.gz' and '/home/jgarate/work/gromos/decaALA/md/md_peptide_1.tre.gz' are the same file
./md_peptide_1.run: line 58: Mail: command not found
./md_peptide_2.run: line 38: 108300 Terminated              ${PROGRAM} @topo ${TOPO} @conf ${INPUTCRD} @input ${IUNIT} @posresspec ${POSRESSPEC} @refpos ${REFPOS} @fin ${OUTPUTCRD} @trc ${OUTPUTTRX} @tre ${OUTPUTTRE} > ${OUNIT}
cp: 'md_peptide_2.omd' and '/home/jgarate/work/gromos/decaALA/md/md_peptide_2.omd' are the same file
cp: 'md_peptide_2.cnf' and '/home/jgarate/work/gromos/decaALA/md/md_peptide_2.cnf' are the same file
cp: 'md_peptide_2.trc.gz' and '/home/jgarate/work/gromos/decaALA/md/md_peptide_2.trc.gz' are the same file
cp: 'md_peptide_2.tre.gz' and '/home/jgarate/work/gromos/decaALA/md/md_peptide_2.tre.gz' are the same file
./md_peptide_2.run: line 58: Mail: command not found
MD:         10% done...
MD: spent 0:0:4
MD: ETA   0:0:39
MD:         20% done...
MD: spent 0:0:7
MD: ETA   0:0:31
MD:         30% done...
MD: spent 0:0:11
MD: ETA   0:0:25
MD:         40% done...
MD: spent 0:0:14
MD: ETA   0:0:21
MD:         50% done...
MD: spent 0:0:18
MD: ETA   0:0:18
MD:         60% done...
MD: spent 0:0:21
MD: ETA   0:0:14
MD:         70% done...
MD: spent 0:0:24
MD: ETA   0:0:10
MD:         80% done...
MD: spent 0:0:28
MD: ETA   0:0:7
MD:         90% done...
MD: spent 0:0:31
MD: ETA   0:0:3
MD:        100% done...
MD: spent 0:0:34
MD: ETA   0:0:0
cp: 'md_peptide_1.omd' and '/home/jgarate/work/gromos/decaALA/md/md_peptide_1.omd' are the same file
cp: 'md_peptide_1.cnf' and '/home/jgarate/work/gromos/decaALA/md/md_peptide_1.cnf' are the same file
cp: 'md_peptide_1.trc.gz' and '/home/jgarate/work/gromos/decaALA/md/md_peptide_1.trc.gz' are the same file
cp: 'md_peptide_1.tre.gz' and '/home/jgarate/work/gromos/decaALA/md/md_peptide_1.tre.gz' are the same file
./md_peptide_1.run: line 58: Mail: command not found
MD:         10% done...
MD: spent 0:0:4
MD: ETA   0:0:36
MD:         20% done...
MD: spent 0:0:7
MD: ETA   0:0:29
MD:         30% done...
MD: spent 0:0:10
MD: ETA   0:0:24
MD:         40% done...
MD: spent 0:0:13
MD: ETA   0:0:20
MD:         50% done...
MD: spent 0:0:17
MD: ETA   0:0:17
MD:         60% done...
MD: spent 0:0:20
MD: ETA   0:0:13
MD:         70% done...
MD: spent 0:0:23
MD: ETA   0:0:10
MD:         80% done...
MD: spent 0:0:26
MD: ETA   0:0:6
MD:         90% done...
MD: spent 0:0:30
MD: ETA   0:0:3
MD:        100% done...
MD: spent 0:0:33
MD: ETA   0:0:0
cp: 'md_peptide_2.omd' and '/home/jgarate/work/gromos/decaALA/md/md_peptide_2.omd' are the same file
cp: 'md_peptide_2.cnf' and '/home/jgarate/work/gromos/decaALA/md/md_peptide_2.cnf' are the same file
cp: 'md_peptide_2.trc.gz' and '/home/jgarate/work/gromos/decaALA/md/md_peptide_2.trc.gz' are the same file
cp: 'md_peptide_2.tre.gz' and '/home/jgarate/work/gromos/decaALA/md/md_peptide_2.tre.gz' are the same file
./md_peptide_2.run: line 58: Mail: command not found
MD:         10% done...
MD: spent 0:0:3
MD: ETA   0:0:35
MD:         20% done...
MD: spent 0:0:7
MD: ETA   0:0:29
MD:         30% done...
MD: spent 0:0:10
MD: ETA   0:0:24
MD:         40% done...
MD: spent 0:0:13
MD: ETA   0:0:20
MD:         50% done...
MD: spent 0:0:17
MD: ETA   0:0:17
MD:         60% done...
MD: spent 0:0:20
MD: ETA   0:0:13
MD:         70% done...
MD: spent 0:0:24
MD: ETA   0:0:10
MD:         80% done...
MD: spent 0:0:27
MD: ETA   0:0:6
MD:         90% done...
MD: spent 0:0:30
MD: ETA   0:0:3
MD:        100% done...
MD: spent 0:0:34
MD: ETA   0:0:0
cp: 'md_peptide_3.omd' and '/home/jgarate/work/gromos/decaALA/md/md_peptide_3.omd' are the same file
cp: 'md_peptide_3.cnf' and '/home/jgarate/work/gromos/decaALA/md/md_peptide_3.cnf' are the same file
cp: 'md_peptide_3.trc.gz' and '/home/jgarate/work/gromos/decaALA/md/md_peptide_3.trc.gz' are the same file
cp: 'md_peptide_3.tre.gz' and '/home/jgarate/work/gromos/decaALA/md/md_peptide_3.tre.gz' are the same file
./md_peptide_3.run: line 58: Mail: command not found
MD:         10% done...
MD: spent 0:0:3
MD: ETA   0:0:33
MD:         20% done...
MD: spent 0:0:6
MD: ETA   0:0:27
MD:         30% done...
MD: spent 0:0:10
MD: ETA   0:0:23
./md_peptide_4.run: line 38: 108458 Terminated              ${PROGRAM} @topo ${TOPO} @conf ${INPUTCRD} @input ${IUNIT} @posresspec ${POSRESSPEC} @refpos ${REFPOS} @fin ${OUTPUTCRD} @trc ${OUTPUTTRX} @tre ${OUTPUTTRE} > ${OUNIT}
cp: 'md_peptide_4.omd' and '/home/jgarate/work/gromos/decaALA/md/md_peptide_4.omd' are the same file
cp: 'md_peptide_4.cnf' and '/home/jgarate/work/gromos/decaALA/md/md_peptide_4.cnf' are the same file
cp: 'md_peptide_4.trc.gz' and '/home/jgarate/work/gromos/decaALA/md/md_peptide_4.trc.gz' are the same file
cp: 'md_peptide_4.tre.gz' and '/home/jgarate/work/gromos/decaALA/md/md_peptide_4.tre.gz' are the same file
./md_peptide_4.run: line 58: Mail: command not found
MD:         10% done...
MD: spent 0:0:33
MD: ETA   0:4:59
MD:         20% done...
MD: spent 0:1:5
MD: ETA   0:4:21
MD:         30% done...
MD: spent 0:1:37
MD: ETA   0:3:47
MD:         40% done...
MD: spent 0:2:9
MD: ETA   0:3:13
MD:         50% done...
MD: spent 0:2:41
MD: ETA   0:2:41
MD:         60% done...
MD: spent 0:3:12
MD: ETA   0:2:8
MD:         70% done...
MD: spent 0:3:44
MD: ETA   0:1:36
MD:         80% done...
MD: spent 0:4:16
MD: ETA   0:1:4
MD:         90% done...
MD: spent 0:4:49
MD: ETA   0:0:32
MD:        100% done...
MD: spent 0:5:21
MD: ETA   0:0:0
cp: 'md_peptide_1.omd' and '/home/jgarate/work/gromos/decaALA/md/md_peptide_1.omd' are the same file
cp: 'md_peptide_1.cnf' and '/home/jgarate/work/gromos/decaALA/md/md_peptide_1.cnf' are the same file
cp: 'md_peptide_1.trc.gz' and '/home/jgarate/work/gromos/decaALA/md/md_peptide_1.trc.gz' are the same file
cp: 'md_peptide_1.tre.gz' and '/home/jgarate/work/gromos/decaALA/md/md_peptide_1.tre.gz' are the same file
./md_peptide_1.run: line 58: Mail: command not found
MD:         10% done...
MD: spent 0:0:32
MD: ETA   0:4:55
MD:         20% done...
MD: spent 0:1:5
MD: ETA   0:4:20
MD:         30% done...
MD: spent 0:1:37
MD: ETA   0:3:47
MD:         40% done...
MD: spent 0:2:10
MD: ETA   0:3:15
MD:         50% done...
MD: spent 0:2:43
MD: ETA   0:2:43
MD:         60% done...
MD: spent 0:3:17
MD: ETA   0:2:11
MD:         70% done...
MD: spent 0:3:51
MD: ETA   0:1:39
MD:         80% done...
MD: spent 0:4:23
MD: ETA   0:1:5
MD:         90% done...
MD: spent 0:4:55
MD: ETA   0:0:32
MD:        100% done...
MD: spent 0:5:26
MD: ETA   0:0:0
cp: 'md_peptide_2.omd' and '/home/jgarate/work/gromos/decaALA/md/md_peptide_2.omd' are the same file
cp: 'md_peptide_2.cnf' and '/home/jgarate/work/gromos/decaALA/md/md_peptide_2.cnf' are the same file
cp: 'md_peptide_2.trc.gz' and '/home/jgarate/work/gromos/decaALA/md/md_peptide_2.trc.gz' are the same file
cp: 'md_peptide_2.tre.gz' and '/home/jgarate/work/gromos/decaALA/md/md_peptide_2.tre.gz' are the same file
./md_peptide_2.run: line 58: Mail: command not found
MD:         10% done...
MD: spent 0:0:32
MD: ETA   0:4:52
MD:         20% done...
MD: spent 0:1:4
MD: ETA   0:4:17
MD:         30% done...
MD: spent 0:1:36
MD: ETA   0:3:44
MD:         40% done...
MD: spent 0:2:7
MD: ETA   0:3:11
MD:         50% done...
MD: spent 0:2:38
MD: ETA   0:2:38
MD:         60% done...
MD: spent 0:3:10
MD: ETA   0:2:6
MD:         70% done...
MD: spent 0:3:41
MD: ETA   0:1:35
MD:         80% done...
MD: spent 0:4:15
MD: ETA   0:1:3
MD:         90% done...
MD: spent 0:4:47
MD: ETA   0:0:31
MD:        100% done...
MD: spent 0:5:19
MD: ETA   0:0:0
cp: 'md_peptide_3.omd' and '/home/jgarate/work/gromos/decaALA/md/md_peptide_3.omd' are the same file
cp: 'md_peptide_3.cnf' and '/home/jgarate/work/gromos/decaALA/md/md_peptide_3.cnf' are the same file
cp: 'md_peptide_3.trc.gz' and '/home/jgarate/work/gromos/decaALA/md/md_peptide_3.trc.gz' are the same file
cp: 'md_peptide_3.tre.gz' and '/home/jgarate/work/gromos/decaALA/md/md_peptide_3.tre.gz' are the same file
./md_peptide_3.run: line 58: Mail: command not found
MD:         10% done...
MD: spent 0:0:33
MD: ETA   0:5:5
MD:         20% done...
MD: spent 0:1:6
MD: ETA   0:4:25
MD:         30% done...
MD: spent 0:1:38
MD: ETA   0:3:49
MD:         40% done...
MD: spent 0:2:12
MD: ETA   0:3:18
MD:         50% done...
MD: spent 0:2:44
MD: ETA   0:2:44
MD:         60% done...
MD: spent 0:3:16
MD: ETA   0:2:11
MD:         70% done...
MD: spent 0:3:49
MD: ETA   0:1:38
MD:         80% done...
MD: spent 0:4:22
MD: ETA   0:1:5
MD:         90% done...
MD: spent 0:4:55
MD: ETA   0:0:32
MD:        100% done...
MD: spent 0:5:27
MD: ETA   0:0:0
cp: 'md_peptide_4.omd' and '/home/jgarate/work/gromos/decaALA/md/md_peptide_4.omd' are the same file
cp: 'md_peptide_4.cnf' and '/home/jgarate/work/gromos/decaALA/md/md_peptide_4.cnf' are the same file
cp: 'md_peptide_4.trc.gz' and '/home/jgarate/work/gromos/decaALA/md/md_peptide_4.trc.gz' are the same file
cp: 'md_peptide_4.tre.gz' and '/home/jgarate/work/gromos/decaALA/md/md_peptide_4.tre.gz' are the same file
./md_peptide_4.run: line 58: Mail: command not found
MD:         10% done...
MD: spent 0:0:34
MD: ETA   0:5:6
MD:         20% done...
MD: spent 0:1:6
MD: ETA   0:4:26
MD:         30% done...
MD: spent 0:1:39
MD: ETA   0:3:51
MD:         40% done...
MD: spent 0:2:11
MD: ETA   0:3:17
MD:         50% done...
MD: spent 0:2:44
MD: ETA   0:2:44
MD:         60% done...
MD: spent 0:3:16
MD: ETA   0:2:10
MD:         70% done...
MD: spent 0:3:47
MD: ETA   0:1:37
MD:         80% done...
MD: spent 0:4:19
MD: ETA   0:1:4
MD:         90% done...
MD: spent 0:4:51
MD: ETA   0:0:32
MD:        100% done...
MD: spent 0:5:24
MD: ETA   0:0:0
cp: 'md_peptide_5.omd' and '/home/jgarate/work/gromos/decaALA/md/md_peptide_5.omd' are the same file
cp: 'md_peptide_5.cnf' and '/home/jgarate/work/gromos/decaALA/md/md_peptide_5.cnf' are the same file
cp: 'md_peptide_5.trc.gz' and '/home/jgarate/work/gromos/decaALA/md/md_peptide_5.trc.gz' are the same file
cp: 'md_peptide_5.tre.gz' and '/home/jgarate/work/gromos/decaALA/md/md_peptide_5.tre.gz' are the same file
./md_peptide_5.run: line 58: Mail: command not found
./md_peptide_1.run: line 38: 123336 Terminated              ${PROGRAM} @topo ${TOPO} @conf ${INPUTCRD} @input ${IUNIT} @posresspec ${POSRESSPEC} @refpos ${REFPOS} @fin ${OUTPUTCRD} @trc ${OUTPUTTRX} @tre ${OUTPUTTRE} > ${OUNIT}
cp: ‘md_peptide_1.omd’ and ‘/home/jgarate/work/gromos/decaALA/md/md_peptide_1.omd’ are the same file
cp: ‘md_peptide_1.cnf’ and ‘/home/jgarate/work/gromos/decaALA/md/md_peptide_1.cnf’ are the same file
cp: ‘md_peptide_1.trc.gz’ and ‘/home/jgarate/work/gromos/decaALA/md/md_peptide_1.trc.gz’ are the same file
cp: ‘md_peptide_1.tre.gz’ and ‘/home/jgarate/work/gromos/decaALA/md/md_peptide_1.tre.gz’ are the same file
./md_peptide_1.run: line 58: Mail: command not found
MD:         10% done...
MD: spent 0:0:34
MD: ETA   0:5:13
MD:         20% done...
MD: spent 0:1:6
MD: ETA   0:4:27
MD:         30% done...
MD: spent 0:1:39
MD: ETA   0:3:52
MD:         40% done...
MD: spent 0:2:12
MD: ETA   0:3:18
MD:         50% done...
MD: spent 0:2:45
MD: ETA   0:2:45
MD:         60% done...
MD: spent 0:3:18
MD: ETA   0:2:12
MD:         70% done...
MD: spent 0:3:51
MD: ETA   0:1:39
MD:         80% done...
MD: spent 0:4:24
MD: ETA   0:1:6
MD:         90% done...
MD: spent 0:4:57
MD: ETA   0:0:33
MD:        100% done...
MD: spent 0:5:30
MD: ETA   0:0:0
gzip: md_peptide_1.trc.gz already exists;	not overwritten
gzip: md_peptide_1.tre.gz already exists;	not overwritten
cp: ‘md_peptide_1.omd’ and ‘/home/jgarate/work/gromos/decaALA/md/md_peptide_1.omd’ are the same file
cp: ‘md_peptide_1.cnf’ and ‘/home/jgarate/work/gromos/decaALA/md/md_peptide_1.cnf’ are the same file
cp: ‘md_peptide_1.trc.gz’ and ‘/home/jgarate/work/gromos/decaALA/md/md_peptide_1.trc.gz’ are the same file
cp: ‘md_peptide_1.tre.gz’ and ‘/home/jgarate/work/gromos/decaALA/md/md_peptide_1.tre.gz’ are the same file
./md_peptide_1.run: line 58: Mail: command not found
MD:         10% done...
MD: spent 0:0:34
MD: ETA   0:5:8
MD:         20% done...
MD: spent 0:1:8
MD: ETA   0:4:33
MD:         30% done...
MD: spent 0:1:41
MD: ETA   0:3:56
MD:         40% done...
MD: spent 0:2:13
MD: ETA   0:3:19
MD:         50% done...
MD: spent 0:2:44
MD: ETA   0:2:44
MD:         60% done...
MD: spent 0:3:17
MD: ETA   0:2:11
MD:         70% done...
MD: spent 0:3:50
MD: ETA   0:1:38
MD:         80% done...
MD: spent 0:4:22
MD: ETA   0:1:5
MD:         90% done...
MD: spent 0:4:53
MD: ETA   0:0:32
MD:        100% done...
MD: spent 0:5:26
MD: ETA   0:0:0
cp: ‘md_peptide_2.omd’ and ‘/home/jgarate/work/gromos/decaALA/md/md_peptide_2.omd’ are the same file
cp: ‘md_peptide_2.cnf’ and ‘/home/jgarate/work/gromos/decaALA/md/md_peptide_2.cnf’ are the same file
cp: ‘md_peptide_2.trc.gz’ and ‘/home/jgarate/work/gromos/decaALA/md/md_peptide_2.trc.gz’ are the same file
cp: ‘md_peptide_2.tre.gz’ and ‘/home/jgarate/work/gromos/decaALA/md/md_peptide_2.tre.gz’ are the same file
./md_peptide_2.run: line 58: Mail: command not found
MD:         10% done...
MD: spent 0:0:34
MD: ETA   0:5:6
MD:         20% done...
MD: spent 0:1:7
MD: ETA   0:4:28
MD:         30% done...
MD: spent 0:1:38
MD: ETA   0:3:50
MD:         40% done...
MD: spent 0:2:11
MD: ETA   0:3:17
MD:         50% done...
MD: spent 0:2:44
MD: ETA   0:2:44
MD:         60% done...
MD: spent 0:3:17
MD: ETA   0:2:11
MD:         70% done...
MD: spent 0:3:50
MD: ETA   0:1:38
MD:         80% done...
MD: spent 0:4:23
MD: ETA   0:1:5
MD:         90% done...
MD: spent 0:4:57
MD: ETA   0:0:33
MD:        100% done...
MD: spent 0:5:30
MD: ETA   0:0:0
cp: ‘md_peptide_3.omd’ and ‘/home/jgarate/work/gromos/decaALA/md/md_peptide_3.omd’ are the same file
cp: ‘md_peptide_3.cnf’ and ‘/home/jgarate/work/gromos/decaALA/md/md_peptide_3.cnf’ are the same file
cp: ‘md_peptide_3.trc.gz’ and ‘/home/jgarate/work/gromos/decaALA/md/md_peptide_3.trc.gz’ are the same file
cp: ‘md_peptide_3.tre.gz’ and ‘/home/jgarate/work/gromos/decaALA/md/md_peptide_3.tre.gz’ are the same file
./md_peptide_3.run: line 58: Mail: command not found
MD:         10% done...
MD: spent 0:0:34
MD: ETA   0:5:9
MD:         20% done...
MD: spent 0:1:8
MD: ETA   0:4:32
MD:         30% done...
MD: spent 0:1:41
MD: ETA   0:3:56
MD:         40% done...
MD: spent 0:2:14
MD: ETA   0:3:21
MD:         50% done...
MD: spent 0:2:47
MD: ETA   0:2:47
MD:         60% done...
MD: spent 0:3:20
MD: ETA   0:2:13
MD:         70% done...
MD: spent 0:3:53
MD: ETA   0:1:39
MD:         80% done...
MD: spent 0:4:26
MD: ETA   0:1:6
MD:         90% done...
MD: spent 0:4:58
MD: ETA   0:0:33
MD:        100% done...
MD: spent 0:5:31
MD: ETA   0:0:0
cp: ‘md_peptide_4.omd’ and ‘/home/jgarate/work/gromos/decaALA/md/md_peptide_4.omd’ are the same file
cp: ‘md_peptide_4.cnf’ and ‘/home/jgarate/work/gromos/decaALA/md/md_peptide_4.cnf’ are the same file
cp: ‘md_peptide_4.trc.gz’ and ‘/home/jgarate/work/gromos/decaALA/md/md_peptide_4.trc.gz’ are the same file
cp: ‘md_peptide_4.tre.gz’ and ‘/home/jgarate/work/gromos/decaALA/md/md_peptide_4.tre.gz’ are the same file
./md_peptide_4.run: line 58: Mail: command not found
MD:         10% done...
MD: spent 0:0:32
MD: ETA   0:4:56
MD:         20% done...
MD: spent 0:1:5
MD: ETA   0:4:22
MD:         30% done...
MD: spent 0:1:38
MD: ETA   0:3:49
MD:         40% done...
MD: spent 0:2:11
MD: ETA   0:3:16
MD:         50% done...
MD: spent 0:2:43
MD: ETA   0:2:43
MD:         60% done...
MD: spent 0:3:16
MD: ETA   0:2:10
MD:         70% done...
MD: spent 0:3:48
MD: ETA   0:1:37
MD:         80% done...
MD: spent 0:4:20
MD: ETA   0:1:5
MD:         90% done...
MD: spent 0:4:52
MD: ETA   0:0:32
MD:        100% done...
MD: spent 0:5:24
MD: ETA   0:0:0
cp: ‘md_peptide_5.omd’ and ‘/home/jgarate/work/gromos/decaALA/md/md_peptide_5.omd’ are the same file
cp: ‘md_peptide_5.cnf’ and ‘/home/jgarate/work/gromos/decaALA/md/md_peptide_5.cnf’ are the same file
cp: ‘md_peptide_5.trc.gz’ and ‘/home/jgarate/work/gromos/decaALA/md/md_peptide_5.trc.gz’ are the same file
cp: ‘md_peptide_5.tre.gz’ and ‘/home/jgarate/work/gromos/decaALA/md/md_peptide_5.tre.gz’ are the same file
./md_peptide_5.run: line 58: Mail: command not found
MD:         10% done...
MD: spent 0:0:4
MD: ETA   0:0:36
MD:         20% done...
MD: spent 0:0:7
MD: ETA   0:0:28
MD:         30% done...
MD: spent 0:0:10
MD: ETA   0:0:24
MD:         40% done...
MD: spent 0:0:13
MD: ETA   0:0:20
MD:         50% done...
MD: spent 0:0:16
MD: ETA   0:0:16
MD:         60% done...
MD: spent 0:0:19
MD: ETA   0:0:13
MD:         70% done...
MD: spent 0:0:22
MD: ETA   0:0:9
MD:         80% done...
MD: spent 0:0:26
MD: ETA   0:0:6
MD:         90% done...
MD: spent 0:0:29
MD: ETA   0:0:3
MD:        100% done...
MD: spent 0:0:32
MD: ETA   0:0:0
cp: ‘md_peptide_1.omd’ and ‘/home/jgarate/work/gromos/NPT.Lambda/10ALA/helix/md/md_peptide_1.omd’ are the same file
cp: ‘md_peptide_1.cnf’ and ‘/home/jgarate/work/gromos/NPT.Lambda/10ALA/helix/md/md_peptide_1.cnf’ are the same file
cp: ‘md_peptide_1.trc.gz’ and ‘/home/jgarate/work/gromos/NPT.Lambda/10ALA/helix/md/md_peptide_1.trc.gz’ are the same file
cp: ‘md_peptide_1.tre.gz’ and ‘/home/jgarate/work/gromos/NPT.Lambda/10ALA/helix/md/md_peptide_1.tre.gz’ are the same file
./md_peptide_1.run: line 58: Mail: command not found
MD:         10% done...
MD: spent 0:0:4
MD: ETA   0:0:36
MD:         20% done...
MD: spent 0:0:7
MD: ETA   0:0:29
MD:         30% done...
MD: spent 0:0:10
MD: ETA   0:0:24
MD:         40% done...
MD: spent 0:0:13
MD: ETA   0:0:20
MD:         50% done...
MD: spent 0:0:17
MD: ETA   0:0:17
MD:         60% done...
MD: spent 0:0:20
MD: ETA   0:0:13
MD:         70% done...
MD: spent 0:0:23
MD: ETA   0:0:10
MD:         80% done...
MD: spent 0:0:26
MD: ETA   0:0:6
MD:         90% done...
MD: spent 0:0:30
MD: ETA   0:0:3
MD:        100% done...
MD: spent 0:0:33
MD: ETA   0:0:0
cp: ‘md_peptide_2.omd’ and ‘/home/jgarate/work/gromos/NPT.Lambda/10ALA/helix/md/md_peptide_2.omd’ are the same file
cp: ‘md_peptide_2.cnf’ and ‘/home/jgarate/work/gromos/NPT.Lambda/10ALA/helix/md/md_peptide_2.cnf’ are the same file
cp: ‘md_peptide_2.trc.gz’ and ‘/home/jgarate/work/gromos/NPT.Lambda/10ALA/helix/md/md_peptide_2.trc.gz’ are the same file
cp: ‘md_peptide_2.tre.gz’ and ‘/home/jgarate/work/gromos/NPT.Lambda/10ALA/helix/md/md_peptide_2.tre.gz’ are the same file
./md_peptide_2.run: line 58: Mail: command not found
MD:         10% done...
MD: spent 0:0:3
MD: ETA   0:0:34
MD:         20% done...
MD: spent 0:0:7
MD: ETA   0:0:28
MD:         30% done...
MD: spent 0:0:10
MD: ETA   0:0:24
MD:         40% done...
MD: spent 0:0:13
MD: ETA   0:0:20
MD:         50% done...
MD: spent 0:0:16
MD: ETA   0:0:16
MD:         60% done...
MD: spent 0:0:20
MD: ETA   0:0:13
MD:         70% done...
MD: spent 0:0:23
MD: ETA   0:0:9
MD:         80% done...
MD: spent 0:0:26
MD: ETA   0:0:6
MD:         90% done...
MD: spent 0:0:29
MD: ETA   0:0:3
MD:        100% done...
MD: spent 0:0:32
MD: ETA   0:0:0
cp: ‘md_peptide_3.omd’ and ‘/home/jgarate/work/gromos/NPT.Lambda/10ALA/helix/md/md_peptide_3.omd’ are the same file
cp: ‘md_peptide_3.cnf’ and ‘/home/jgarate/work/gromos/NPT.Lambda/10ALA/helix/md/md_peptide_3.cnf’ are the same file
cp: ‘md_peptide_3.trc.gz’ and ‘/home/jgarate/work/gromos/NPT.Lambda/10ALA/helix/md/md_peptide_3.trc.gz’ are the same file
cp: ‘md_peptide_3.tre.gz’ and ‘/home/jgarate/work/gromos/NPT.Lambda/10ALA/helix/md/md_peptide_3.tre.gz’ are the same file
./md_peptide_3.run: line 58: Mail: command not found
MD:         10% done...
MD: spent 0:0:3
MD: ETA   0:0:34
MD:         20% done...
MD: spent 0:0:7
MD: ETA   0:0:28
MD:         30% done...
MD: spent 0:0:10
MD: ETA   0:0:24
MD:         40% done...
MD: spent 0:0:13
MD: ETA   0:0:20
MD:         50% done...
MD: spent 0:0:16
MD: ETA   0:0:16
MD:         60% done...
MD: spent 0:0:19
MD: ETA   0:0:13
MD:         70% done...
MD: spent 0:0:22
MD: ETA   0:0:9
MD:         80% done...
MD: spent 0:0:25
MD: ETA   0:0:6
MD:         90% done...
MD: spent 0:0:28
MD: ETA   0:0:3
MD:        100% done...
MD: spent 0:0:32
MD: ETA   0:0:0
cp: ‘md_peptide_4.omd’ and ‘/home/jgarate/work/gromos/NPT.Lambda/10ALA/helix/md/md_peptide_4.omd’ are the same file
cp: ‘md_peptide_4.cnf’ and ‘/home/jgarate/work/gromos/NPT.Lambda/10ALA/helix/md/md_peptide_4.cnf’ are the same file
cp: ‘md_peptide_4.trc.gz’ and ‘/home/jgarate/work/gromos/NPT.Lambda/10ALA/helix/md/md_peptide_4.trc.gz’ are the same file
cp: ‘md_peptide_4.tre.gz’ and ‘/home/jgarate/work/gromos/NPT.Lambda/10ALA/helix/md/md_peptide_4.tre.gz’ are the same file
./md_peptide_4.run: line 58: Mail: command not found
MD:         10% done...
MD: spent 0:0:3
MD: ETA   0:0:34
MD:         20% done...
MD: spent 0:0:7
MD: ETA   0:0:28
MD:         30% done...
MD: spent 0:0:10
MD: ETA   0:0:24
MD:         40% done...
MD: spent 0:0:13
MD: ETA   0:0:20
MD:         50% done...
MD: spent 0:0:16
MD: ETA   0:0:16
MD:         60% done...
MD: spent 0:0:19
MD: ETA   0:0:13
MD:         70% done...
MD: spent 0:0:23
MD: ETA   0:0:9
MD:         80% done...
MD: spent 0:0:26
MD: ETA   0:0:6
MD:         90% done...
MD: spent 0:0:29
MD: ETA   0:0:3
MD:        100% done...
MD: spent 0:0:32
MD: ETA   0:0:0
cp: ‘md_peptide_5.omd’ and ‘/home/jgarate/work/gromos/NPT.Lambda/10ALA/helix/md/md_peptide_5.omd’ are the same file
cp: ‘md_peptide_5.cnf’ and ‘/home/jgarate/work/gromos/NPT.Lambda/10ALA/helix/md/md_peptide_5.cnf’ are the same file
cp: ‘md_peptide_5.trc.gz’ and ‘/home/jgarate/work/gromos/NPT.Lambda/10ALA/helix/md/md_peptide_5.trc.gz’ are the same file
cp: ‘md_peptide_5.tre.gz’ and ‘/home/jgarate/work/gromos/NPT.Lambda/10ALA/helix/md/md_peptide_5.tre.gz’ are the same file
./md_peptide_5.run: line 58: Mail: command not found
MD:         10% done...
MD: spent 0:0:3
MD: ETA   0:0:34
MD:         20% done...
MD: spent 0:0:7
MD: ETA   0:0:28
MD:         30% done...
MD: spent 0:0:10
MD: ETA   0:0:24
MD:         40% done...
MD: spent 0:0:13
MD: ETA   0:0:20
MD:         50% done...
MD: spent 0:0:17
MD: ETA   0:0:17
MD:         60% done...
MD: spent 0:0:20
MD: ETA   0:0:13
MD:         70% done...
MD: spent 0:0:23
MD: ETA   0:0:10
MD:         80% done...
MD: spent 0:0:26
MD: ETA   0:0:6
MD:         90% done...
MD: spent 0:0:30
MD: ETA   0:0:3
MD:        100% done...
MD: spent 0:0:33
MD: ETA   0:0:0
cp: ‘md_peptide_6.omd’ and ‘/home/jgarate/work/gromos/NPT.Lambda/10ALA/helix/md/md_peptide_6.omd’ are the same file
cp: ‘md_peptide_6.cnf’ and ‘/home/jgarate/work/gromos/NPT.Lambda/10ALA/helix/md/md_peptide_6.cnf’ are the same file
cp: ‘md_peptide_6.trc.gz’ and ‘/home/jgarate/work/gromos/NPT.Lambda/10ALA/helix/md/md_peptide_6.trc.gz’ are the same file
cp: ‘md_peptide_6.tre.gz’ and ‘/home/jgarate/work/gromos/NPT.Lambda/10ALA/helix/md/md_peptide_6.tre.gz’ are the same file
./md_peptide_6.run: line 58: Mail: command not found
MD:         10% done...
MD: spent 0:0:3
MD: ETA   0:0:33
MD:         20% done...
MD: spent 0:0:7
MD: ETA   0:0:28
MD:         30% done...
MD: spent 0:0:10
MD: ETA   0:0:23
MD:         40% done...
MD: spent 0:0:13
MD: ETA   0:0:19
MD:         50% done...
MD: spent 0:0:16
MD: ETA   0:0:16
MD:         60% done...
MD: spent 0:0:19
MD: ETA   0:0:12
MD:         70% done...
MD: spent 0:0:22
MD: ETA   0:0:9
MD:         80% done...
MD: spent 0:0:25
MD: ETA   0:0:6
MD:         90% done...
MD: spent 0:0:28
MD: ETA   0:0:3
MD:        100% done...
MD: spent 0:0:31
MD: ETA   0:0:0
cp: ‘md_peptide_7.omd’ and ‘/home/jgarate/work/gromos/NPT.Lambda/10ALA/helix/md/md_peptide_7.omd’ are the same file
cp: ‘md_peptide_7.cnf’ and ‘/home/jgarate/work/gromos/NPT.Lambda/10ALA/helix/md/md_peptide_7.cnf’ are the same file
cp: ‘md_peptide_7.trc.gz’ and ‘/home/jgarate/work/gromos/NPT.Lambda/10ALA/helix/md/md_peptide_7.trc.gz’ are the same file
cp: ‘md_peptide_7.tre.gz’ and ‘/home/jgarate/work/gromos/NPT.Lambda/10ALA/helix/md/md_peptide_7.tre.gz’ are the same file
./md_peptide_7.run: line 58: Mail: command not found
MD:         10% done...
MD: spent 0:0:3
MD: ETA   0:0:33
MD:         20% done...
MD: spent 0:0:6
MD: ETA   0:0:27
MD:         30% done...
MD: spent 0:0:10
MD: ETA   0:0:23
MD:         40% done...
MD: spent 0:0:13
MD: ETA   0:0:19
MD:         50% done...
MD: spent 0:0:16
MD: ETA   0:0:16
MD:         60% done...
MD: spent 0:0:19
MD: ETA   0:0:13
MD:         70% done...
MD: spent 0:0:22
MD: ETA   0:0:9
MD:         80% done...
MD: spent 0:0:26
MD: ETA   0:0:6
MD:         90% done...
MD: spent 0:0:29
MD: ETA   0:0:3
MD:        100% done...
MD: spent 0:0:32
MD: ETA   0:0:0
cp: ‘md_peptide_8.omd’ and ‘/home/jgarate/work/gromos/NPT.Lambda/10ALA/helix/md/md_peptide_8.omd’ are the same file
cp: ‘md_peptide_8.cnf’ and ‘/home/jgarate/work/gromos/NPT.Lambda/10ALA/helix/md/md_peptide_8.cnf’ are the same file
cp: ‘md_peptide_8.trc.gz’ and ‘/home/jgarate/work/gromos/NPT.Lambda/10ALA/helix/md/md_peptide_8.trc.gz’ are the same file
cp: ‘md_peptide_8.tre.gz’ and ‘/home/jgarate/work/gromos/NPT.Lambda/10ALA/helix/md/md_peptide_8.tre.gz’ are the same file
./md_peptide_8.run: line 58: Mail: command not found
MD:         10% done...
MD: spent 0:0:3
MD: ETA   0:0:35
MD:         20% done...
MD: spent 0:0:7
MD: ETA   0:0:29
MD:         30% done...
MD: spent 0:0:10
MD: ETA   0:0:24
MD:         40% done...
MD: spent 0:0:13
MD: ETA   0:0:20
MD:         50% done...
MD: spent 0:0:16
MD: ETA   0:0:16
MD:         60% done...
MD: spent 0:0:20
MD: ETA   0:0:13
MD:         70% done...
MD: spent 0:0:23
MD: ETA   0:0:9
MD:         80% done...
MD: spent 0:0:26
MD: ETA   0:0:6
MD:         90% done...
MD: spent 0:0:29
MD: ETA   0:0:3
MD:        100% done...
MD: spent 0:0:32
MD: ETA   0:0:0
cp: ‘md_peptide_9.omd’ and ‘/home/jgarate/work/gromos/NPT.Lambda/10ALA/helix/md/md_peptide_9.omd’ are the same file
cp: ‘md_peptide_9.cnf’ and ‘/home/jgarate/work/gromos/NPT.Lambda/10ALA/helix/md/md_peptide_9.cnf’ are the same file
cp: ‘md_peptide_9.trc.gz’ and ‘/home/jgarate/work/gromos/NPT.Lambda/10ALA/helix/md/md_peptide_9.trc.gz’ are the same file
cp: ‘md_peptide_9.tre.gz’ and ‘/home/jgarate/work/gromos/NPT.Lambda/10ALA/helix/md/md_peptide_9.tre.gz’ are the same file
./md_peptide_9.run: line 58: Mail: command not found
MD:         10% done...
MD: spent 0:0:3
MD: ETA   0:0:33
MD:         20% done...
MD: spent 0:0:7
MD: ETA   0:0:28
MD:         30% done...
MD: spent 0:0:10
MD: ETA   0:0:24
MD:         40% done...
MD: spent 0:0:13
MD: ETA   0:0:20
MD:         50% done...
MD: spent 0:0:16
MD: ETA   0:0:16
MD:         60% done...
MD: spent 0:0:20
MD: ETA   0:0:13
MD:         70% done...
MD: spent 0:0:23
MD: ETA   0:0:10
MD:         80% done...
MD: spent 0:0:26
MD: ETA   0:0:6
MD:         90% done...
MD: spent 0:0:29
MD: ETA   0:0:3
MD:        100% done...
MD: spent 0:0:32
MD: ETA   0:0:0
cp: ‘md_peptide_10.omd’ and ‘/home/jgarate/work/gromos/NPT.Lambda/10ALA/helix/md/md_peptide_10.omd’ are the same file
cp: ‘md_peptide_10.cnf’ and ‘/home/jgarate/work/gromos/NPT.Lambda/10ALA/helix/md/md_peptide_10.cnf’ are the same file
cp: ‘md_peptide_10.trc.gz’ and ‘/home/jgarate/work/gromos/NPT.Lambda/10ALA/helix/md/md_peptide_10.trc.gz’ are the same file
cp: ‘md_peptide_10.tre.gz’ and ‘/home/jgarate/work/gromos/NPT.Lambda/10ALA/helix/md/md_peptide_10.tre.gz’ are the same file
./md_peptide_10.run: line 58: Mail: command not found
