MD:         10% done...
MD: spent 0:0:49
MD: ETA   0:7:25
MD:         20% done...
MD: spent 0:1:37
MD: ETA   0:6:28
MD:         30% done...
MD: spent 0:2:24
MD: ETA   0:5:36
MD:         40% done...
MD: spent 0:3:11
MD: ETA   0:4:46
MD:         50% done...
MD: spent 0:3:57
MD: ETA   0:3:57
MD:         60% done...
MD: spent 0:4:44
MD: ETA   0:3:9
MD:         70% done...
MD: spent 0:5:31
MD: ETA   0:2:22
MD:         80% done...
MD: spent 0:6:19
MD: ETA   0:1:34
MD:         90% done...
MD: spent 0:7:6
MD: ETA   0:0:47
MD:        100% done...
MD: spent 0:7:53
MD: ETA   0:0:0
cp: ‘eq_peptide_1.omd’ and ‘/home/imunoz/NPT.Lambda/09ALA/extended/eq/eq_peptide_1.omd’ are the same file
cp: ‘eq_peptide_1.cnf’ and ‘/home/imunoz/NPT.Lambda/09ALA/extended/eq/eq_peptide_1.cnf’ are the same file
cp: ‘eq_peptide_1.trc.gz’ and ‘/home/imunoz/NPT.Lambda/09ALA/extended/eq/eq_peptide_1.trc.gz’ are the same file
cp: ‘eq_peptide_1.tre.gz’ and ‘/home/imunoz/NPT.Lambda/09ALA/extended/eq/eq_peptide_1.tre.gz’ are the same file
./eq_peptide_1.run: line 58: Mail: command not found
MD:         10% done...
MD: spent 0:0:50
MD: ETA   0:7:37
MD:         20% done...
MD: spent 0:1:36
MD: ETA   0:6:25
MD:         30% done...
MD: spent 0:2:22
MD: ETA   0:5:31
MD:         40% done...
MD: spent 0:3:7
MD: ETA   0:4:41
MD:         50% done...
MD: spent 0:3:53
MD: ETA   0:3:53
MD:         60% done...
MD: spent 0:4:39
MD: ETA   0:3:6
MD:         70% done...
MD: spent 0:5:25
MD: ETA   0:2:19
MD:         80% done...
MD: spent 0:6:11
MD: ETA   0:1:32
MD:         90% done...
MD: spent 0:6:57
MD: ETA   0:0:46
MD:        100% done...
MD: spent 0:7:43
MD: ETA   0:0:0
cp: ‘eq_peptide_2.omd’ and ‘/home/imunoz/NPT.Lambda/09ALA/extended/eq/eq_peptide_2.omd’ are the same file
cp: ‘eq_peptide_2.cnf’ and ‘/home/imunoz/NPT.Lambda/09ALA/extended/eq/eq_peptide_2.cnf’ are the same file
cp: ‘eq_peptide_2.trc.gz’ and ‘/home/imunoz/NPT.Lambda/09ALA/extended/eq/eq_peptide_2.trc.gz’ are the same file
cp: ‘eq_peptide_2.tre.gz’ and ‘/home/imunoz/NPT.Lambda/09ALA/extended/eq/eq_peptide_2.tre.gz’ are the same file
./eq_peptide_2.run: line 58: Mail: command not found
MD:         10% done...
MD: spent 0:0:47
MD: ETA   0:7:9
MD:         20% done...
MD: spent 0:1:33
MD: ETA   0:6:13
MD:         30% done...
MD: spent 0:2:18
MD: ETA   0:5:24
MD:         40% done...
MD: spent 0:3:4
MD: ETA   0:4:36
MD:         50% done...
MD: spent 0:3:50
MD: ETA   0:3:50
MD:         60% done...
MD: spent 0:4:35
MD: ETA   0:3:3
MD:         70% done...
MD: spent 0:5:21
MD: ETA   0:2:17
MD:         80% done...
MD: spent 0:6:6
MD: ETA   0:1:31
MD:         90% done...
MD: spent 0:6:52
MD: ETA   0:0:45
MD:        100% done...
MD: spent 0:7:38
MD: ETA   0:0:0
cp: ‘eq_peptide_3.omd’ and ‘/home/imunoz/NPT.Lambda/09ALA/extended/eq/eq_peptide_3.omd’ are the same file
cp: ‘eq_peptide_3.cnf’ and ‘/home/imunoz/NPT.Lambda/09ALA/extended/eq/eq_peptide_3.cnf’ are the same file
cp: ‘eq_peptide_3.trc.gz’ and ‘/home/imunoz/NPT.Lambda/09ALA/extended/eq/eq_peptide_3.trc.gz’ are the same file
cp: ‘eq_peptide_3.tre.gz’ and ‘/home/imunoz/NPT.Lambda/09ALA/extended/eq/eq_peptide_3.tre.gz’ are the same file
./eq_peptide_3.run: line 58: Mail: command not found
MD:         10% done...
MD: spent 0:0:47
MD: ETA   0:7:5
MD:         20% done...
MD: spent 0:1:32
MD: ETA   0:6:11
MD:         30% done...
MD: spent 0:2:18
MD: ETA   0:5:23
MD:         40% done...
MD: spent 0:3:4
MD: ETA   0:4:36
MD:         50% done...
MD: spent 0:3:49
MD: ETA   0:3:49
MD:         60% done...
MD: spent 0:4:36
MD: ETA   0:3:4
MD:         70% done...
MD: spent 0:5:22
MD: ETA   0:2:18
MD:         80% done...
MD: spent 0:6:8
MD: ETA   0:1:32
MD:         90% done...
MD: spent 0:6:54
MD: ETA   0:0:46
MD:        100% done...
MD: spent 0:7:40
MD: ETA   0:0:0
cp: ‘eq_peptide_4.omd’ and ‘/home/imunoz/NPT.Lambda/09ALA/extended/eq/eq_peptide_4.omd’ are the same file
cp: ‘eq_peptide_4.cnf’ and ‘/home/imunoz/NPT.Lambda/09ALA/extended/eq/eq_peptide_4.cnf’ are the same file
cp: ‘eq_peptide_4.trc.gz’ and ‘/home/imunoz/NPT.Lambda/09ALA/extended/eq/eq_peptide_4.trc.gz’ are the same file
cp: ‘eq_peptide_4.tre.gz’ and ‘/home/imunoz/NPT.Lambda/09ALA/extended/eq/eq_peptide_4.tre.gz’ are the same file
./eq_peptide_4.run: line 58: Mail: command not found
MD:         10% done...
MD: spent 0:0:51
MD: ETA   0:7:40
MD:         20% done...
MD: spent 0:1:39
MD: ETA   0:6:39
MD:         30% done...
MD: spent 0:2:28
MD: ETA   0:5:46
MD:         40% done...
MD: spent 0:3:14
MD: ETA   0:4:52
MD:         50% done...
MD: spent 0:4:3
MD: ETA   0:4:3
MD:         60% done...
MD: spent 0:4:50
MD: ETA   0:3:13
MD:         70% done...
MD: spent 0:5:38
MD: ETA   0:2:24
MD:         80% done...
MD: spent 0:6:25
MD: ETA   0:1:36
MD:         90% done...
MD: spent 0:7:13
MD: ETA   0:0:48
MD:        100% done...
MD: spent 0:8:1
MD: ETA   0:0:0
cp: ‘eq_peptide_5.omd’ and ‘/home/imunoz/NPT.Lambda/09ALA/extended/eq/eq_peptide_5.omd’ are the same file
cp: ‘eq_peptide_5.cnf’ and ‘/home/imunoz/NPT.Lambda/09ALA/extended/eq/eq_peptide_5.cnf’ are the same file
cp: ‘eq_peptide_5.trc.gz’ and ‘/home/imunoz/NPT.Lambda/09ALA/extended/eq/eq_peptide_5.trc.gz’ are the same file
cp: ‘eq_peptide_5.tre.gz’ and ‘/home/imunoz/NPT.Lambda/09ALA/extended/eq/eq_peptide_5.tre.gz’ are the same file
./eq_peptide_5.run: line 58: Mail: command not found
