MD:         10% done...
MD: spent 0:0:47
MD: ETA   0:7:9
MD:         20% done...
MD: spent 0:1:32
MD: ETA   0:6:10
MD:         30% done...
MD: spent 0:2:16
MD: ETA   0:5:19
MD:         40% done...
MD: spent 0:3:2
MD: ETA   0:4:33
MD:         50% done...
MD: spent 0:3:46
MD: ETA   0:3:46
MD:         60% done...
MD: spent 0:4:30
MD: ETA   0:3:0
MD:         70% done...
MD: spent 0:5:14
MD: ETA   0:2:14
MD:         80% done...
MD: spent 0:5:59
MD: ETA   0:1:29
MD:         90% done...
MD: spent 0:6:42
MD: ETA   0:0:44
MD:        100% done...
MD: spent 0:7:27
MD: ETA   0:0:0
cp: ‘eq_peptide_1.omd’ and ‘/home/imunoz/NPT.Lambda/09ALA/extended/eq/eq_peptide_1.omd’ are the same file
cp: ‘eq_peptide_1.cnf’ and ‘/home/imunoz/NPT.Lambda/09ALA/extended/eq/eq_peptide_1.cnf’ are the same file
cp: ‘eq_peptide_1.trc.gz’ and ‘/home/imunoz/NPT.Lambda/09ALA/extended/eq/eq_peptide_1.trc.gz’ are the same file
cp: ‘eq_peptide_1.tre.gz’ and ‘/home/imunoz/NPT.Lambda/09ALA/extended/eq/eq_peptide_1.tre.gz’ are the same file
./eq_peptide_1.run: line 58: Mail: command not found
MD:         10% done...
MD: spent 0:0:51
MD: ETA   0:7:41
MD:         20% done...
MD: spent 0:1:35
MD: ETA   0:6:22
MD:         30% done...
MD: spent 0:2:21
MD: ETA   0:5:29
MD:         40% done...
MD: spent 0:3:6
MD: ETA   0:4:39
MD:         50% done...
MD: spent 0:3:52
MD: ETA   0:3:52
MD:         60% done...
MD: spent 0:4:37
MD: ETA   0:3:4
MD:         70% done...
MD: spent 0:5:21
MD: ETA   0:2:17
MD:         80% done...
MD: spent 0:6:6
MD: ETA   0:1:31
MD:         90% done...
MD: spent 0:6:50
MD: ETA   0:0:45
MD:        100% done...
MD: spent 0:7:35
MD: ETA   0:0:0
cp: ‘eq_peptide_2.omd’ and ‘/home/imunoz/NPT.Lambda/09ALA/extended/eq/eq_peptide_2.omd’ are the same file
cp: ‘eq_peptide_2.cnf’ and ‘/home/imunoz/NPT.Lambda/09ALA/extended/eq/eq_peptide_2.cnf’ are the same file
cp: ‘eq_peptide_2.trc.gz’ and ‘/home/imunoz/NPT.Lambda/09ALA/extended/eq/eq_peptide_2.trc.gz’ are the same file
cp: ‘eq_peptide_2.tre.gz’ and ‘/home/imunoz/NPT.Lambda/09ALA/extended/eq/eq_peptide_2.tre.gz’ are the same file
./eq_peptide_2.run: line 58: Mail: command not found
MD:         10% done...
MD: spent 0:0:47
MD: ETA   0:7:7
MD:         20% done...
MD: spent 0:1:35
MD: ETA   0:6:22
MD:         30% done...
MD: spent 0:2:22
MD: ETA   0:5:31
MD:         40% done...
MD: spent 0:3:8
MD: ETA   0:4:42
MD:         50% done...
MD: spent 0:3:50
MD: ETA   0:3:50
MD:         60% done...
MD: spent 0:4:32
MD: ETA   0:3:1
MD:         70% done...
MD: spent 0:5:15
MD: ETA   0:2:15
MD:         80% done...
MD: spent 0:5:57
MD: ETA   0:1:29
MD:         90% done...
MD: spent 0:6:39
MD: ETA   0:0:44
MD:        100% done...
MD: spent 0:7:21
MD: ETA   0:0:0
cp: ‘eq_peptide_3.omd’ and ‘/home/imunoz/NPT.Lambda/09ALA/extended/eq/eq_peptide_3.omd’ are the same file
cp: ‘eq_peptide_3.cnf’ and ‘/home/imunoz/NPT.Lambda/09ALA/extended/eq/eq_peptide_3.cnf’ are the same file
cp: ‘eq_peptide_3.trc.gz’ and ‘/home/imunoz/NPT.Lambda/09ALA/extended/eq/eq_peptide_3.trc.gz’ are the same file
cp: ‘eq_peptide_3.tre.gz’ and ‘/home/imunoz/NPT.Lambda/09ALA/extended/eq/eq_peptide_3.tre.gz’ are the same file
./eq_peptide_3.run: line 58: Mail: command not found
MD:         10% done...
MD: spent 0:0:49
MD: ETA   0:7:23
MD:         20% done...
MD: spent 0:1:34
MD: ETA   0:6:18
MD:         30% done...
MD: spent 0:2:18
MD: ETA   0:5:22
MD:         40% done...
MD: spent 0:3:3
MD: ETA   0:4:34
MD:         50% done...
MD: spent 0:3:45
MD: ETA   0:3:45
MD:         60% done...
MD: spent 0:4:29
MD: ETA   0:2:59
MD:         70% done...
MD: spent 0:5:14
MD: ETA   0:2:14
MD:         80% done...
MD: spent 0:5:57
MD: ETA   0:1:29
MD:         90% done...
MD: spent 0:6:40
MD: ETA   0:0:44
MD:        100% done...
MD: spent 0:7:25
MD: ETA   0:0:0
cp: ‘eq_peptide_4.omd’ and ‘/home/imunoz/NPT.Lambda/09ALA/extended/eq/eq_peptide_4.omd’ are the same file
cp: ‘eq_peptide_4.cnf’ and ‘/home/imunoz/NPT.Lambda/09ALA/extended/eq/eq_peptide_4.cnf’ are the same file
cp: ‘eq_peptide_4.trc.gz’ and ‘/home/imunoz/NPT.Lambda/09ALA/extended/eq/eq_peptide_4.trc.gz’ are the same file
cp: ‘eq_peptide_4.tre.gz’ and ‘/home/imunoz/NPT.Lambda/09ALA/extended/eq/eq_peptide_4.tre.gz’ are the same file
./eq_peptide_4.run: line 58: Mail: command not found
MD:         10% done...
MD: spent 0:0:44
MD: ETA   0:6:38
MD:         20% done...
MD: spent 0:1:28
MD: ETA   0:5:55
MD:         30% done...
MD: spent 0:2:10
MD: ETA   0:5:5
MD:         40% done...
MD: spent 0:2:53
MD: ETA   0:4:20
MD:         50% done...
MD: spent 0:3:35
MD: ETA   0:3:35
MD:         60% done...
MD: spent 0:4:16
MD: ETA   0:2:50
MD:         70% done...
MD: spent 0:4:57
MD: ETA   0:2:7
MD:         80% done...
MD: spent 0:5:39
MD: ETA   0:1:24
MD:         90% done...
MD: spent 0:6:20
MD: ETA   0:0:42
MD:        100% done...
MD: spent 0:7:3
MD: ETA   0:0:0
cp: ‘eq_peptide_5.omd’ and ‘/home/imunoz/NPT.Lambda/09ALA/extended/eq/eq_peptide_5.omd’ are the same file
cp: ‘eq_peptide_5.cnf’ and ‘/home/imunoz/NPT.Lambda/09ALA/extended/eq/eq_peptide_5.cnf’ are the same file
cp: ‘eq_peptide_5.trc.gz’ and ‘/home/imunoz/NPT.Lambda/09ALA/extended/eq/eq_peptide_5.trc.gz’ are the same file
cp: ‘eq_peptide_5.tre.gz’ and ‘/home/imunoz/NPT.Lambda/09ALA/extended/eq/eq_peptide_5.tre.gz’ are the same file
./eq_peptide_5.run: line 58: Mail: command not found
