MD:         10% done...
MD: spent 0:0:11
MD: ETA   0:1:44
MD:         20% done...
MD: spent 0:0:22
MD: ETA   0:1:29
MD:         30% done...
MD: spent 0:0:33
MD: ETA   0:1:17
MD:         40% done...
MD: spent 0:0:43
MD: ETA   0:1:5
MD:         50% done...
MD: spent 0:0:54
MD: ETA   0:0:54
MD:         60% done...
MD: spent 0:1:5
MD: ETA   0:0:43
MD:         70% done...
MD: spent 0:1:16
MD: ETA   0:0:32
MD:         80% done...
MD: spent 0:1:26
MD: ETA   0:0:21
MD:         90% done...
MD: spent 0:1:36
MD: ETA   0:0:10
MD:        100% done...
MD: spent 0:1:46
MD: ETA   0:0:0
cp: ‘md_peptide_1.omd’ and ‘/home/imunoz/NPT.Lambda/06ALA/extended/md/md_peptide_1.omd’ are the same file
cp: ‘md_peptide_1.cnf’ and ‘/home/imunoz/NPT.Lambda/06ALA/extended/md/md_peptide_1.cnf’ are the same file
cp: ‘md_peptide_1.trc.gz’ and ‘/home/imunoz/NPT.Lambda/06ALA/extended/md/md_peptide_1.trc.gz’ are the same file
cp: ‘md_peptide_1.tre.gz’ and ‘/home/imunoz/NPT.Lambda/06ALA/extended/md/md_peptide_1.tre.gz’ are the same file
./md_peptide_1.run: line 58: Mail: command not found
MD:         10% done...
MD: spent 0:0:11
MD: ETA   0:1:41
MD:         20% done...
MD: spent 0:0:22
MD: ETA   0:1:28
MD:         30% done...
MD: spent 0:0:32
MD: ETA   0:1:15
MD:         40% done...
MD: spent 0:0:43
MD: ETA   0:1:4
MD:         50% done...
MD: spent 0:0:53
MD: ETA   0:0:53
MD:         60% done...
MD: spent 0:1:4
MD: ETA   0:0:42
MD:         70% done...
MD: spent 0:1:14
MD: ETA   0:0:31
MD:         80% done...
MD: spent 0:1:24
MD: ETA   0:0:21
MD:         90% done...
MD: spent 0:1:34
MD: ETA   0:0:10
MD:        100% done...
MD: spent 0:1:45
MD: ETA   0:0:0
cp: ‘md_peptide_2.omd’ and ‘/home/imunoz/NPT.Lambda/06ALA/extended/md/md_peptide_2.omd’ are the same file
cp: ‘md_peptide_2.cnf’ and ‘/home/imunoz/NPT.Lambda/06ALA/extended/md/md_peptide_2.cnf’ are the same file
cp: ‘md_peptide_2.trc.gz’ and ‘/home/imunoz/NPT.Lambda/06ALA/extended/md/md_peptide_2.trc.gz’ are the same file
cp: ‘md_peptide_2.tre.gz’ and ‘/home/imunoz/NPT.Lambda/06ALA/extended/md/md_peptide_2.tre.gz’ are the same file
./md_peptide_2.run: line 58: Mail: command not found
MD:         10% done...
MD: spent 0:0:10
MD: ETA   0:1:38
MD:         20% done...
MD: spent 0:0:21
MD: ETA   0:1:25
MD:         30% done...
MD: spent 0:0:31
MD: ETA   0:1:14
MD:         40% done...
MD: spent 0:0:42
MD: ETA   0:1:3
MD:         50% done...
MD: spent 0:0:52
MD: ETA   0:0:52
MD:         60% done...
MD: spent 0:1:2
MD: ETA   0:0:41
MD:         70% done...
MD: spent 0:1:12
MD: ETA   0:0:31
MD:         80% done...
MD: spent 0:1:23
MD: ETA   0:0:20
MD:         90% done...
MD: spent 0:1:33
MD: ETA   0:0:10
MD:        100% done...
MD: spent 0:1:43
MD: ETA   0:0:0
cp: ‘md_peptide_3.omd’ and ‘/home/imunoz/NPT.Lambda/06ALA/extended/md/md_peptide_3.omd’ are the same file
cp: ‘md_peptide_3.cnf’ and ‘/home/imunoz/NPT.Lambda/06ALA/extended/md/md_peptide_3.cnf’ are the same file
cp: ‘md_peptide_3.trc.gz’ and ‘/home/imunoz/NPT.Lambda/06ALA/extended/md/md_peptide_3.trc.gz’ are the same file
cp: ‘md_peptide_3.tre.gz’ and ‘/home/imunoz/NPT.Lambda/06ALA/extended/md/md_peptide_3.tre.gz’ are the same file
./md_peptide_3.run: line 58: Mail: command not found
MD:         10% done...
MD: spent 0:0:10
MD: ETA   0:1:38
MD:         20% done...
MD: spent 0:0:21
MD: ETA   0:1:25
MD:         30% done...
MD: spent 0:0:31
MD: ETA   0:1:14
MD:         40% done...
MD: spent 0:0:42
MD: ETA   0:1:3
MD:         50% done...
MD: spent 0:0:52
MD: ETA   0:0:52
MD:         60% done...
MD: spent 0:1:2
MD: ETA   0:0:41
MD:         70% done...
MD: spent 0:1:12
MD: ETA   0:0:31
MD:         80% done...
MD: spent 0:1:23
MD: ETA   0:0:20
MD:         90% done...
MD: spent 0:1:33
MD: ETA   0:0:10
MD:        100% done...
MD: spent 0:1:43
MD: ETA   0:0:0
cp: ‘md_peptide_4.omd’ and ‘/home/imunoz/NPT.Lambda/06ALA/extended/md/md_peptide_4.omd’ are the same file
cp: ‘md_peptide_4.cnf’ and ‘/home/imunoz/NPT.Lambda/06ALA/extended/md/md_peptide_4.cnf’ are the same file
cp: ‘md_peptide_4.trc.gz’ and ‘/home/imunoz/NPT.Lambda/06ALA/extended/md/md_peptide_4.trc.gz’ are the same file
cp: ‘md_peptide_4.tre.gz’ and ‘/home/imunoz/NPT.Lambda/06ALA/extended/md/md_peptide_4.tre.gz’ are the same file
./md_peptide_4.run: line 58: Mail: command not found
MD:         10% done...
MD: spent 0:0:11
MD: ETA   0:1:39
MD:         20% done...
MD: spent 0:0:21
MD: ETA   0:1:24
MD:         30% done...
MD: spent 0:0:31
MD: ETA   0:1:12
MD:         40% done...
MD: spent 0:0:41
MD: ETA   0:1:1
MD:         50% done...
MD: spent 0:0:51
MD: ETA   0:0:51
MD:         60% done...
MD: spent 0:1:1
MD: ETA   0:0:40
MD:         70% done...
MD: spent 0:1:11
MD: ETA   0:0:30
MD:         80% done...
MD: spent 0:1:21
MD: ETA   0:0:20
MD:         90% done...
MD: spent 0:1:31
MD: ETA   0:0:10
MD:        100% done...
MD: spent 0:1:41
MD: ETA   0:0:0
cp: ‘md_peptide_5.omd’ and ‘/home/imunoz/NPT.Lambda/06ALA/extended/md/md_peptide_5.omd’ are the same file
cp: ‘md_peptide_5.cnf’ and ‘/home/imunoz/NPT.Lambda/06ALA/extended/md/md_peptide_5.cnf’ are the same file
cp: ‘md_peptide_5.trc.gz’ and ‘/home/imunoz/NPT.Lambda/06ALA/extended/md/md_peptide_5.trc.gz’ are the same file
cp: ‘md_peptide_5.tre.gz’ and ‘/home/imunoz/NPT.Lambda/06ALA/extended/md/md_peptide_5.tre.gz’ are the same file
./md_peptide_5.run: line 58: Mail: command not found
MD:         10% done...
MD: spent 0:0:11
MD: ETA   0:1:45
MD:         20% done...
MD: spent 0:0:22
MD: ETA   0:1:29
MD:         30% done...
MD: spent 0:0:32
MD: ETA   0:1:16
MD:         40% done...
MD: spent 0:0:43
MD: ETA   0:1:4
MD:         50% done...
MD: spent 0:0:53
MD: ETA   0:0:53
MD:         60% done...
MD: spent 0:1:3
MD: ETA   0:0:42
MD:         70% done...
MD: spent 0:1:14
MD: ETA   0:0:31
MD:         80% done...
MD: spent 0:1:24
MD: ETA   0:0:21
MD:         90% done...
MD: spent 0:1:34
MD: ETA   0:0:10
MD:        100% done...
MD: spent 0:1:44
MD: ETA   0:0:0
cp: ‘md_peptide_6.omd’ and ‘/home/imunoz/NPT.Lambda/06ALA/extended/md/md_peptide_6.omd’ are the same file
cp: ‘md_peptide_6.cnf’ and ‘/home/imunoz/NPT.Lambda/06ALA/extended/md/md_peptide_6.cnf’ are the same file
cp: ‘md_peptide_6.trc.gz’ and ‘/home/imunoz/NPT.Lambda/06ALA/extended/md/md_peptide_6.trc.gz’ are the same file
cp: ‘md_peptide_6.tre.gz’ and ‘/home/imunoz/NPT.Lambda/06ALA/extended/md/md_peptide_6.tre.gz’ are the same file
./md_peptide_6.run: line 58: Mail: command not found
MD:         10% done...
MD: spent 0:0:11
MD: ETA   0:1:46
MD:         20% done...
MD: spent 0:0:23
MD: ETA   0:1:32
MD:         30% done...
MD: spent 0:0:34
MD: ETA   0:1:20
MD:         40% done...
MD: spent 0:0:44
MD: ETA   0:1:7
MD:         50% done...
MD: spent 0:0:55
MD: ETA   0:0:55
MD:         60% done...
MD: spent 0:1:6
MD: ETA   0:0:44
MD:         70% done...
MD: spent 0:1:17
MD: ETA   0:0:33
MD:         80% done...
MD: spent 0:1:28
MD: ETA   0:0:22
MD:         90% done...
MD: spent 0:1:39
MD: ETA   0:0:11
MD:        100% done...
MD: spent 0:1:49
MD: ETA   0:0:0
cp: ‘md_peptide_7.omd’ and ‘/home/imunoz/NPT.Lambda/06ALA/extended/md/md_peptide_7.omd’ are the same file
cp: ‘md_peptide_7.cnf’ and ‘/home/imunoz/NPT.Lambda/06ALA/extended/md/md_peptide_7.cnf’ are the same file
cp: ‘md_peptide_7.trc.gz’ and ‘/home/imunoz/NPT.Lambda/06ALA/extended/md/md_peptide_7.trc.gz’ are the same file
cp: ‘md_peptide_7.tre.gz’ and ‘/home/imunoz/NPT.Lambda/06ALA/extended/md/md_peptide_7.tre.gz’ are the same file
./md_peptide_7.run: line 58: Mail: command not found
MD:         10% done...
MD: spent 0:0:11
MD: ETA   0:1:42
MD:         20% done...
MD: spent 0:0:21
MD: ETA   0:1:25
MD:         30% done...
MD: spent 0:0:31
MD: ETA   0:1:14
MD:         40% done...
MD: spent 0:0:42
MD: ETA   0:1:3
MD:         50% done...
MD: spent 0:0:52
MD: ETA   0:0:52
MD:         60% done...
MD: spent 0:1:3
MD: ETA   0:0:42
MD:         70% done...
MD: spent 0:1:13
MD: ETA   0:0:31
MD:         80% done...
MD: spent 0:1:25
MD: ETA   0:0:21
MD:         90% done...
MD: spent 0:1:35
MD: ETA   0:0:10
MD:        100% done...
MD: spent 0:1:46
MD: ETA   0:0:0
cp: ‘md_peptide_8.omd’ and ‘/home/imunoz/NPT.Lambda/06ALA/extended/md/md_peptide_8.omd’ are the same file
cp: ‘md_peptide_8.cnf’ and ‘/home/imunoz/NPT.Lambda/06ALA/extended/md/md_peptide_8.cnf’ are the same file
cp: ‘md_peptide_8.trc.gz’ and ‘/home/imunoz/NPT.Lambda/06ALA/extended/md/md_peptide_8.trc.gz’ are the same file
cp: ‘md_peptide_8.tre.gz’ and ‘/home/imunoz/NPT.Lambda/06ALA/extended/md/md_peptide_8.tre.gz’ are the same file
./md_peptide_8.run: line 58: Mail: command not found
MD:         10% done...
MD: spent 0:0:11
MD: ETA   0:1:44
MD:         20% done...
MD: spent 0:0:22
MD: ETA   0:1:31
MD:         30% done...
MD: spent 0:0:34
MD: ETA   0:1:21
MD:         40% done...
MD: spent 0:0:45
MD: ETA   0:1:8
MD:         50% done...
MD: spent 0:0:57
MD: ETA   0:0:57
MD:         60% done...
MD: spent 0:1:9
MD: ETA   0:0:46
MD:         70% done...
MD: spent 0:1:20
MD: ETA   0:0:34
MD:         80% done...
MD: spent 0:1:31
MD: ETA   0:0:22
MD:         90% done...
MD: spent 0:1:42
MD: ETA   0:0:11
MD:        100% done...
MD: spent 0:1:53
MD: ETA   0:0:0
cp: ‘md_peptide_9.omd’ and ‘/home/imunoz/NPT.Lambda/06ALA/extended/md/md_peptide_9.omd’ are the same file
cp: ‘md_peptide_9.cnf’ and ‘/home/imunoz/NPT.Lambda/06ALA/extended/md/md_peptide_9.cnf’ are the same file
cp: ‘md_peptide_9.trc.gz’ and ‘/home/imunoz/NPT.Lambda/06ALA/extended/md/md_peptide_9.trc.gz’ are the same file
cp: ‘md_peptide_9.tre.gz’ and ‘/home/imunoz/NPT.Lambda/06ALA/extended/md/md_peptide_9.tre.gz’ are the same file
./md_peptide_9.run: line 58: Mail: command not found
MD:         10% done...
MD: spent 0:0:11
MD: ETA   0:1:43
MD:         20% done...
MD: spent 0:0:22
MD: ETA   0:1:30
MD:         30% done...
MD: spent 0:0:33
MD: ETA   0:1:17
MD:         40% done...
MD: spent 0:0:43
MD: ETA   0:1:5
MD:         50% done...
MD: spent 0:0:54
MD: ETA   0:0:54
MD:         60% done...
MD: spent 0:1:5
MD: ETA   0:0:43
MD:         70% done...
MD: spent 0:1:16
MD: ETA   0:0:32
MD:         80% done...
MD: spent 0:1:26
MD: ETA   0:0:21
MD:         90% done...
MD: spent 0:1:37
MD: ETA   0:0:10
MD:        100% done...
MD: spent 0:1:47
MD: ETA   0:0:0
cp: ‘md_peptide_10.omd’ and ‘/home/imunoz/NPT.Lambda/06ALA/extended/md/md_peptide_10.omd’ are the same file
cp: ‘md_peptide_10.cnf’ and ‘/home/imunoz/NPT.Lambda/06ALA/extended/md/md_peptide_10.cnf’ are the same file
cp: ‘md_peptide_10.trc.gz’ and ‘/home/imunoz/NPT.Lambda/06ALA/extended/md/md_peptide_10.trc.gz’ are the same file
cp: ‘md_peptide_10.tre.gz’ and ‘/home/imunoz/NPT.Lambda/06ALA/extended/md/md_peptide_10.tre.gz’ are the same file
./md_peptide_10.run: line 58: Mail: command not found
