###### GATHER WARNING ######
# NO Gathering method specified ! 
# Thus : if the system is requested to be gathered, 
# the gathering will be done according to the 1st atom of the previous molecule
#                      selected      heavy sasa
# time                    atoms           atoms
   10.000000000     8.069531894     8.069531894
   10.500000000     8.070066813     8.070066813
   11.000000000     8.070523986     8.070523986
   11.500000000     8.068958255     8.068958255
   12.000000000     8.068207918     8.068207918
   12.500000000     8.068729964     8.068729964
   13.000000000     8.069082150     8.069082150
   13.500000000     8.069184603     8.069184603
   14.000000000     8.071018820     8.071018820
   14.500000000     8.070338304     8.070338304
   15.000000000     8.071261441     8.071261441
   15.500000000     8.070200771     8.070200771
   16.000000000     8.067443010     8.067443010
   16.500000000     8.071300512     8.071300512
   17.000000000     8.067668630     8.067668630
   17.500000000     8.070114985     8.070114985
   18.000000000     8.068187217     8.068187217
   18.500000000     8.069559878     8.069559878
   19.000000000     8.074196348     8.074196348
   19.500000000     8.068147711     8.068147711
   20.000000000     8.070879312     8.070879312
   20.500000000     8.069812665     8.069812665
   21.000000000     8.068987779     8.068987779
   21.500000000     8.069648501     8.069648501
   22.000000000     8.068804767     8.068804767
   22.500000000     8.071156910     8.071156910
   23.000000000     8.070413794     8.070413794
   23.500000000     8.068871729     8.068871729
   24.000000000     8.070815136     8.070815136
   24.500000000     8.069459011     8.069459011
   25.000000000     8.069248490     8.069248490
   25.500000000     8.070139451     8.070139451
   26.000000000     8.069527793     8.069527793
   26.500000000     8.071492609     8.071492609
   27.000000000     8.070139747     8.070139747
   27.500000000     8.069609266     8.069609266
   28.000000000     8.068743874     8.068743874
   28.500000000     8.068189081     8.068189081
   29.000000000     8.071759539     8.071759539
   29.500000000     8.070225888     8.070225888
   30.000000000     8.071010735     8.071010735
   30.500000000     8.069807175     8.069807175
   31.000000000     8.069168118     8.069168118
   31.500000000     8.069027968     8.069027968
   32.000000000     8.069988144     8.069988144
   32.500000000     8.070566157     8.070566157
   33.000000000     8.069562230     8.069562230
   33.500000000     8.067838061     8.067838061
   34.000000000     8.069768113     8.069768113
   34.500000000     8.070910700     8.070910700
   35.000000000     8.069888946     8.069888946
   35.500000000     8.069683499     8.069683499
   36.000000000     8.068185017     8.068185017
   36.500000000     8.069349050     8.069349050
   37.000000000     8.069015946     8.069015946
   37.500000000     8.068897527     8.068897527
   38.000000000     8.070916471     8.070916471
   38.500000000     8.070393142     8.070393142
   39.000000000     8.069177570     8.069177570
   39.500000000     8.070998316     8.070998316
   40.000000000     8.070632519     8.070632519
   40.500000000     8.069197354     8.069197354
   41.000000000     8.070339198     8.070339198
   41.500000000     8.068991074     8.068991074
   42.000000000     8.069161442     8.069161442
   42.500000000     8.069342584     8.069342584
   43.000000000     8.068843746     8.068843746
   43.500000000     8.070707506     8.070707506
   44.000000000     8.069523488     8.069523488
   44.500000000     8.068334951     8.068334951
   45.000000000     8.067296514     8.067296514
   45.500000000     8.070284769     8.070284769
   46.000000000     8.069248517     8.069248517
   46.500000000     8.069381236     8.069381236
   47.000000000     8.069556249     8.069556249
   47.500000000     8.070400930     8.070400930
   48.000000000     8.068806442     8.068806442
   48.500000000     8.071053742     8.071053742
   49.000000000     8.071094607     8.071094607
   49.500000000     8.069124979     8.069124979
   50.000000000     8.070516510     8.070516510
   50.500000000     8.069868861     8.069868861
   51.000000000     8.068540970     8.068540970
   51.500000000     8.071186883     8.071186883
   52.000000000     8.069536335     8.069536335
   52.500000000     8.067990040     8.067990040
   53.000000000     8.067953202     8.067953202
   53.500000000     8.068666197     8.068666197
   54.000000000     8.073228458     8.073228458
   54.500000000     8.067996228     8.067996228
   55.000000000     8.067925245     8.067925245
   55.500000000     8.070156479     8.070156479
   56.000000000     8.069386221     8.069386221
   56.500000000     8.070343767     8.070343767
   57.000000000     8.067902651     8.067902651
   57.500000000     8.068763684     8.068763684
   58.000000000     8.072555312     8.072555312
   58.500000000     8.069810278     8.069810278
   59.000000000     8.068364913     8.068364913
   59.500000000     8.070037689     8.070037689
   60.000000000     8.069758261     8.069758261
   60.500000000     8.071730352     8.071730352
   61.000000000     8.068745183     8.068745183
   61.500000000     8.069501442     8.069501442
   62.000000000     8.069985195     8.069985195
   62.500000000     8.069327186     8.069327186
   63.000000000     8.072390164     8.072390164
   63.500000000     8.070374095     8.070374095
   64.000000000     8.069141763     8.069141763
   64.500000000     8.069380409     8.069380409
   65.000000000     8.068572946     8.068572946
   65.500000000     8.071065950     8.071065950
   66.000000000     8.068428054     8.068428054
   66.500000000     8.070570729     8.070570729
   67.000000000     8.069896863     8.069896863
   67.500000000     8.067962539     8.067962539
   68.000000000     8.068721389     8.068721389
   68.500000000     8.070434548     8.070434548
   69.000000000     8.069162371     8.069162371
   69.500000000     8.070496730     8.070496730
   70.000000000     8.067663606     8.067663606
   70.500000000     8.070517817     8.070517817
   71.000000000     8.068848375     8.068848375
   71.500000000     8.068502212     8.068502212
   72.000000000     8.070731536     8.070731536
   72.500000000     8.070053169     8.070053169
   73.000000000     8.069478179     8.069478179
   73.500000000     8.071216874     8.071216874
   74.000000000     8.068077573     8.068077573
   74.500000000     8.069303136     8.069303136
   75.000000000     8.069898821     8.069898821
   75.500000000     8.068008481     8.068008481
   76.000000000     8.073616637     8.073616637
   76.500000000     8.065151654     8.065151654
   77.000000000     8.070915150     8.070915150
   77.500000000     8.068391036     8.068391036
   78.000000000     8.070521545     8.070521545
   78.500000000     8.071005666     8.071005666
   79.000000000     8.067971276     8.067971276
   79.500000000     8.069558325     8.069558325
   80.000000000     8.068833072     8.068833072
   80.500000000     8.070838746     8.070838746
   81.000000000     8.070362070     8.070362070
   81.500000000     8.067996746     8.067996746
   82.000000000     8.072067652     8.072067652
   82.500000000     8.069617792     8.069617792
   83.000000000     8.069825279     8.069825279
   83.500000000     8.069378157     8.069378157
   84.000000000     8.068261981     8.068261981
   84.500000000     8.071718529     8.071718529
   85.000000000     8.069318981     8.069318981
   85.500000000     8.067741200     8.067741200
   86.000000000     8.072197644     8.072197644
   86.500000000     8.068844646     8.068844646
   87.000000000     8.070129929     8.070129929
   87.500000000     8.071017713     8.071017713
   88.000000000     8.067315428     8.067315428
   88.500000000     8.069586108     8.069586108
   89.000000000     8.068960696     8.068960696
   89.500000000     8.069994956     8.069994956
   90.000000000     8.070514363     8.070514363
   90.500000000     8.067917969     8.067917969
   91.000000000     8.069009233     8.069009233
   91.500000000     8.068824691     8.068824691
   92.000000000     8.069949808     8.069949808
   92.500000000     8.068865698     8.068865698
   93.000000000     8.068852640     8.068852640
   93.500000000     8.072446476     8.072446476
   94.000000000     8.069496578     8.069496578
   94.500000000     8.069357917     8.069357917
   95.000000000     8.072938813     8.072938813
   95.500000000     8.068626423     8.068626423
   96.000000000     8.071164376     8.071164376
   96.500000000     8.070748353     8.070748353
   97.000000000     8.068158513     8.068158513
   97.500000000     8.072373351     8.072373351
   98.000000000     8.069003328     8.069003328
   98.500000000     8.070225838     8.070225838
   99.000000000     8.070632753     8.070632753
   99.500000000     8.066477426     8.066477426
#
# ave.             8.0696806796    8.0696806796
#
# average contribution per selected heavy atom
#
#   atom   residue name            SASA      % selected    % sasa atoms
#    1:2    1  ALA    N         0.41534         5.14687         5.14687 
#    1:4    1  ALA   CA         0.55016         6.81761         6.81761 
#    1:5    1  ALA   CB         0.57728         7.15369         7.15369 
#    1:6    1  ALA    C         0.00000         0.00000         0.00000 
#    1:7    1  ALA    O         0.24890         3.08445         3.08445 
#    1:8    2  ALA    N         0.00000         0.00000         0.00000 
#   1:10    2  ALA   CA         0.32621         4.04237         4.04237 
#   1:11    2  ALA   CB         0.55134         6.83223         6.83223 
#   1:12    2  ALA    C         0.00000         0.00000         0.00000 
#   1:13    2  ALA    O         0.23936         2.96618         2.96618 
#   1:14    3  ALA    N         0.00000         0.00000         0.00000 
#   1:16    3  ALA   CA         0.32311         4.00404         4.00404 
#   1:17    3  ALA   CB         0.55130         6.83168         6.83168 
#   1:18    3  ALA    C         0.00000         0.00000         0.00000 
#   1:19    3  ALA    O         0.23970         2.97037         2.97037 
#   1:20    4  ALA    N         0.00000         0.00000         0.00000 
#   1:22    4  ALA   CA         0.32752         4.05863         4.05863 
#   1:23    4  ALA   CB         0.55079         6.82541         6.82541 
#   1:24    4  ALA    C         0.00000         0.00000         0.00000 
#   1:25    4  ALA    O         0.23717         2.93906         2.93906 
#   1:26    5  ALA    N         0.00000         0.00000         0.00000 
#   1:28    5  ALA   CA         0.31678         3.92556         3.92556 
#   1:29    5  ALA   CB         0.55279         6.85019         6.85019 
#   1:30    5  ALA    C         0.00000         0.00000         0.00000 
#   1:31    5  ALA    O         0.23921         2.96426         2.96426 
#   1:32    6  ALA    N         0.00000         0.00000         0.00000 
#   1:34    6  ALA   CA         0.43223         5.35624         5.35624 
#   1:35    6  ALA   CB         0.56636         7.01843         7.01843 
#   1:36    6  ALA    C         0.06905         0.85562         0.85562 
#   1:37    6  ALA   O1         0.39063         4.84071         4.84071 
#   1:38    6  ALA   O2         0.36446         4.51641         4.51641 
#
# total                         8.06968       100.00000       100.00000 
