###### GATHER WARNING ######
# NO Gathering method specified ! 
# Thus : if the system is requested to be gathered, 
# the gathering will be done according to the 1st atom of the previous molecule
#                      selected      heavy sasa
# time                    atoms           atoms
   10.000000000    11.415384092    11.415384092
   10.500000000    11.414476273    11.414476273
   11.000000000    11.414623209    11.414623209
   11.500000000    11.414588181    11.414588181
   12.000000000    11.411726468    11.411726468
   12.500000000    11.413973056    11.413973056
   13.000000000    11.410853467    11.410853467
   13.500000000    11.414933741    11.414933741
   14.000000000    11.410224019    11.410224019
   14.500000000    11.415940106    11.415940106
   15.000000000    11.413956898    11.413956898
   15.500000000    11.414753591    11.414753591
   16.000000000    11.414985778    11.414985778
   16.500000000    11.415561187    11.415561187
   17.000000000    11.415691635    11.415691635
   17.500000000    11.416380108    11.416380108
   18.000000000    11.415524330    11.415524330
   18.500000000    11.417225465    11.417225465
   19.000000000    11.415901045    11.415901045
   19.500000000    11.416392636    11.416392636
   20.000000000    11.415521473    11.415521473
   20.500000000    11.415987238    11.415987238
   21.000000000    11.416189451    11.416189451
   21.500000000    11.415599928    11.415599928
   22.000000000    11.414679025    11.414679025
   22.500000000    11.415117315    11.415117315
   23.000000000    11.416948375    11.416948375
   23.500000000    11.416075907    11.416075907
   24.000000000    11.415495449    11.415495449
   24.500000000    11.414133238    11.414133238
   25.000000000    11.415310402    11.415310402
   25.500000000    11.413668092    11.413668092
   26.000000000    11.413667802    11.413667802
   26.500000000    11.412893370    11.412893370
   27.000000000    11.415633432    11.415633432
   27.500000000    11.415134267    11.415134267
   28.000000000    11.413220079    11.413220079
   28.500000000    11.416294159    11.416294159
   29.000000000    11.414978206    11.414978206
   29.500000000    11.415133223    11.415133223
   30.000000000    11.414627266    11.414627266
   30.500000000    11.416388018    11.416388018
   31.000000000    11.414775012    11.414775012
   31.500000000    11.416302112    11.416302112
   32.000000000    11.415240341    11.415240341
   32.500000000    11.416544122    11.416544122
   33.000000000    11.416504650    11.416504650
   33.500000000    11.415432589    11.415432589
   34.000000000    11.416384732    11.416384732
   34.500000000    11.415413236    11.415413236
   35.000000000    11.414784832    11.414784832
   35.500000000    11.414692375    11.414692375
   36.000000000    11.414618369    11.414618369
   36.500000000    11.413415013    11.413415013
   37.000000000    11.414319967    11.414319967
   37.500000000    11.411662094    11.411662094
   38.000000000    11.414410282    11.414410282
   38.500000000    11.412031668    11.412031668
   39.000000000    11.414425376    11.414425376
   39.500000000    11.412932673    11.412932673
   40.000000000    11.414632013    11.414632013
   40.500000000    11.415479069    11.415479069
   41.000000000    11.413590593    11.413590593
   41.500000000    11.413660976    11.413660976
   42.000000000    11.412834826    11.412834826
   42.500000000    11.414229695    11.414229695
   43.000000000    11.412879551    11.412879551
   43.500000000    11.417214219    11.417214219
   44.000000000    11.413556175    11.413556175
   44.500000000    11.416264661    11.416264661
   45.000000000    11.414255301    11.414255301
   45.500000000    11.412829412    11.412829412
   46.000000000    11.415518701    11.415518701
   46.500000000    11.413775506    11.413775506
   47.000000000    11.413439821    11.413439821
   47.500000000    11.411371947    11.411371947
   48.000000000    11.412362920    11.412362920
   48.500000000    11.411781193    11.411781193
   49.000000000    11.412211621    11.412211621
   49.500000000    11.414009792    11.414009792
   50.000000000    11.413399919    11.413399919
   50.500000000    11.413804620    11.413804620
   51.000000000    11.412871460    11.412871460
   51.500000000    11.414966107    11.414966107
   52.000000000    11.413707091    11.413707091
   52.500000000    11.414193993    11.414193993
   53.000000000    11.407359547    11.407359547
   53.500000000    11.407962554    11.407962554
   54.000000000    11.406806625    11.406806625
   54.500000000    11.409495771    11.409495771
   55.000000000    11.410335630    11.410335630
   55.500000000    11.408117729    11.408117729
   56.000000000    11.411039516    11.411039516
   56.500000000    11.408316342    11.408316342
   57.000000000    11.408470531    11.408470531
   57.500000000    11.410361912    11.410361912
   58.000000000    11.408888795    11.408888795
   58.500000000    11.407707505    11.407707505
   59.000000000    11.409065120    11.409065120
   59.500000000    11.409865486    11.409865486
   60.000000000    11.410660896    11.410660896
   60.500000000    11.411167729    11.411167729
   61.000000000    11.408917682    11.408917682
   61.500000000    11.409138660    11.409138660
   62.000000000    11.406476561    11.406476561
   62.500000000    11.411399217    11.411399217
   63.000000000    11.409931111    11.409931111
   63.500000000    11.409997493    11.409997493
   64.000000000    11.405937518    11.405937518
   64.500000000    11.412436830    11.412436830
   65.000000000    11.408474104    11.408474104
   65.500000000    11.407876553    11.407876553
   66.000000000    11.411753934    11.411753934
   66.500000000    11.410350541    11.410350541
   67.000000000    11.408066043    11.408066043
   67.500000000    11.411232688    11.411232688
   68.000000000    11.407485891    11.407485891
   68.500000000    11.408925767    11.408925767
   69.000000000    11.408801974    11.408801974
   69.500000000    11.412389984    11.412389984
   70.000000000    11.410356023    11.410356023
   70.500000000    11.409797528    11.409797528
   71.000000000    11.408874011    11.408874011
   71.500000000    11.415049846    11.415049846
   72.000000000    11.410188177    11.410188177
   72.500000000    11.413155897    11.413155897
   73.000000000    11.411767143    11.411767143
   73.500000000    11.411426086    11.411426086
   74.000000000    11.411056722    11.411056722
   74.500000000    11.413623652    11.413623652
   75.000000000    11.410899051    11.410899051
   75.500000000    11.412529272    11.412529272
   76.000000000    11.415060499    11.415060499
   76.500000000    11.413533869    11.413533869
   77.000000000    11.412026509    11.412026509
   77.500000000    11.411888999    11.411888999
   78.000000000    11.412607447    11.412607447
   78.500000000    11.412393386    11.412393386
   79.000000000    11.406082273    11.406082273
   79.500000000    11.411831444    11.411831444
   80.000000000    11.411680106    11.411680106
   80.500000000    11.411888229    11.411888229
   81.000000000    11.412591381    11.412591381
   81.500000000    11.412821883    11.412821883
   82.000000000    11.413089850    11.413089850
   82.500000000    11.414217231    11.414217231
   83.000000000    11.413191396    11.413191396
   83.500000000    11.414338693    11.414338693
   84.000000000    11.414442256    11.414442256
   84.500000000    11.413760039    11.413760039
   85.000000000    11.414960050    11.414960050
   85.500000000    11.415000977    11.415000977
   86.000000000    11.415955639    11.415955639
   86.500000000    11.414399265    11.414399265
   87.000000000    11.412645268    11.412645268
   87.500000000    11.414076150    11.414076150
   88.000000000    11.415384597    11.415384597
   88.500000000    11.414918438    11.414918438
   89.000000000    11.414675800    11.414675800
   89.500000000    11.414905956    11.414905956
   90.000000000    11.416027634    11.416027634
   90.500000000    11.415453324    11.415453324
   91.000000000    11.416045991    11.416045991
   91.500000000    11.415149457    11.415149457
   92.000000000    11.416616365    11.416616365
   92.500000000    11.415488454    11.415488454
   93.000000000    11.414278222    11.414278222
   93.500000000    11.415204578    11.415204578
   94.000000000    11.413143260    11.413143260
   94.500000000    11.416043641    11.416043641
   95.000000000    11.415145637    11.415145637
   95.500000000    11.415269438    11.415269438
   96.000000000    11.416000898    11.416000898
   96.500000000    11.415577678    11.415577678
   97.000000000    11.414313354    11.414313354
   97.500000000    11.414858520    11.414858520
   98.000000000    11.414632479    11.414632479
   98.500000000    11.416751621    11.416751621
   99.000000000    11.415756815    11.415756815
   99.500000000    11.415608069    11.415608069
#
# ave.            11.4132455130   11.4132455130
#
# average contribution per selected heavy atom
#
#   atom   residue name            SASA      % selected    % sasa atoms
#    1:2    1  ALA    N         0.41777         3.66039         3.66039 
#    1:4    1  ALA   CA         0.54682         4.79110         4.79110 
#    1:5    1  ALA   CB         0.57772         5.06181         5.06181 
#    1:6    1  ALA    C         0.00000         0.00000         0.00000 
#    1:7    1  ALA    O         0.24887         2.18050         2.18050 
#    1:8    2  ALA    N         0.00000         0.00000         0.00000 
#   1:10    2  ALA   CA         0.32524         2.84966         2.84966 
#   1:11    2  ALA   CB         0.55042         4.82267         4.82267 
#   1:12    2  ALA    C         0.00000         0.00000         0.00000 
#   1:13    2  ALA    O         0.23818         2.08684         2.08684 
#   1:14    3  ALA    N         0.00000         0.00000         0.00000 
#   1:16    3  ALA   CA         0.32404         2.83915         2.83915 
#   1:17    3  ALA   CB         0.55173         4.83410         4.83410 
#   1:18    3  ALA    C         0.00000         0.00000         0.00000 
#   1:19    3  ALA    O         0.23992         2.10216         2.10216 
#   1:20    4  ALA    N         0.00000         0.00000         0.00000 
#   1:22    4  ALA   CA         0.32593         2.85575         2.85575 
#   1:23    4  ALA   CB         0.55026         4.82121         4.82121 
#   1:24    4  ALA    C         0.00000         0.00000         0.00000 
#   1:25    4  ALA    O         0.23923         2.09611         2.09611 
#   1:26    5  ALA    N         0.00000         0.00000         0.00000 
#   1:28    5  ALA   CA         0.32411         2.83974         2.83974 
#   1:29    5  ALA   CB         0.55213         4.83764         4.83764 
#   1:30    5  ALA    C         0.00000         0.00000         0.00000 
#   1:31    5  ALA    O         0.23985         2.10147         2.10147 
#   1:32    6  ALA    N         0.00000         0.00000         0.00000 
#   1:34    6  ALA   CA         0.32379         2.83695         2.83695 
#   1:35    6  ALA   CB         0.55121         4.82959         4.82959 
#   1:36    6  ALA    C         0.00000         0.00000         0.00000 
#   1:37    6  ALA    O         0.23931         2.09682         2.09682 
#   1:38    7  ALA    N         0.00000         0.00000         0.00000 
#   1:40    7  ALA   CA         0.32464         2.84445         2.84445 
#   1:41    7  ALA   CB         0.55220         4.83820         4.83820 
#   1:42    7  ALA    C         0.00000         0.00000         0.00000 
#   1:43    7  ALA    O         0.23889         2.09308         2.09308 
#   1:44    8  ALA    N         0.00000         0.00000         0.00000 
#   1:46    8  ALA   CA         0.31723         2.77951         2.77951 
#   1:47    8  ALA   CB         0.55253         4.84115         4.84115 
#   1:48    8  ALA    C         0.00000         0.00000         0.00000 
#   1:49    8  ALA    O         0.23907         2.09465         2.09465 
#   1:50    9  ALA    N         0.00000         0.00000         0.00000 
#   1:52    9  ALA   CA         0.43222         3.78704         3.78704 
#   1:53    9  ALA   CB         0.56700         4.96788         4.96788 
#   1:54    9  ALA    C         0.06922         0.60651         0.60651 
#   1:55    9  ALA   O1         0.38934         3.41130         3.41130 
#   1:56    9  ALA   O2         0.36437         3.19253         3.19253 
#
# total                        11.41325       100.00000       100.00000 
