MD:         10% done...
MD: spent 0:1:4
MD: ETA   0:9:38
MD:         20% done...
MD: spent 0:2:4
MD: ETA   0:8:18
MD:         30% done...
MD: spent 0:3:6
MD: ETA   0:7:14
MD:         40% done...
MD: spent 0:4:9
MD: ETA   0:6:13
MD:         50% done...
MD: spent 0:5:11
MD: ETA   0:5:11
MD:         60% done...
MD: spent 0:6:13
MD: ETA   0:4:8
MD:         70% done...
MD: spent 0:7:13
MD: ETA   0:3:5
MD:         80% done...
MD: spent 0:8:13
MD: ETA   0:2:3
MD:         90% done...
MD: spent 0:9:13
MD: ETA   0:1:1
MD:        100% done...
MD: spent 0:10:13
MD: ETA   0:0:0
cp: ‘eq_peptide_1.omd’ and ‘/home/imunoz/NPT.Lambda/10ALA/extended/eq/eq_peptide_1.omd’ are the same file
cp: ‘eq_peptide_1.cnf’ and ‘/home/imunoz/NPT.Lambda/10ALA/extended/eq/eq_peptide_1.cnf’ are the same file
cp: ‘eq_peptide_1.trc.gz’ and ‘/home/imunoz/NPT.Lambda/10ALA/extended/eq/eq_peptide_1.trc.gz’ are the same file
cp: ‘eq_peptide_1.tre.gz’ and ‘/home/imunoz/NPT.Lambda/10ALA/extended/eq/eq_peptide_1.tre.gz’ are the same file
./eq_peptide_1.run: line 58: Mail: command not found
MD:         10% done...
MD: spent 0:1:0
MD: ETA   0:9:4
MD:         20% done...
MD: spent 0:1:59
MD: ETA   0:7:57
MD:         30% done...
MD: spent 0:2:58
MD: ETA   0:6:55
MD:         40% done...
MD: spent 0:3:56
MD: ETA   0:5:55
MD:         50% done...
MD: spent 0:4:55
MD: ETA   0:4:55
MD:         60% done...
MD: spent 0:5:55
MD: ETA   0:3:56
MD:         70% done...
MD: spent 0:6:55
MD: ETA   0:2:58
MD:         80% done...
MD: spent 0:7:55
MD: ETA   0:1:58
MD:         90% done...
MD: spent 0:8:55
MD: ETA   0:0:59
MD:        100% done...
MD: spent 0:9:54
MD: ETA   0:0:0
cp: ‘eq_peptide_2.omd’ and ‘/home/imunoz/NPT.Lambda/10ALA/extended/eq/eq_peptide_2.omd’ are the same file
cp: ‘eq_peptide_2.cnf’ and ‘/home/imunoz/NPT.Lambda/10ALA/extended/eq/eq_peptide_2.cnf’ are the same file
cp: ‘eq_peptide_2.trc.gz’ and ‘/home/imunoz/NPT.Lambda/10ALA/extended/eq/eq_peptide_2.trc.gz’ are the same file
cp: ‘eq_peptide_2.tre.gz’ and ‘/home/imunoz/NPT.Lambda/10ALA/extended/eq/eq_peptide_2.tre.gz’ are the same file
./eq_peptide_2.run: line 58: Mail: command not found
MD:         10% done...
MD: spent 0:1:7
MD: ETA   0:10:6
MD:         20% done...
MD: spent 0:2:9
MD: ETA   0:8:36
MD:         30% done...
MD: spent 0:3:9
MD: ETA   0:7:21
MD:         40% done...
MD: spent 0:4:10
MD: ETA   0:6:15
MD:         50% done...
MD: spent 0:5:11
MD: ETA   0:5:11
MD:         60% done...
MD: spent 0:6:12
MD: ETA   0:4:8
MD:         70% done...
MD: spent 0:7:13
MD: ETA   0:3:5
MD:         80% done...
MD: spent 0:8:15
MD: ETA   0:2:3
MD:         90% done...
MD: spent 0:9:16
MD: ETA   0:1:1
MD:        100% done...
MD: spent 0:10:17
MD: ETA   0:0:0
cp: ‘eq_peptide_3.omd’ and ‘/home/imunoz/NPT.Lambda/10ALA/extended/eq/eq_peptide_3.omd’ are the same file
cp: ‘eq_peptide_3.cnf’ and ‘/home/imunoz/NPT.Lambda/10ALA/extended/eq/eq_peptide_3.cnf’ are the same file
cp: ‘eq_peptide_3.trc.gz’ and ‘/home/imunoz/NPT.Lambda/10ALA/extended/eq/eq_peptide_3.trc.gz’ are the same file
cp: ‘eq_peptide_3.tre.gz’ and ‘/home/imunoz/NPT.Lambda/10ALA/extended/eq/eq_peptide_3.tre.gz’ are the same file
./eq_peptide_3.run: line 58: Mail: command not found
MD:         10% done...
MD: spent 0:1:3
MD: ETA   0:9:33
MD:         20% done...
MD: spent 0:2:4
MD: ETA   0:8:19
MD:         30% done...
MD: spent 0:3:5
MD: ETA   0:7:12
MD:         40% done...
MD: spent 0:4:7
MD: ETA   0:6:11
MD:         50% done...
MD: spent 0:5:10
MD: ETA   0:5:10
MD:         60% done...
MD: spent 0:6:12
MD: ETA   0:4:8
MD:         70% done...
MD: spent 0:7:15
MD: ETA   0:3:6
MD:         80% done...
MD: spent 0:8:17
MD: ETA   0:2:4
MD:         90% done...
MD: spent 0:9:17
MD: ETA   0:1:1
MD:        100% done...
MD: spent 0:10:16
MD: ETA   0:0:0
cp: ‘eq_peptide_4.omd’ and ‘/home/imunoz/NPT.Lambda/10ALA/extended/eq/eq_peptide_4.omd’ are the same file
cp: ‘eq_peptide_4.cnf’ and ‘/home/imunoz/NPT.Lambda/10ALA/extended/eq/eq_peptide_4.cnf’ are the same file
cp: ‘eq_peptide_4.trc.gz’ and ‘/home/imunoz/NPT.Lambda/10ALA/extended/eq/eq_peptide_4.trc.gz’ are the same file
cp: ‘eq_peptide_4.tre.gz’ and ‘/home/imunoz/NPT.Lambda/10ALA/extended/eq/eq_peptide_4.tre.gz’ are the same file
./eq_peptide_4.run: line 58: Mail: command not found
MD:         10% done...
MD: spent 0:1:3
MD: ETA   0:9:30
MD:         20% done...
MD: spent 0:2:2
MD: ETA   0:8:9
MD:         30% done...
MD: spent 0:3:1
MD: ETA   0:7:3
MD:         40% done...
MD: spent 0:4:0
MD: ETA   0:6:0
MD:         50% done...
MD: spent 0:4:59
MD: ETA   0:4:59
MD:         60% done...
MD: spent 0:5:58
MD: ETA   0:3:59
MD:         70% done...
MD: spent 0:6:57
MD: ETA   0:2:58
MD:         80% done...
MD: spent 0:7:56
MD: ETA   0:1:59
MD:         90% done...
MD: spent 0:8:55
MD: ETA   0:0:59
MD:        100% done...
MD: spent 0:9:54
MD: ETA   0:0:0
cp: ‘eq_peptide_5.omd’ and ‘/home/imunoz/NPT.Lambda/10ALA/extended/eq/eq_peptide_5.omd’ are the same file
cp: ‘eq_peptide_5.cnf’ and ‘/home/imunoz/NPT.Lambda/10ALA/extended/eq/eq_peptide_5.cnf’ are the same file
cp: ‘eq_peptide_5.trc.gz’ and ‘/home/imunoz/NPT.Lambda/10ALA/extended/eq/eq_peptide_5.trc.gz’ are the same file
cp: ‘eq_peptide_5.tre.gz’ and ‘/home/imunoz/NPT.Lambda/10ALA/extended/eq/eq_peptide_5.tre.gz’ are the same file
./eq_peptide_5.run: line 58: Mail: command not found
