###### GATHER WARNING ######
# NO Gathering method specified ! 
# Thus : if the system is requested to be gathered, 
# the gathering will be done according to the 1st atom of the previous molecule
#                      selected      heavy sasa
# time                    atoms           atoms
   10.000000000     3.613317080     3.613317080
   10.500000000     3.612444631     3.612444631
   11.000000000     3.613261790     3.613261790
   11.500000000     3.612841717     3.612841717
   12.000000000     3.612325371     3.612325371
   12.500000000     3.613837588     3.613837588
   13.000000000     3.612542538     3.612542538
   13.500000000     3.612843293     3.612843293
   14.000000000     3.612358159     3.612358159
   14.500000000     3.612590109     3.612590109
   15.000000000     3.612806149     3.612806149
   15.500000000     3.611986830     3.611986830
   16.000000000     3.612410894     3.612410894
   16.500000000     3.612397324     3.612397324
   17.000000000     3.612465204     3.612465204
   17.500000000     3.612772853     3.612772853
   18.000000000     3.612505963     3.612505963
   18.500000000     3.612862482     3.612862482
   19.000000000     3.612424891     3.612424891
   19.500000000     3.612620253     3.612620253
   20.000000000     3.612921600     3.612921600
   20.500000000     3.612587401     3.612587401
   21.000000000     3.612693703     3.612693703
   21.500000000     3.612053339     3.612053339
   22.000000000     3.612242719     3.612242719
   22.500000000     3.613180342     3.613180342
   23.000000000     3.612702037     3.612702037
   23.500000000     3.612883601     3.612883601
   24.000000000     3.612549552     3.612549552
   24.500000000     3.612616760     3.612616760
   25.000000000     3.613102980     3.613102980
   25.500000000     3.612568986     3.612568986
   26.000000000     3.612652214     3.612652214
   26.500000000     3.612560767     3.612560767
   27.000000000     3.612058569     3.612058569
   27.500000000     3.612476552     3.612476552
   28.000000000     3.613316603     3.613316603
   28.500000000     3.613163830     3.613163830
   29.000000000     3.612046267     3.612046267
   29.500000000     3.612926006     3.612926006
   30.000000000     3.613392120     3.613392120
   30.500000000     3.612161332     3.612161332
   31.000000000     3.612969037     3.612969037
   31.500000000     3.612498926     3.612498926
   32.000000000     3.611822368     3.611822368
   32.500000000     3.612188094     3.612188094
   33.000000000     3.611997003     3.611997003
   33.500000000     3.612467043     3.612467043
   34.000000000     3.612370648     3.612370648
   34.500000000     3.612143753     3.612143753
   35.000000000     3.611864568     3.611864568
   35.500000000     3.611903758     3.611903758
   36.000000000     3.612396244     3.612396244
   36.500000000     3.612833305     3.612833305
   37.000000000     3.612324912     3.612324912
   37.500000000     3.612253480     3.612253480
   38.000000000     3.613441132     3.613441132
   38.500000000     3.613537199     3.613537199
   39.000000000     3.612968305     3.612968305
   39.500000000     3.612491915     3.612491915
   40.000000000     3.612735333     3.612735333
   40.500000000     3.612371932     3.612371932
   41.000000000     3.612878400     3.612878400
   41.500000000     3.613251553     3.613251553
   42.000000000     3.612501501     3.612501501
   42.500000000     3.612286203     3.612286203
   43.000000000     3.612543583     3.612543583
   43.500000000     3.612722468     3.612722468
   44.000000000     3.612853570     3.612853570
   44.500000000     3.612422349     3.612422349
   45.000000000     3.612395749     3.612395749
   45.500000000     3.611890969     3.611890969
   46.000000000     3.612392819     3.612392819
   46.500000000     3.612348199     3.612348199
   47.000000000     3.612588678     3.612588678
   47.500000000     3.612435602     3.612435602
   48.000000000     3.612605552     3.612605552
   48.500000000     3.612473460     3.612473460
   49.000000000     3.612752886     3.612752886
   49.500000000     3.612865422     3.612865422
   50.000000000     3.612208242     3.612208242
   50.500000000     3.612676769     3.612676769
   51.000000000     3.612491731     3.612491731
   51.500000000     3.612995592     3.612995592
   52.000000000     3.613001555     3.613001555
   52.500000000     3.612809107     3.612809107
   53.000000000     3.612129860     3.612129860
   53.500000000     3.613287572     3.613287572
   54.000000000     3.613391555     3.613391555
   54.500000000     3.612240058     3.612240058
   55.000000000     3.612347868     3.612347868
   55.500000000     3.613192747     3.613192747
   56.000000000     3.613899029     3.613899029
   56.500000000     3.613179456     3.613179456
   57.000000000     3.613296674     3.613296674
   57.500000000     3.612691098     3.612691098
   58.000000000     3.612289019     3.612289019
   58.500000000     3.612350138     3.612350138
   59.000000000     3.613071915     3.613071915
   59.500000000     3.612335330     3.612335330
   60.000000000     3.611686434     3.611686434
   60.500000000     3.613279103     3.613279103
   61.000000000     3.612456964     3.612456964
   61.500000000     3.612746512     3.612746512
   62.000000000     3.612288892     3.612288892
   62.500000000     3.613089240     3.613089240
   63.000000000     3.613166554     3.613166554
   63.500000000     3.614118368     3.614118368
   64.000000000     3.613711463     3.613711463
   64.500000000     3.614283042     3.614283042
   65.000000000     3.612462529     3.612462529
   65.500000000     3.613544443     3.613544443
   66.000000000     3.611949571     3.611949571
   66.500000000     3.613299409     3.613299409
   67.000000000     3.613122703     3.613122703
   67.500000000     3.613217113     3.613217113
   68.000000000     3.613526572     3.613526572
   68.500000000     3.614614079     3.614614079
   69.000000000     3.612952644     3.612952644
   69.500000000     3.614319071     3.614319071
   70.000000000     3.612973600     3.612973600
   70.500000000     3.614925532     3.614925532
   71.000000000     3.612425034     3.612425034
   71.500000000     3.612844391     3.612844391
   72.000000000     3.613117198     3.613117198
   72.500000000     3.613355098     3.613355098
   73.000000000     3.612540013     3.612540013
   73.500000000     3.612971602     3.612971602
   74.000000000     3.613960225     3.613960225
   74.500000000     3.613713885     3.613713885
   75.000000000     3.613061875     3.613061875
   75.500000000     3.613224415     3.613224415
   76.000000000     3.612299113     3.612299113
   76.500000000     3.612573874     3.612573874
   77.000000000     3.612823009     3.612823009
   77.500000000     3.612934790     3.612934790
   78.000000000     3.613130903     3.613130903
   78.500000000     3.612860509     3.612860509
   79.000000000     3.614572301     3.614572301
   79.500000000     3.612802674     3.612802674
   80.000000000     3.611592451     3.611592451
   80.500000000     3.613773053     3.613773053
   81.000000000     3.612223885     3.612223885
   81.500000000     3.612777939     3.612777939
   82.000000000     3.612402593     3.612402593
   82.500000000     3.612303047     3.612303047
   83.000000000     3.612763688     3.612763688
   83.500000000     3.611773025     3.611773025
   84.000000000     3.613336070     3.613336070
   84.500000000     3.613324681     3.613324681
   85.000000000     3.612391859     3.612391859
   85.500000000     3.613187473     3.613187473
   86.000000000     3.614290917     3.614290917
   86.500000000     3.611495188     3.611495188
   87.000000000     3.614389867     3.614389867
   87.500000000     3.613085148     3.613085148
   88.000000000     3.612285312     3.612285312
   88.500000000     3.614252742     3.614252742
   89.000000000     3.612878832     3.612878832
   89.500000000     3.613291226     3.613291226
   90.000000000     3.612992892     3.612992892
   90.500000000     3.614385800     3.614385800
   91.000000000     3.612970460     3.612970460
   91.500000000     3.612192149     3.612192149
   92.000000000     3.612760928     3.612760928
   92.500000000     3.613016992     3.613016992
   93.000000000     3.614412779     3.614412779
   93.500000000     3.614108912     3.614108912
   94.000000000     3.613838646     3.613838646
   94.500000000     3.613149592     3.613149592
   95.000000000     3.612827667     3.612827667
   95.500000000     3.613836240     3.613836240
   96.000000000     3.614750270     3.614750270
   96.500000000     3.613470199     3.613470199
   97.000000000     3.612659362     3.612659362
   97.500000000     3.613530577     3.613530577
   98.000000000     3.615816715     3.615816715
   98.500000000     3.612803697     3.612803697
   99.000000000     3.614178394     3.614178394
   99.500000000     3.612972908     3.612972908
#
# ave.             3.6128865808    3.6128865808
#
# average contribution per selected heavy atom
#
#   atom   residue name            SASA      % selected    % sasa atoms
#    1:2    1  ALA    N         0.41551        11.50091        11.50091 
#    1:4    1  ALA   CA         0.54790        15.16528        15.16528 
#    1:5    1  ALA   CB         0.57797        15.99747        15.99747 
#    1:6    1  ALA    C         0.00000         0.00000         0.00000 
#    1:7    1  ALA    O         0.24839         6.87499         6.87499 
#    1:8    2  ALA    N         0.00000         0.00000         0.00000 
#   1:10    2  ALA   CA         0.43309        11.98743        11.98743 
#   1:11    2  ALA   CB         0.56648        15.67938        15.67938 
#   1:12    2  ALA    C         0.06897         1.90903         1.90903 
#   1:13    2  ALA   O1         0.38930        10.77535        10.77535 
#   1:14    2  ALA   O2         0.36527        10.11016        10.11016 
#
# total                         3.61289       100.00000       100.00000 
