MD:         10% done...
MD: spent 0:0:11
MD: ETA   0:1:42
MD:         20% done...
MD: spent 0:0:22
MD: ETA   0:1:29
MD:         30% done...
MD: spent 0:0:33
MD: ETA   0:1:18
MD:         40% done...
MD: spent 0:0:44
MD: ETA   0:1:6
MD:         50% done...
MD: spent 0:0:55
MD: ETA   0:0:55
MD:         60% done...
MD: spent 0:1:6
MD: ETA   0:0:44
MD:         70% done...
MD: spent 0:1:17
MD: ETA   0:0:33
MD:         80% done...
MD: spent 0:1:28
MD: ETA   0:0:22
MD:         90% done...
MD: spent 0:1:40
MD: ETA   0:0:11
MD:        100% done...
MD: spent 0:1:51
MD: ETA   0:0:0
cp: ‘eq_peptide_1.omd’ and ‘/home/imunoz/NPT.Lambda/06ALA/helix/eq/eq_peptide_1.omd’ are the same file
cp: ‘eq_peptide_1.cnf’ and ‘/home/imunoz/NPT.Lambda/06ALA/helix/eq/eq_peptide_1.cnf’ are the same file
cp: ‘eq_peptide_1.trc.gz’ and ‘/home/imunoz/NPT.Lambda/06ALA/helix/eq/eq_peptide_1.trc.gz’ are the same file
cp: ‘eq_peptide_1.tre.gz’ and ‘/home/imunoz/NPT.Lambda/06ALA/helix/eq/eq_peptide_1.tre.gz’ are the same file
./eq_peptide_1.run: line 58: Mail: command not found
MD:         10% done...
MD: spent 0:0:11
MD: ETA   0:1:40
MD:         20% done...
MD: spent 0:0:21
MD: ETA   0:1:27
MD:         30% done...
MD: spent 0:0:32
MD: ETA   0:1:16
MD:         40% done...
MD: spent 0:0:43
MD: ETA   0:1:5
MD:         50% done...
MD: spent 0:0:54
MD: ETA   0:0:54
MD:         60% done...
MD: spent 0:1:4
MD: ETA   0:0:43
MD:         70% done...
MD: spent 0:1:15
MD: ETA   0:0:32
MD:         80% done...
MD: spent 0:1:26
MD: ETA   0:0:21
MD:         90% done...
MD: spent 0:1:36
MD: ETA   0:0:10
MD:        100% done...
MD: spent 0:1:47
MD: ETA   0:0:0
cp: ‘eq_peptide_2.omd’ and ‘/home/imunoz/NPT.Lambda/06ALA/helix/eq/eq_peptide_2.omd’ are the same file
cp: ‘eq_peptide_2.cnf’ and ‘/home/imunoz/NPT.Lambda/06ALA/helix/eq/eq_peptide_2.cnf’ are the same file
cp: ‘eq_peptide_2.trc.gz’ and ‘/home/imunoz/NPT.Lambda/06ALA/helix/eq/eq_peptide_2.trc.gz’ are the same file
cp: ‘eq_peptide_2.tre.gz’ and ‘/home/imunoz/NPT.Lambda/06ALA/helix/eq/eq_peptide_2.tre.gz’ are the same file
./eq_peptide_2.run: line 58: Mail: command not found
MD:         10% done...
MD: spent 0:0:11
MD: ETA   0:1:45
MD:         20% done...
MD: spent 0:0:22
MD: ETA   0:1:30
MD:         30% done...
MD: spent 0:0:33
MD: ETA   0:1:17
MD:         40% done...
MD: spent 0:0:43
MD: ETA   0:1:5
MD:         50% done...
MD: spent 0:0:54
MD: ETA   0:0:54
MD:         60% done...
MD: spent 0:1:4
MD: ETA   0:0:43
MD:         70% done...
MD: spent 0:1:15
MD: ETA   0:0:32
MD:         80% done...
MD: spent 0:1:25
MD: ETA   0:0:21
MD:         90% done...
MD: spent 0:1:36
MD: ETA   0:0:10
MD:        100% done...
MD: spent 0:1:47
MD: ETA   0:0:0
cp: ‘eq_peptide_3.omd’ and ‘/home/imunoz/NPT.Lambda/06ALA/helix/eq/eq_peptide_3.omd’ are the same file
cp: ‘eq_peptide_3.cnf’ and ‘/home/imunoz/NPT.Lambda/06ALA/helix/eq/eq_peptide_3.cnf’ are the same file
cp: ‘eq_peptide_3.trc.gz’ and ‘/home/imunoz/NPT.Lambda/06ALA/helix/eq/eq_peptide_3.trc.gz’ are the same file
cp: ‘eq_peptide_3.tre.gz’ and ‘/home/imunoz/NPT.Lambda/06ALA/helix/eq/eq_peptide_3.tre.gz’ are the same file
./eq_peptide_3.run: line 58: Mail: command not found
MD:         10% done...
MD: spent 0:0:11
MD: ETA   0:1:41
MD:         20% done...
MD: spent 0:0:21
MD: ETA   0:1:27
MD:         30% done...
MD: spent 0:0:32
MD: ETA   0:1:15
MD:         40% done...
MD: spent 0:0:43
MD: ETA   0:1:4
MD:         50% done...
MD: spent 0:0:53
MD: ETA   0:0:53
MD:         60% done...
MD: spent 0:1:4
MD: ETA   0:0:42
MD:         70% done...
MD: spent 0:1:15
MD: ETA   0:0:32
MD:         80% done...
MD: spent 0:1:25
MD: ETA   0:0:21
MD:         90% done...
MD: spent 0:1:36
MD: ETA   0:0:10
MD:        100% done...
MD: spent 0:1:47
MD: ETA   0:0:0
cp: ‘eq_peptide_4.omd’ and ‘/home/imunoz/NPT.Lambda/06ALA/helix/eq/eq_peptide_4.omd’ are the same file
cp: ‘eq_peptide_4.cnf’ and ‘/home/imunoz/NPT.Lambda/06ALA/helix/eq/eq_peptide_4.cnf’ are the same file
cp: ‘eq_peptide_4.trc.gz’ and ‘/home/imunoz/NPT.Lambda/06ALA/helix/eq/eq_peptide_4.trc.gz’ are the same file
cp: ‘eq_peptide_4.tre.gz’ and ‘/home/imunoz/NPT.Lambda/06ALA/helix/eq/eq_peptide_4.tre.gz’ are the same file
./eq_peptide_4.run: line 58: Mail: command not found
MD:         10% done...
MD: spent 0:0:11
MD: ETA   0:1:46
MD:         20% done...
MD: spent 0:0:22
MD: ETA   0:1:30
MD:         30% done...
MD: spent 0:0:33
MD: ETA   0:1:18
MD:         40% done...
MD: spent 0:0:44
MD: ETA   0:1:6
MD:         50% done...
MD: spent 0:0:54
MD: ETA   0:0:54
MD:         60% done...
MD: spent 0:1:5
MD: ETA   0:0:43
MD:         70% done...
MD: spent 0:1:16
MD: ETA   0:0:32
MD:         80% done...
MD: spent 0:1:26
MD: ETA   0:0:21
MD:         90% done...
MD: spent 0:1:37
MD: ETA   0:0:10
MD:        100% done...
MD: spent 0:1:48
MD: ETA   0:0:0
cp: ‘eq_peptide_5.omd’ and ‘/home/imunoz/NPT.Lambda/06ALA/helix/eq/eq_peptide_5.omd’ are the same file
cp: ‘eq_peptide_5.cnf’ and ‘/home/imunoz/NPT.Lambda/06ALA/helix/eq/eq_peptide_5.cnf’ are the same file
cp: ‘eq_peptide_5.trc.gz’ and ‘/home/imunoz/NPT.Lambda/06ALA/helix/eq/eq_peptide_5.trc.gz’ are the same file
cp: ‘eq_peptide_5.tre.gz’ and ‘/home/imunoz/NPT.Lambda/06ALA/helix/eq/eq_peptide_5.tre.gz’ are the same file
./eq_peptide_5.run: line 58: Mail: command not found
