MD:         10% done...
MD: spent 0:0:11
MD: ETA   0:1:46
MD:         20% done...
MD: spent 0:0:23
MD: ETA   0:1:32
MD:         30% done...
MD: spent 0:0:34
MD: ETA   0:1:20
MD:         40% done...
MD: spent 0:0:45
MD: ETA   0:1:8
MD:         50% done...
MD: spent 0:0:57
MD: ETA   0:0:57
MD:         60% done...
MD: spent 0:1:8
MD: ETA   0:0:45
MD:         70% done...
MD: spent 0:1:20
MD: ETA   0:0:34
MD:         80% done...
MD: spent 0:1:31
MD: ETA   0:0:22
MD:         90% done...
MD: spent 0:1:43
MD: ETA   0:0:11
MD:        100% done...
MD: spent 0:1:54
MD: ETA   0:0:0
cp: ‘eq_peptide_1.omd’ and ‘/home/imunoz/NPT.Lambda/04ALA/extended/eq/eq_peptide_1.omd’ are the same file
cp: ‘eq_peptide_1.cnf’ and ‘/home/imunoz/NPT.Lambda/04ALA/extended/eq/eq_peptide_1.cnf’ are the same file
cp: ‘eq_peptide_1.trc.gz’ and ‘/home/imunoz/NPT.Lambda/04ALA/extended/eq/eq_peptide_1.trc.gz’ are the same file
cp: ‘eq_peptide_1.tre.gz’ and ‘/home/imunoz/NPT.Lambda/04ALA/extended/eq/eq_peptide_1.tre.gz’ are the same file
./eq_peptide_1.run: line 58: Mail: command not found
MD:         10% done...
MD: spent 0:0:12
MD: ETA   0:1:54
MD:         20% done...
MD: spent 0:0:25
MD: ETA   0:1:42
MD:         30% done...
MD: spent 0:0:37
MD: ETA   0:1:28
MD:         40% done...
MD: spent 0:0:50
MD: ETA   0:1:15
MD:         50% done...
MD: spent 0:1:2
MD: ETA   0:1:2
MD:         60% done...
MD: spent 0:1:15
MD: ETA   0:0:50
MD:         70% done...
MD: spent 0:1:27
MD: ETA   0:0:37
MD:         80% done...
MD: spent 0:1:40
MD: ETA   0:0:25
MD:         90% done...
MD: spent 0:1:52
MD: ETA   0:0:12
MD:        100% done...
MD: spent 0:2:5
MD: ETA   0:0:0
cp: ‘eq_peptide_2.omd’ and ‘/home/imunoz/NPT.Lambda/04ALA/extended/eq/eq_peptide_2.omd’ are the same file
cp: ‘eq_peptide_2.cnf’ and ‘/home/imunoz/NPT.Lambda/04ALA/extended/eq/eq_peptide_2.cnf’ are the same file
cp: ‘eq_peptide_2.trc.gz’ and ‘/home/imunoz/NPT.Lambda/04ALA/extended/eq/eq_peptide_2.trc.gz’ are the same file
cp: ‘eq_peptide_2.tre.gz’ and ‘/home/imunoz/NPT.Lambda/04ALA/extended/eq/eq_peptide_2.tre.gz’ are the same file
./eq_peptide_2.run: line 58: Mail: command not found
MD:         10% done...
MD: spent 0:0:13
MD: ETA   0:1:57
MD:         20% done...
MD: spent 0:0:25
MD: ETA   0:1:41
MD:         30% done...
MD: spent 0:0:37
MD: ETA   0:1:27
MD:         40% done...
MD: spent 0:0:48
MD: ETA   0:1:13
MD:         50% done...
MD: spent 0:1:0
MD: ETA   0:1:0
MD:         60% done...
MD: spent 0:1:11
MD: ETA   0:0:47
MD:         70% done...
MD: spent 0:1:23
MD: ETA   0:0:35
MD:         80% done...
MD: spent 0:1:34
MD: ETA   0:0:23
MD:         90% done...
MD: spent 0:1:46
MD: ETA   0:0:11
MD:        100% done...
MD: spent 0:1:57
MD: ETA   0:0:0
cp: ‘eq_peptide_3.omd’ and ‘/home/imunoz/NPT.Lambda/04ALA/extended/eq/eq_peptide_3.omd’ are the same file
cp: ‘eq_peptide_3.cnf’ and ‘/home/imunoz/NPT.Lambda/04ALA/extended/eq/eq_peptide_3.cnf’ are the same file
cp: ‘eq_peptide_3.trc.gz’ and ‘/home/imunoz/NPT.Lambda/04ALA/extended/eq/eq_peptide_3.trc.gz’ are the same file
cp: ‘eq_peptide_3.tre.gz’ and ‘/home/imunoz/NPT.Lambda/04ALA/extended/eq/eq_peptide_3.tre.gz’ are the same file
./eq_peptide_3.run: line 58: Mail: command not found
MD:         10% done...
MD: spent 0:0:12
MD: ETA   0:1:51
MD:         20% done...
MD: spent 0:0:24
MD: ETA   0:1:38
MD:         30% done...
MD: spent 0:0:36
MD: ETA   0:1:25
MD:         40% done...
MD: spent 0:0:48
MD: ETA   0:1:13
MD:         50% done...
MD: spent 0:1:0
MD: ETA   0:1:0
MD:         60% done...
MD: spent 0:1:12
MD: ETA   0:0:48
MD:         70% done...
MD: spent 0:1:24
MD: ETA   0:0:36
MD:         80% done...
MD: spent 0:1:35
MD: ETA   0:0:23
MD:         90% done...
MD: spent 0:1:47
MD: ETA   0:0:11
MD:        100% done...
MD: spent 0:1:58
MD: ETA   0:0:0
cp: ‘eq_peptide_4.omd’ and ‘/home/imunoz/NPT.Lambda/04ALA/extended/eq/eq_peptide_4.omd’ are the same file
cp: ‘eq_peptide_4.cnf’ and ‘/home/imunoz/NPT.Lambda/04ALA/extended/eq/eq_peptide_4.cnf’ are the same file
cp: ‘eq_peptide_4.trc.gz’ and ‘/home/imunoz/NPT.Lambda/04ALA/extended/eq/eq_peptide_4.trc.gz’ are the same file
cp: ‘eq_peptide_4.tre.gz’ and ‘/home/imunoz/NPT.Lambda/04ALA/extended/eq/eq_peptide_4.tre.gz’ are the same file
./eq_peptide_4.run: line 58: Mail: command not found
MD:         10% done...
MD: spent 0:0:12
MD: ETA   0:1:48
MD:         20% done...
MD: spent 0:0:23
MD: ETA   0:1:34
MD:         30% done...
MD: spent 0:0:34
MD: ETA   0:1:21
MD:         40% done...
MD: spent 0:0:46
MD: ETA   0:1:9
MD:         50% done...
MD: spent 0:0:57
MD: ETA   0:0:57
MD:         60% done...
MD: spent 0:1:9
MD: ETA   0:0:46
MD:         70% done...
MD: spent 0:1:20
MD: ETA   0:0:34
MD:         80% done...
MD: spent 0:1:31
MD: ETA   0:0:22
MD:         90% done...
MD: spent 0:1:43
MD: ETA   0:0:11
MD:        100% done...
MD: spent 0:1:54
MD: ETA   0:0:0
cp: ‘eq_peptide_5.omd’ and ‘/home/imunoz/NPT.Lambda/04ALA/extended/eq/eq_peptide_5.omd’ are the same file
cp: ‘eq_peptide_5.cnf’ and ‘/home/imunoz/NPT.Lambda/04ALA/extended/eq/eq_peptide_5.cnf’ are the same file
cp: ‘eq_peptide_5.trc.gz’ and ‘/home/imunoz/NPT.Lambda/04ALA/extended/eq/eq_peptide_5.trc.gz’ are the same file
cp: ‘eq_peptide_5.tre.gz’ and ‘/home/imunoz/NPT.Lambda/04ALA/extended/eq/eq_peptide_5.tre.gz’ are the same file
./eq_peptide_5.run: line 58: Mail: command not found
