###### GATHER WARNING ######
# NO Gathering method specified ! 
# Thus : if the system is requested to be gathered, 
# the gathering will be done according to the 1st atom of the previous molecule
#                      selected      heavy sasa
# time                    atoms           atoms
   10.000000000     9.182003363     9.182003363
   10.500000000     9.181517639     9.181517639
   11.000000000     9.181416386     9.181416386
   11.500000000     9.180588229     9.180588229
   12.000000000     9.179421556     9.179421556
   12.500000000     9.178638869     9.178638869
   13.000000000     9.176206931     9.176206931
   13.500000000     9.178226152     9.178226152
   14.000000000     9.178278059     9.178278059
   14.500000000     9.180420146     9.180420146
   15.000000000     9.179258713     9.179258713
   15.500000000     9.179508511     9.179508511
   16.000000000     9.180986076     9.180986076
   16.500000000     9.181378914     9.181378914
   17.000000000     9.182345473     9.182345473
   17.500000000     9.180620884     9.180620884
   18.000000000     9.181799854     9.181799854
   18.500000000     9.181246385     9.181246385
   19.000000000     9.181349123     9.181349123
   19.500000000     9.183296352     9.183296352
   20.000000000     9.182309200     9.182309200
   20.500000000     9.182972534     9.182972534
   21.000000000     9.183084643     9.183084643
   21.500000000     9.181437494     9.181437494
   22.000000000     9.181908581     9.181908581
   22.500000000     9.181606324     9.181606324
   23.000000000     9.180964519     9.180964519
   23.500000000     9.179550087     9.179550087
   24.000000000     9.182349895     9.182349895
   24.500000000     9.180962911     9.180962911
   25.000000000     9.182759402     9.182759402
   25.500000000     9.183893945     9.183893945
   26.000000000     9.181820577     9.181820577
   26.500000000     9.183767108     9.183767108
   27.000000000     9.182842394     9.182842394
   27.500000000     9.183680372     9.183680372
   28.000000000     9.182036172     9.182036172
   28.500000000     9.182474875     9.182474875
   29.000000000     9.182154462     9.182154462
   29.500000000     9.182112354     9.182112354
   30.000000000     9.182897358     9.182897358
   30.500000000     9.179798762     9.179798762
   31.000000000     9.181543623     9.181543623
   31.500000000     9.182019673     9.182019673
   32.000000000     9.181695870     9.181695870
   32.500000000     9.183419738     9.183419738
   33.000000000     9.185339956     9.185339956
   33.500000000     9.183211074     9.183211074
   34.000000000     9.183803049     9.183803049
   34.500000000     9.182298243     9.182298243
   35.000000000     9.184178232     9.184178232
   35.500000000     9.182750517     9.182750517
   36.000000000     9.182874379     9.182874379
   36.500000000     9.183259552     9.183259552
   37.000000000     9.180474967     9.180474967
   37.500000000     9.182770131     9.182770131
   38.000000000     9.180927319     9.180927319
   38.500000000     9.182973006     9.182973006
   39.000000000     9.182337276     9.182337276
   39.500000000     9.182006819     9.182006819
   40.000000000     9.183126347     9.183126347
   40.500000000     9.182429096     9.182429096
   41.000000000     9.181656210     9.181656210
   41.500000000     9.181992729     9.181992729
   42.000000000     9.180582066     9.180582066
   42.500000000     9.181321679     9.181321679
   43.000000000     9.182296737     9.182296737
   43.500000000     9.178420098     9.178420098
   44.000000000     9.182901237     9.182901237
   44.500000000     9.178041829     9.178041829
   45.000000000     9.175801116     9.175801116
   45.500000000     9.179758418     9.179758418
   46.000000000     9.176273255     9.176273255
   46.500000000     9.177877193     9.177877193
   47.000000000     9.176653158     9.176653158
   47.500000000     9.174094059     9.174094059
   48.000000000     9.180071764     9.180071764
   48.500000000     9.179562663     9.179562663
   49.000000000     9.177328909     9.177328909
   49.500000000     9.180885903     9.180885903
   50.000000000     9.179312730     9.179312730
   50.500000000     9.179189408     9.179189408
   51.000000000     9.181031811     9.181031811
   51.500000000     9.180546636     9.180546636
   52.000000000     9.181449124     9.181449124
   52.500000000     9.177143751     9.177143751
   53.000000000     9.182277750     9.182277750
   53.500000000     9.181714302     9.181714302
   54.000000000     9.182710884     9.182710884
   54.500000000     9.180527827     9.180527827
   55.000000000     9.181406052     9.181406052
   55.500000000     9.182090318     9.182090318
   56.000000000     9.182441531     9.182441531
   56.500000000     9.181186022     9.181186022
   57.000000000     9.182765546     9.182765546
   57.500000000     9.183192127     9.183192127
   58.000000000     9.181418596     9.181418596
   58.500000000     9.182789932     9.182789932
   59.000000000     9.182555699     9.182555699
   59.500000000     9.182166250     9.182166250
   60.000000000     9.181918371     9.181918371
   60.500000000     9.183062454     9.183062454
   61.000000000     9.182855950     9.182855950
   61.500000000     9.182761142     9.182761142
   62.000000000     9.182595904     9.182595904
   62.500000000     9.182711851     9.182711851
   63.000000000     9.184317577     9.184317577
   63.500000000     9.182996751     9.182996751
   64.000000000     9.183515097     9.183515097
   64.500000000     9.183022577     9.183022577
   65.000000000     9.182383806     9.182383806
   65.500000000     9.180887540     9.180887540
   66.000000000     9.181091453     9.181091453
   66.500000000     9.181714273     9.181714273
   67.000000000     9.182385935     9.182385935
   67.500000000     9.181834325     9.181834325
   68.000000000     9.182332594     9.182332594
   68.500000000     9.180912189     9.180912189
   69.000000000     9.183293699     9.183293699
   69.500000000     9.183507292     9.183507292
   70.000000000     9.182765002     9.182765002
   70.500000000     9.182310012     9.182310012
   71.000000000     9.183259088     9.183259088
   71.500000000     9.183045755     9.183045755
   72.000000000     9.183804608     9.183804608
   72.500000000     9.182860263     9.182860263
   73.000000000     9.183778136     9.183778136
   73.500000000     9.183683967     9.183683967
   74.000000000     9.182243281     9.182243281
   74.500000000     9.182825809     9.182825809
   75.000000000     9.182859773     9.182859773
   75.500000000     9.181526129     9.181526129
   76.000000000     9.182123750     9.182123750
   76.500000000     9.182547624     9.182547624
   77.000000000     9.183082305     9.183082305
   77.500000000     9.182629995     9.182629995
   78.000000000     9.181027983     9.181027983
   78.500000000     9.182153095     9.182153095
   79.000000000     9.182684400     9.182684400
   79.500000000     9.181488015     9.181488015
   80.000000000     9.182788803     9.182788803
   80.500000000     9.182502813     9.182502813
   81.000000000     9.182270550     9.182270550
   81.500000000     9.183489618     9.183489618
   82.000000000     9.182102745     9.182102745
   82.500000000     9.183544768     9.183544768
   83.000000000     9.183410058     9.183410058
   83.500000000     9.181956109     9.181956109
   84.000000000     9.182373545     9.182373545
   84.500000000     9.181744596     9.181744596
   85.000000000     9.183684455     9.183684455
   85.500000000     9.182339752     9.182339752
   86.000000000     9.180131063     9.180131063
   86.500000000     9.181998872     9.181998872
   87.000000000     9.182001333     9.182001333
   87.500000000     9.182474348     9.182474348
   88.000000000     9.183342981     9.183342981
   88.500000000     9.182132036     9.182132036
   89.000000000     9.182615617     9.182615617
   89.500000000     9.181947966     9.181947966
   90.000000000     9.181290231     9.181290231
   90.500000000     9.182317794     9.182317794
   91.000000000     9.181689378     9.181689378
   91.500000000     9.179550164     9.179550164
   92.000000000     9.182491868     9.182491868
   92.500000000     9.180642429     9.180642429
   93.000000000     9.182637777     9.182637777
   93.500000000     9.181055585     9.181055585
   94.000000000     9.182075266     9.182075266
   94.500000000     9.180635667     9.180635667
   95.000000000     9.182585576     9.182585576
   95.500000000     9.180241735     9.180241735
   96.000000000     9.182147275     9.182147275
   96.500000000     9.182019340     9.182019340
   97.000000000     9.177819590     9.177819590
   97.500000000     9.182405307     9.182405307
   98.000000000     9.181608596     9.181608596
   98.500000000     9.182940561     9.182940561
   99.000000000     9.182423443     9.182423443
   99.500000000     9.182721618     9.182721618
#
# ave.             9.1816984265    9.1816984265
#
# average contribution per selected heavy atom
#
#   atom   residue name            SASA      % selected    % sasa atoms
#    1:2    1  ALA    N         0.41805         4.55307         4.55307 
#    1:4    1  ALA   CA         0.54646         5.95160         5.95160 
#    1:5    1  ALA   CB         0.57779         6.29284         6.29284 
#    1:6    1  ALA    C         0.00000         0.00000         0.00000 
#    1:7    1  ALA    O         0.25033         2.72637         2.72637 
#    1:8    2  ALA    N         0.00000         0.00000         0.00000 
#   1:10    2  ALA   CA         0.32454         3.53469         3.53469 
#   1:11    2  ALA   CB         0.55029         5.99337         5.99337 
#   1:12    2  ALA    C         0.00000         0.00000         0.00000 
#   1:13    2  ALA    O         0.23791         2.59114         2.59114 
#   1:14    3  ALA    N         0.00000         0.00000         0.00000 
#   1:16    3  ALA   CA         0.32372         3.52569         3.52569 
#   1:17    3  ALA   CB         0.55206         6.01260         6.01260 
#   1:18    3  ALA    C         0.00000         0.00000         0.00000 
#   1:19    3  ALA    O         0.24047         2.61897         2.61897 
#   1:20    4  ALA    N         0.00000         0.00000         0.00000 
#   1:22    4  ALA   CA         0.32597         3.55026         3.55026 
#   1:23    4  ALA   CB         0.54978         5.98775         5.98775 
#   1:24    4  ALA    C         0.00000         0.00000         0.00000 
#   1:25    4  ALA    O         0.23809         2.59312         2.59312 
#   1:26    5  ALA    N         0.00000         0.00000         0.00000 
#   1:28    5  ALA   CA         0.32504         3.54005         3.54005 
#   1:29    5  ALA   CB         0.55228         6.01498         6.01498 
#   1:30    5  ALA    C         0.00000         0.00000         0.00000 
#   1:31    5  ALA    O         0.23943         2.60772         2.60772 
#   1:32    6  ALA    N         0.00000         0.00000         0.00000 
#   1:34    6  ALA   CA         0.31679         3.45027         3.45027 
#   1:35    6  ALA   CB         0.55220         6.01417         6.01417 
#   1:36    6  ALA    C         0.00000         0.00000         0.00000 
#   1:37    6  ALA    O         0.23804         2.59254         2.59254 
#   1:38    7  ALA    N         0.00000         0.00000         0.00000 
#   1:40    7  ALA   CA         0.43250         4.71048         4.71048 
#   1:41    7  ALA   CB         0.56721         6.17764         6.17764 
#   1:42    7  ALA    C         0.06863         0.74743         0.74743 
#   1:43    7  ALA   O1         0.38893         4.23598         4.23598 
#   1:44    7  ALA   O2         0.36518         3.97725         3.97725 
#
# total                         9.18170       100.00000       100.00000 
