MD:         10% done...
MD: spent 0:0:11
MD: ETA   0:1:39
MD:         20% done...
MD: spent 0:0:21
MD: ETA   0:1:25
MD:         30% done...
MD: spent 0:0:31
MD: ETA   0:1:13
MD:         40% done...
MD: spent 0:0:41
MD: ETA   0:1:2
MD:         50% done...
MD: spent 0:0:52
MD: ETA   0:0:52
MD:         60% done...
MD: spent 0:1:2
MD: ETA   0:0:41
MD:         70% done...
MD: spent 0:1:13
MD: ETA   0:0:31
MD:         80% done...
MD: spent 0:1:23
MD: ETA   0:0:20
MD:         90% done...
MD: spent 0:1:33
MD: ETA   0:0:10
MD:        100% done...
MD: spent 0:1:43
MD: ETA   0:0:0
cp: ‘eq_peptide_1.omd’ and ‘/home/imunoz/NPT.Lambda/04ALA/helix/eq/eq_peptide_1.omd’ are the same file
cp: ‘eq_peptide_1.cnf’ and ‘/home/imunoz/NPT.Lambda/04ALA/helix/eq/eq_peptide_1.cnf’ are the same file
cp: ‘eq_peptide_1.trc.gz’ and ‘/home/imunoz/NPT.Lambda/04ALA/helix/eq/eq_peptide_1.trc.gz’ are the same file
cp: ‘eq_peptide_1.tre.gz’ and ‘/home/imunoz/NPT.Lambda/04ALA/helix/eq/eq_peptide_1.tre.gz’ are the same file
./eq_peptide_1.run: line 58: Mail: command not found
MD:         10% done...
MD: spent 0:0:10
MD: ETA   0:1:35
MD:         20% done...
MD: spent 0:0:20
MD: ETA   0:1:22
MD:         30% done...
MD: spent 0:0:30
MD: ETA   0:1:11
MD:         40% done...
MD: spent 0:0:40
MD: ETA   0:1:1
MD:         50% done...
MD: spent 0:0:50
MD: ETA   0:0:50
MD:         60% done...
MD: spent 0:1:1
MD: ETA   0:0:40
MD:         70% done...
MD: spent 0:1:11
MD: ETA   0:0:30
MD:         80% done...
MD: spent 0:1:21
MD: ETA   0:0:20
MD:         90% done...
MD: spent 0:1:31
MD: ETA   0:0:10
MD:        100% done...
MD: spent 0:1:41
MD: ETA   0:0:0
cp: ‘eq_peptide_2.omd’ and ‘/home/imunoz/NPT.Lambda/04ALA/helix/eq/eq_peptide_2.omd’ are the same file
cp: ‘eq_peptide_2.cnf’ and ‘/home/imunoz/NPT.Lambda/04ALA/helix/eq/eq_peptide_2.cnf’ are the same file
cp: ‘eq_peptide_2.trc.gz’ and ‘/home/imunoz/NPT.Lambda/04ALA/helix/eq/eq_peptide_2.trc.gz’ are the same file
cp: ‘eq_peptide_2.tre.gz’ and ‘/home/imunoz/NPT.Lambda/04ALA/helix/eq/eq_peptide_2.tre.gz’ are the same file
./eq_peptide_2.run: line 58: Mail: command not found
MD:         10% done...
MD: spent 0:0:11
MD: ETA   0:1:39
MD:         20% done...
MD: spent 0:0:21
MD: ETA   0:1:25
MD:         30% done...
MD: spent 0:0:31
MD: ETA   0:1:13
MD:         40% done...
MD: spent 0:0:41
MD: ETA   0:1:2
MD:         50% done...
MD: spent 0:0:51
MD: ETA   0:0:51
MD:         60% done...
MD: spent 0:1:2
MD: ETA   0:0:41
MD:         70% done...
MD: spent 0:1:12
MD: ETA   0:0:30
MD:         80% done...
MD: spent 0:1:22
MD: ETA   0:0:20
MD:         90% done...
MD: spent 0:1:32
MD: ETA   0:0:10
MD:        100% done...
MD: spent 0:1:42
MD: ETA   0:0:0
cp: ‘eq_peptide_3.omd’ and ‘/home/imunoz/NPT.Lambda/04ALA/helix/eq/eq_peptide_3.omd’ are the same file
cp: ‘eq_peptide_3.cnf’ and ‘/home/imunoz/NPT.Lambda/04ALA/helix/eq/eq_peptide_3.cnf’ are the same file
cp: ‘eq_peptide_3.trc.gz’ and ‘/home/imunoz/NPT.Lambda/04ALA/helix/eq/eq_peptide_3.trc.gz’ are the same file
cp: ‘eq_peptide_3.tre.gz’ and ‘/home/imunoz/NPT.Lambda/04ALA/helix/eq/eq_peptide_3.tre.gz’ are the same file
./eq_peptide_3.run: line 58: Mail: command not found
MD:         10% done...
MD: spent 0:0:10
MD: ETA   0:1:36
MD:         20% done...
MD: spent 0:0:20
MD: ETA   0:1:23
MD:         30% done...
MD: spent 0:0:31
MD: ETA   0:1:12
MD:         40% done...
MD: spent 0:0:41
MD: ETA   0:1:1
MD:         50% done...
MD: spent 0:0:51
MD: ETA   0:0:51
MD:         60% done...
MD: spent 0:1:1
MD: ETA   0:0:41
MD:         70% done...
MD: spent 0:1:11
MD: ETA   0:0:30
MD:         80% done...
MD: spent 0:1:21
MD: ETA   0:0:20
MD:         90% done...
MD: spent 0:1:32
MD: ETA   0:0:10
MD:        100% done...
MD: spent 0:1:42
MD: ETA   0:0:0
cp: ‘eq_peptide_4.omd’ and ‘/home/imunoz/NPT.Lambda/04ALA/helix/eq/eq_peptide_4.omd’ are the same file
cp: ‘eq_peptide_4.cnf’ and ‘/home/imunoz/NPT.Lambda/04ALA/helix/eq/eq_peptide_4.cnf’ are the same file
cp: ‘eq_peptide_4.trc.gz’ and ‘/home/imunoz/NPT.Lambda/04ALA/helix/eq/eq_peptide_4.trc.gz’ are the same file
cp: ‘eq_peptide_4.tre.gz’ and ‘/home/imunoz/NPT.Lambda/04ALA/helix/eq/eq_peptide_4.tre.gz’ are the same file
./eq_peptide_4.run: line 58: Mail: command not found
MD:         10% done...
MD: spent 0:0:10
MD: ETA   0:1:37
MD:         20% done...
MD: spent 0:0:21
MD: ETA   0:1:27
MD:         30% done...
MD: spent 0:0:32
MD: ETA   0:1:15
MD:         40% done...
MD: spent 0:0:42
MD: ETA   0:1:3
MD:         50% done...
MD: spent 0:0:52
MD: ETA   0:0:52
MD:         60% done...
MD: spent 0:1:3
MD: ETA   0:0:42
MD:         70% done...
MD: spent 0:1:13
MD: ETA   0:0:31
MD:         80% done...
MD: spent 0:1:23
MD: ETA   0:0:20
MD:         90% done...
MD: spent 0:1:33
MD: ETA   0:0:10
MD:        100% done...
MD: spent 0:1:44
MD: ETA   0:0:0
cp: ‘eq_peptide_5.omd’ and ‘/home/imunoz/NPT.Lambda/04ALA/helix/eq/eq_peptide_5.omd’ are the same file
cp: ‘eq_peptide_5.cnf’ and ‘/home/imunoz/NPT.Lambda/04ALA/helix/eq/eq_peptide_5.cnf’ are the same file
cp: ‘eq_peptide_5.trc.gz’ and ‘/home/imunoz/NPT.Lambda/04ALA/helix/eq/eq_peptide_5.trc.gz’ are the same file
cp: ‘eq_peptide_5.tre.gz’ and ‘/home/imunoz/NPT.Lambda/04ALA/helix/eq/eq_peptide_5.tre.gz’ are the same file
./eq_peptide_5.run: line 58: Mail: command not found
