###### GATHER WARNING ######
# NO Gathering method specified ! 
# Thus : if the system is requested to be gathered, 
# the gathering will be done according to the 1st atom of the previous molecule
#                      selected      heavy sasa
# time                    atoms           atoms
   10.000000000     6.949260235     6.949260235
   10.500000000     6.950688031     6.950688031
   11.000000000     6.949418146     6.949418146
   11.500000000     6.949168069     6.949168069
   12.000000000     6.951188317     6.951188317
   12.500000000     6.949496351     6.949496351
   13.000000000     6.948411240     6.948411240
   13.500000000     6.950581403     6.950581403
   14.000000000     6.949581851     6.949581851
   14.500000000     6.948703168     6.948703168
   15.000000000     6.949997993     6.949997993
   15.500000000     6.949221162     6.949221162
   16.000000000     6.950297985     6.950297985
   16.500000000     6.949343902     6.949343902
   17.000000000     6.949398564     6.949398564
   17.500000000     6.950328193     6.950328193
   18.000000000     6.950280052     6.950280052
   18.500000000     6.948429000     6.948429000
   19.000000000     6.950321419     6.950321419
   19.500000000     6.950014794     6.950014794
   20.000000000     6.949780306     6.949780306
   20.500000000     6.949558822     6.949558822
   21.000000000     6.948220345     6.948220345
   21.500000000     6.949514175     6.949514175
   22.000000000     6.947969631     6.947969631
   22.500000000     6.949815568     6.949815568
   23.000000000     6.949802131     6.949802131
   23.500000000     6.949389014     6.949389014
   24.000000000     6.949655632     6.949655632
   24.500000000     6.950267158     6.950267158
   25.000000000     6.949574463     6.949574463
   25.500000000     6.948006364     6.948006364
   26.000000000     6.949782707     6.949782707
   26.500000000     6.949834146     6.949834146
   27.000000000     6.947408074     6.947408074
   27.500000000     6.946909448     6.946909448
   28.000000000     6.945389611     6.945389611
   28.500000000     6.946673525     6.946673525
   29.000000000     6.949548225     6.949548225
   29.500000000     6.947326675     6.947326675
   30.000000000     6.947799394     6.947799394
   30.500000000     6.948599972     6.948599972
   31.000000000     6.947329688     6.947329688
   31.500000000     6.948234859     6.948234859
   32.000000000     6.948977875     6.948977875
   32.500000000     6.946989783     6.946989783
   33.000000000     6.947368977     6.947368977
   33.500000000     6.949078841     6.949078841
   34.000000000     6.947358151     6.947358151
   34.500000000     6.947779578     6.947779578
   35.000000000     6.949392437     6.949392437
   35.500000000     6.947546065     6.947546065
   36.000000000     6.948610262     6.948610262
   36.500000000     6.950701228     6.950701228
   37.000000000     6.948241484     6.948241484
   37.500000000     6.949323159     6.949323159
   38.000000000     6.950376876     6.950376876
   38.500000000     6.947878571     6.947878571
   39.000000000     6.949164494     6.949164494
   39.500000000     6.950314082     6.950314082
   40.000000000     6.948764544     6.948764544
   40.500000000     6.949285832     6.949285832
   41.000000000     6.949511909     6.949511909
   41.500000000     6.948564927     6.948564927
   42.000000000     6.949034480     6.949034480
   42.500000000     6.948850304     6.948850304
   43.000000000     6.949516881     6.949516881
   43.500000000     6.949601231     6.949601231
   44.000000000     6.949591879     6.949591879
   44.500000000     6.949589348     6.949589348
   45.000000000     6.950103722     6.950103722
   45.500000000     6.949332734     6.949332734
   46.000000000     6.949613777     6.949613777
   46.500000000     6.950781636     6.950781636
   47.000000000     6.949859174     6.949859174
   47.500000000     6.949270827     6.949270827
   48.000000000     6.948394438     6.948394438
   48.500000000     6.949568635     6.949568635
   49.000000000     6.949964667     6.949964667
   49.500000000     6.950279409     6.950279409
   50.000000000     6.949725998     6.949725998
   50.500000000     6.950489061     6.950489061
   51.000000000     6.950006674     6.950006674
   51.500000000     6.949157795     6.949157795
   52.000000000     6.949307088     6.949307088
   52.500000000     6.949303934     6.949303934
   53.000000000     6.947568471     6.947568471
   53.500000000     6.948196139     6.948196139
   54.000000000     6.948536839     6.948536839
   54.500000000     6.949169368     6.949169368
   55.000000000     6.949553536     6.949553536
   55.500000000     6.949074502     6.949074502
   56.000000000     6.948196704     6.948196704
   56.500000000     6.948872372     6.948872372
   57.000000000     6.948257293     6.948257293
   57.500000000     6.949179960     6.949179960
   58.000000000     6.947995736     6.947995736
   58.500000000     6.950053118     6.950053118
   59.000000000     6.949520919     6.949520919
   59.500000000     6.949908560     6.949908560
   60.000000000     6.950194481     6.950194481
   60.500000000     6.950025528     6.950025528
   61.000000000     6.950242625     6.950242625
   61.500000000     6.950326277     6.950326277
   62.000000000     6.951046731     6.951046731
   62.500000000     6.948856483     6.948856483
   63.000000000     6.950211243     6.950211243
   63.500000000     6.948888184     6.948888184
   64.000000000     6.949773128     6.949773128
   64.500000000     6.950143625     6.950143625
   65.000000000     6.949282767     6.949282767
   65.500000000     6.949078349     6.949078349
   66.000000000     6.950247209     6.950247209
   66.500000000     6.950968511     6.950968511
   67.000000000     6.949915410     6.949915410
   67.500000000     6.950614552     6.950614552
   68.000000000     6.950872552     6.950872552
   68.500000000     6.949689347     6.949689347
   69.000000000     6.950249282     6.950249282
   69.500000000     6.949441319     6.949441319
   70.000000000     6.948968282     6.948968282
   70.500000000     6.950381455     6.950381455
   71.000000000     6.949473939     6.949473939
   71.500000000     6.949912564     6.949912564
   72.000000000     6.950025826     6.950025826
   72.500000000     6.950348944     6.950348944
   73.000000000     6.950854755     6.950854755
   73.500000000     6.949251898     6.949251898
   74.000000000     6.950168347     6.950168347
   74.500000000     6.951061982     6.951061982
   75.000000000     6.946910885     6.946910885
   75.500000000     6.950103650     6.950103650
   76.000000000     6.951193968     6.951193968
   76.500000000     6.949167385     6.949167385
   77.000000000     6.950628391     6.950628391
   77.500000000     6.949543500     6.949543500
   78.000000000     6.948306098     6.948306098
   78.500000000     6.949737700     6.949737700
   79.000000000     6.950524388     6.950524388
   79.500000000     6.948766954     6.948766954
   80.000000000     6.949927136     6.949927136
   80.500000000     6.949448102     6.949448102
   81.000000000     6.947397202     6.947397202
   81.500000000     6.950234664     6.950234664
   82.000000000     6.949113902     6.949113902
   82.500000000     6.948879967     6.948879967
   83.000000000     6.949076797     6.949076797
   83.500000000     6.949469119     6.949469119
   84.000000000     6.949414271     6.949414271
   84.500000000     6.949565769     6.949565769
   85.000000000     6.951001357     6.951001357
   85.500000000     6.950386627     6.950386627
   86.000000000     6.950675514     6.950675514
   86.500000000     6.950492595     6.950492595
   87.000000000     6.949374032     6.949374032
   87.500000000     6.950653746     6.950653746
   88.000000000     6.950327214     6.950327214
   88.500000000     6.949968338     6.949968338
   89.000000000     6.950508587     6.950508587
   89.500000000     6.950231909     6.950231909
   90.000000000     6.950426955     6.950426955
   90.500000000     6.951204239     6.951204239
   91.000000000     6.949885225     6.949885225
   91.500000000     6.949537277     6.949537277
   92.000000000     6.950559834     6.950559834
   92.500000000     6.949205288     6.949205288
   93.000000000     6.949393960     6.949393960
   93.500000000     6.950168365     6.950168365
   94.000000000     6.949346219     6.949346219
   94.500000000     6.950471899     6.950471899
   95.000000000     6.950582949     6.950582949
   95.500000000     6.950365139     6.950365139
   96.000000000     6.950216946     6.950216946
   96.500000000     6.950564547     6.950564547
   97.000000000     6.949006778     6.949006778
   97.500000000     6.949968050     6.949968050
   98.000000000     6.949447979     6.949447979
   98.500000000     6.950503413     6.950503413
   99.000000000     6.949935510     6.949935510
   99.500000000     6.951029221     6.951029221
#
# ave.             6.9494696736    6.9494696736
#
# average contribution per selected heavy atom
#
#   atom   residue name            SASA      % selected    % sasa atoms
#    1:2    1  ALA    N         0.41879         6.02621         6.02621 
#    1:4    1  ALA   CA         0.54483         7.83983         7.83983 
#    1:5    1  ALA   CB         0.57812         8.31889         8.31889 
#    1:6    1  ALA    C         0.00000         0.00000         0.00000 
#    1:7    1  ALA    O         0.25053         3.60499         3.60499 
#    1:8    2  ALA    N         0.00000         0.00000         0.00000 
#   1:10    2  ALA   CA         0.32412         4.66398         4.66398 
#   1:11    2  ALA   CB         0.54990         7.91280         7.91280 
#   1:12    2  ALA    C         0.00000         0.00000         0.00000 
#   1:13    2  ALA    O         0.23739         3.41599         3.41599 
#   1:14    3  ALA    N         0.00000         0.00000         0.00000 
#   1:16    3  ALA   CA         0.32473         4.67278         4.67278 
#   1:17    3  ALA   CB         0.55219         7.94579         7.94579 
#   1:18    3  ALA    C         0.00000         0.00000         0.00000 
#   1:19    3  ALA    O         0.23954         3.44694         3.44694 
#   1:20    4  ALA    N         0.00000         0.00000         0.00000 
#   1:22    4  ALA   CA         0.31833         4.58067         4.58067 
#   1:23    4  ALA   CB         0.55119         7.93141         7.93141 
#   1:24    4  ALA    C         0.00000         0.00000         0.00000 
#   1:25    4  ALA    O         0.23733         3.41514         3.41514 
#   1:26    5  ALA    N         0.00000         0.00000         0.00000 
#   1:28    5  ALA   CA         0.43312         6.23243         6.23243 
#   1:29    5  ALA   CB         0.56737         8.16427         8.16427 
#   1:30    5  ALA    C         0.06864         0.98767         0.98767 
#   1:31    5  ALA   O1         0.38808         5.58431         5.58431 
#   1:32    5  ALA   O2         0.36526         5.25591         5.25591 
#
# total                         6.94947       100.00000       100.00000 
