MD:         10% done...
MD: spent 0:0:5
MD: ETA   0:0:51
MD:         20% done...
MD: spent 0:0:10
MD: ETA   0:0:41
MD:         30% done...
MD: spent 0:0:15
MD: ETA   0:0:35
MD:         40% done...
MD: spent 0:0:19
MD: ETA   0:0:29
MD:         50% done...
MD: spent 0:0:24
MD: ETA   0:0:24
MD:         60% done...
MD: spent 0:0:28
MD: ETA   0:0:19
MD:         70% done...
MD: spent 0:0:33
MD: ETA   0:0:14
MD:         80% done...
MD: spent 0:0:38
MD: ETA   0:0:9
MD:         90% done...
MD: spent 0:0:43
MD: ETA   0:0:4
MD:        100% done...
MD: spent 0:0:47
MD: ETA   0:0:0
cp: ‘md_peptide_1.omd’ and ‘/home/imunoz/NPT.Lambda/03ALA/extended/md/md_peptide_1.omd’ are the same file
cp: ‘md_peptide_1.cnf’ and ‘/home/imunoz/NPT.Lambda/03ALA/extended/md/md_peptide_1.cnf’ are the same file
cp: ‘md_peptide_1.trc.gz’ and ‘/home/imunoz/NPT.Lambda/03ALA/extended/md/md_peptide_1.trc.gz’ are the same file
cp: ‘md_peptide_1.tre.gz’ and ‘/home/imunoz/NPT.Lambda/03ALA/extended/md/md_peptide_1.tre.gz’ are the same file
./md_peptide_1.run: line 58: Mail: command not found
MD:         10% done...
MD: spent 0:0:5
MD: ETA   0:0:48
MD:         20% done...
MD: spent 0:0:10
MD: ETA   0:0:41
MD:         30% done...
MD: spent 0:0:15
MD: ETA   0:0:35
MD:         40% done...
MD: spent 0:0:20
MD: ETA   0:0:30
MD:         50% done...
MD: spent 0:0:25
MD: ETA   0:0:25
MD:         60% done...
MD: spent 0:0:29
MD: ETA   0:0:19
MD:         70% done...
MD: spent 0:0:34
MD: ETA   0:0:14
MD:         80% done...
MD: spent 0:0:39
MD: ETA   0:0:9
MD:         90% done...
MD: spent 0:0:43
MD: ETA   0:0:4
MD:        100% done...
MD: spent 0:0:48
MD: ETA   0:0:0
cp: ‘md_peptide_2.omd’ and ‘/home/imunoz/NPT.Lambda/03ALA/extended/md/md_peptide_2.omd’ are the same file
cp: ‘md_peptide_2.cnf’ and ‘/home/imunoz/NPT.Lambda/03ALA/extended/md/md_peptide_2.cnf’ are the same file
cp: ‘md_peptide_2.trc.gz’ and ‘/home/imunoz/NPT.Lambda/03ALA/extended/md/md_peptide_2.trc.gz’ are the same file
cp: ‘md_peptide_2.tre.gz’ and ‘/home/imunoz/NPT.Lambda/03ALA/extended/md/md_peptide_2.tre.gz’ are the same file
./md_peptide_2.run: line 58: Mail: command not found
MD:         10% done...
MD: spent 0:0:5
MD: ETA   0:0:47
MD:         20% done...
MD: spent 0:0:10
MD: ETA   0:0:41
MD:         30% done...
MD: spent 0:0:15
MD: ETA   0:0:35
MD:         40% done...
MD: spent 0:0:20
MD: ETA   0:0:30
MD:         50% done...
MD: spent 0:0:25
MD: ETA   0:0:25
MD:         60% done...
MD: spent 0:0:30
MD: ETA   0:0:20
MD:         70% done...
MD: spent 0:0:35
MD: ETA   0:0:15
MD:         80% done...
MD: spent 0:0:40
MD: ETA   0:0:10
MD:         90% done...
MD: spent 0:0:45
MD: ETA   0:0:5
MD:        100% done...
MD: spent 0:0:50
MD: ETA   0:0:0
cp: ‘md_peptide_3.omd’ and ‘/home/imunoz/NPT.Lambda/03ALA/extended/md/md_peptide_3.omd’ are the same file
cp: ‘md_peptide_3.cnf’ and ‘/home/imunoz/NPT.Lambda/03ALA/extended/md/md_peptide_3.cnf’ are the same file
cp: ‘md_peptide_3.trc.gz’ and ‘/home/imunoz/NPT.Lambda/03ALA/extended/md/md_peptide_3.trc.gz’ are the same file
cp: ‘md_peptide_3.tre.gz’ and ‘/home/imunoz/NPT.Lambda/03ALA/extended/md/md_peptide_3.tre.gz’ are the same file
./md_peptide_3.run: line 58: Mail: command not found
MD:         10% done...
MD: spent 0:0:5
MD: ETA   0:0:52
MD:         20% done...
MD: spent 0:0:11
MD: ETA   0:0:44
MD:         30% done...
MD: spent 0:0:16
MD: ETA   0:0:38
MD:         40% done...
MD: spent 0:0:21
MD: ETA   0:0:32
MD:         50% done...
MD: spent 0:0:26
MD: ETA   0:0:26
MD:         60% done...
MD: spent 0:0:31
MD: ETA   0:0:20
MD:         70% done...
MD: spent 0:0:35
MD: ETA   0:0:15
MD:         80% done...
MD: spent 0:0:40
MD: ETA   0:0:10
MD:         90% done...
MD: spent 0:0:45
MD: ETA   0:0:5
MD:        100% done...
MD: spent 0:0:50
MD: ETA   0:0:0
cp: ‘md_peptide_4.omd’ and ‘/home/imunoz/NPT.Lambda/03ALA/extended/md/md_peptide_4.omd’ are the same file
cp: ‘md_peptide_4.cnf’ and ‘/home/imunoz/NPT.Lambda/03ALA/extended/md/md_peptide_4.cnf’ are the same file
cp: ‘md_peptide_4.trc.gz’ and ‘/home/imunoz/NPT.Lambda/03ALA/extended/md/md_peptide_4.trc.gz’ are the same file
cp: ‘md_peptide_4.tre.gz’ and ‘/home/imunoz/NPT.Lambda/03ALA/extended/md/md_peptide_4.tre.gz’ are the same file
./md_peptide_4.run: line 58: Mail: command not found
MD:         10% done...
MD: spent 0:0:5
MD: ETA   0:0:49
MD:         20% done...
MD: spent 0:0:11
MD: ETA   0:0:44
MD:         30% done...
MD: spent 0:0:16
MD: ETA   0:0:37
MD:         40% done...
MD: spent 0:0:21
MD: ETA   0:0:31
MD:         50% done...
MD: spent 0:0:26
MD: ETA   0:0:26
MD:         60% done...
MD: spent 0:0:30
MD: ETA   0:0:20
MD:         70% done...
MD: spent 0:0:35
MD: ETA   0:0:15
MD:         80% done...
MD: spent 0:0:40
MD: ETA   0:0:10
MD:         90% done...
MD: spent 0:0:45
MD: ETA   0:0:5
MD:        100% done...
MD: spent 0:0:50
MD: ETA   0:0:0
cp: ‘md_peptide_5.omd’ and ‘/home/imunoz/NPT.Lambda/03ALA/extended/md/md_peptide_5.omd’ are the same file
cp: ‘md_peptide_5.cnf’ and ‘/home/imunoz/NPT.Lambda/03ALA/extended/md/md_peptide_5.cnf’ are the same file
cp: ‘md_peptide_5.trc.gz’ and ‘/home/imunoz/NPT.Lambda/03ALA/extended/md/md_peptide_5.trc.gz’ are the same file
cp: ‘md_peptide_5.tre.gz’ and ‘/home/imunoz/NPT.Lambda/03ALA/extended/md/md_peptide_5.tre.gz’ are the same file
./md_peptide_5.run: line 58: Mail: command not found
MD:         10% done...
MD: spent 0:0:5
MD: ETA   0:0:46
MD:         20% done...
MD: spent 0:0:9
MD: ETA   0:0:39
MD:         30% done...
MD: spent 0:0:14
MD: ETA   0:0:33
MD:         40% done...
MD: spent 0:0:19
MD: ETA   0:0:28
MD:         50% done...
MD: spent 0:0:24
MD: ETA   0:0:24
MD:         60% done...
MD: spent 0:0:28
MD: ETA   0:0:19
MD:         70% done...
MD: spent 0:0:33
MD: ETA   0:0:14
MD:         80% done...
MD: spent 0:0:37
MD: ETA   0:0:9
MD:         90% done...
MD: spent 0:0:42
MD: ETA   0:0:4
MD:        100% done...
MD: spent 0:0:47
MD: ETA   0:0:0
cp: ‘md_peptide_6.omd’ and ‘/home/imunoz/NPT.Lambda/03ALA/extended/md/md_peptide_6.omd’ are the same file
cp: ‘md_peptide_6.cnf’ and ‘/home/imunoz/NPT.Lambda/03ALA/extended/md/md_peptide_6.cnf’ are the same file
cp: ‘md_peptide_6.trc.gz’ and ‘/home/imunoz/NPT.Lambda/03ALA/extended/md/md_peptide_6.trc.gz’ are the same file
cp: ‘md_peptide_6.tre.gz’ and ‘/home/imunoz/NPT.Lambda/03ALA/extended/md/md_peptide_6.tre.gz’ are the same file
./md_peptide_6.run: line 58: Mail: command not found
MD:         10% done...
MD: spent 0:0:5
MD: ETA   0:0:48
MD:         20% done...
MD: spent 0:0:10
MD: ETA   0:0:40
MD:         30% done...
MD: spent 0:0:14
MD: ETA   0:0:34
MD:         40% done...
MD: spent 0:0:19
MD: ETA   0:0:29
MD:         50% done...
MD: spent 0:0:24
MD: ETA   0:0:24
MD:         60% done...
MD: spent 0:0:29
MD: ETA   0:0:19
MD:         70% done...
MD: spent 0:0:34
MD: ETA   0:0:14
MD:         80% done...
MD: spent 0:0:39
MD: ETA   0:0:9
MD:         90% done...
MD: spent 0:0:44
MD: ETA   0:0:4
MD:        100% done...
MD: spent 0:0:49
MD: ETA   0:0:0
cp: ‘md_peptide_7.omd’ and ‘/home/imunoz/NPT.Lambda/03ALA/extended/md/md_peptide_7.omd’ are the same file
cp: ‘md_peptide_7.cnf’ and ‘/home/imunoz/NPT.Lambda/03ALA/extended/md/md_peptide_7.cnf’ are the same file
cp: ‘md_peptide_7.trc.gz’ and ‘/home/imunoz/NPT.Lambda/03ALA/extended/md/md_peptide_7.trc.gz’ are the same file
cp: ‘md_peptide_7.tre.gz’ and ‘/home/imunoz/NPT.Lambda/03ALA/extended/md/md_peptide_7.tre.gz’ are the same file
./md_peptide_7.run: line 58: Mail: command not found
MD:         10% done...
MD: spent 0:0:5
MD: ETA   0:0:48
MD:         20% done...
MD: spent 0:0:10
MD: ETA   0:0:42
MD:         30% done...
MD: spent 0:0:16
MD: ETA   0:0:37
MD:         40% done...
MD: spent 0:0:21
MD: ETA   0:0:31
MD:         50% done...
MD: spent 0:0:25
MD: ETA   0:0:25
MD:         60% done...
MD: spent 0:0:30
MD: ETA   0:0:20
MD:         70% done...
MD: spent 0:0:34
MD: ETA   0:0:14
MD:         80% done...
MD: spent 0:0:39
MD: ETA   0:0:9
MD:         90% done...
MD: spent 0:0:44
MD: ETA   0:0:4
MD:        100% done...
MD: spent 0:0:48
MD: ETA   0:0:0
cp: ‘md_peptide_8.omd’ and ‘/home/imunoz/NPT.Lambda/03ALA/extended/md/md_peptide_8.omd’ are the same file
cp: ‘md_peptide_8.cnf’ and ‘/home/imunoz/NPT.Lambda/03ALA/extended/md/md_peptide_8.cnf’ are the same file
cp: ‘md_peptide_8.trc.gz’ and ‘/home/imunoz/NPT.Lambda/03ALA/extended/md/md_peptide_8.trc.gz’ are the same file
cp: ‘md_peptide_8.tre.gz’ and ‘/home/imunoz/NPT.Lambda/03ALA/extended/md/md_peptide_8.tre.gz’ are the same file
./md_peptide_8.run: line 58: Mail: command not found
MD:         10% done...
MD: spent 0:0:4
MD: ETA   0:0:44
MD:         20% done...
MD: spent 0:0:9
MD: ETA   0:0:38
MD:         30% done...
MD: spent 0:0:14
MD: ETA   0:0:33
MD:         40% done...
MD: spent 0:0:18
MD: ETA   0:0:28
MD:         50% done...
MD: spent 0:0:23
MD: ETA   0:0:23
MD:         60% done...
MD: spent 0:0:28
MD: ETA   0:0:19
MD:         70% done...
MD: spent 0:0:33
MD: ETA   0:0:14
MD:         80% done...
MD: spent 0:0:37
MD: ETA   0:0:9
MD:         90% done...
MD: spent 0:0:42
MD: ETA   0:0:4
MD:        100% done...
MD: spent 0:0:47
MD: ETA   0:0:0
cp: ‘md_peptide_9.omd’ and ‘/home/imunoz/NPT.Lambda/03ALA/extended/md/md_peptide_9.omd’ are the same file
cp: ‘md_peptide_9.cnf’ and ‘/home/imunoz/NPT.Lambda/03ALA/extended/md/md_peptide_9.cnf’ are the same file
cp: ‘md_peptide_9.trc.gz’ and ‘/home/imunoz/NPT.Lambda/03ALA/extended/md/md_peptide_9.trc.gz’ are the same file
cp: ‘md_peptide_9.tre.gz’ and ‘/home/imunoz/NPT.Lambda/03ALA/extended/md/md_peptide_9.tre.gz’ are the same file
./md_peptide_9.run: line 58: Mail: command not found
MD:         10% done...
MD: spent 0:0:5
MD: ETA   0:0:45
MD:         20% done...
MD: spent 0:0:9
MD: ETA   0:0:39
MD:         30% done...
MD: spent 0:0:14
MD: ETA   0:0:33
MD:         40% done...
MD: spent 0:0:19
MD: ETA   0:0:28
MD:         50% done...
MD: spent 0:0:24
MD: ETA   0:0:24
MD:         60% done...
MD: spent 0:0:29
MD: ETA   0:0:19
MD:         70% done...
MD: spent 0:0:34
MD: ETA   0:0:14
MD:         80% done...
MD: spent 0:0:39
MD: ETA   0:0:9
MD:         90% done...
MD: spent 0:0:43
MD: ETA   0:0:4
MD:        100% done...
MD: spent 0:0:48
MD: ETA   0:0:0
cp: ‘md_peptide_10.omd’ and ‘/home/imunoz/NPT.Lambda/03ALA/extended/md/md_peptide_10.omd’ are the same file
cp: ‘md_peptide_10.cnf’ and ‘/home/imunoz/NPT.Lambda/03ALA/extended/md/md_peptide_10.cnf’ are the same file
cp: ‘md_peptide_10.trc.gz’ and ‘/home/imunoz/NPT.Lambda/03ALA/extended/md/md_peptide_10.trc.gz’ are the same file
cp: ‘md_peptide_10.tre.gz’ and ‘/home/imunoz/NPT.Lambda/03ALA/extended/md/md_peptide_10.tre.gz’ are the same file
./md_peptide_10.run: line 58: Mail: command not found
