###### GATHER WARNING ######
# NO Gathering method specified ! 
# Thus : if the system is requested to be gathered, 
# the gathering will be done according to the 1st atom of the previous molecule
#                      selected      heavy sasa
# time                    atoms           atoms
   10.000000000     4.719078269     4.719078269
   10.500000000     4.718851793     4.718851793
   11.000000000     4.718032250     4.718032250
   11.500000000     4.718710885     4.718710885
   12.000000000     4.720226993     4.720226993
   12.500000000     4.717539600     4.717539600
   13.000000000     4.717917224     4.717917224
   13.500000000     4.719143515     4.719143515
   14.000000000     4.717609122     4.717609122
   14.500000000     4.718015637     4.718015637
   15.000000000     4.718348165     4.718348165
   15.500000000     4.720298915     4.720298915
   16.000000000     4.717940219     4.717940219
   16.500000000     4.719574395     4.719574395
   17.000000000     4.719945748     4.719945748
   17.500000000     4.719098237     4.719098237
   18.000000000     4.719309819     4.719309819
   18.500000000     4.719702117     4.719702117
   19.000000000     4.717238175     4.717238175
   19.500000000     4.718621401     4.718621401
   20.000000000     4.718447862     4.718447862
   20.500000000     4.716746177     4.716746177
   21.000000000     4.719989971     4.719989971
   21.500000000     4.718106470     4.718106470
   22.000000000     4.718193039     4.718193039
   22.500000000     4.718084705     4.718084705
   23.000000000     4.718870056     4.718870056
   23.500000000     4.718187034     4.718187034
   24.000000000     4.719029932     4.719029932
   24.500000000     4.719467413     4.719467413
   25.000000000     4.718031509     4.718031509
   25.500000000     4.718813338     4.718813338
   26.000000000     4.718310833     4.718310833
   26.500000000     4.717827092     4.717827092
   27.000000000     4.717779449     4.717779449
   27.500000000     4.718252922     4.718252922
   28.000000000     4.717332228     4.717332228
   28.500000000     4.718138486     4.718138486
   29.000000000     4.719597257     4.719597257
   29.500000000     4.720065179     4.720065179
   30.000000000     4.717731867     4.717731867
   30.500000000     4.719038133     4.719038133
   31.000000000     4.718415162     4.718415162
   31.500000000     4.717815503     4.717815503
   32.000000000     4.719296664     4.719296664
   32.500000000     4.719580202     4.719580202
   33.000000000     4.719919872     4.719919872
   33.500000000     4.719795381     4.719795381
   34.000000000     4.719203135     4.719203135
   34.500000000     4.717252126     4.717252126
   35.000000000     4.719258220     4.719258220
   35.500000000     4.719150818     4.719150818
   36.000000000     4.718587499     4.718587499
   36.500000000     4.718515241     4.718515241
   37.000000000     4.718887634     4.718887634
   37.500000000     4.719576744     4.719576744
   38.000000000     4.718908634     4.718908634
   38.500000000     4.718856910     4.718856910
   39.000000000     4.719174741     4.719174741
   39.500000000     4.719569570     4.719569570
   40.000000000     4.717858258     4.717858258
   40.500000000     4.719096540     4.719096540
   41.000000000     4.718681260     4.718681260
   41.500000000     4.718426307     4.718426307
   42.000000000     4.719142592     4.719142592
   42.500000000     4.721093524     4.721093524
   43.000000000     4.718830551     4.718830551
   43.500000000     4.719339928     4.719339928
   44.000000000     4.721438574     4.721438574
   44.500000000     4.718688129     4.718688129
   45.000000000     4.718961341     4.718961341
   45.500000000     4.720662366     4.720662366
   46.000000000     4.718296427     4.718296427
   46.500000000     4.718976645     4.718976645
   47.000000000     4.718795143     4.718795143
   47.500000000     4.718667293     4.718667293
   48.000000000     4.718762464     4.718762464
   48.500000000     4.720408216     4.720408216
   49.000000000     4.717075172     4.717075172
   49.500000000     4.718258075     4.718258075
   50.000000000     4.718423831     4.718423831
   50.500000000     4.718041302     4.718041302
   51.000000000     4.719012816     4.719012816
   51.500000000     4.718764778     4.718764778
   52.000000000     4.717415856     4.717415856
   52.500000000     4.717020887     4.717020887
   53.000000000     4.719022484     4.719022484
   53.500000000     4.717477969     4.717477969
   54.000000000     4.719757278     4.719757278
   54.500000000     4.718419699     4.718419699
   55.000000000     4.718917170     4.718917170
   55.500000000     4.717744901     4.717744901
   56.000000000     4.717682378     4.717682378
   56.500000000     4.718572504     4.718572504
   57.000000000     4.717384389     4.717384389
   57.500000000     4.718366383     4.718366383
   58.000000000     4.718282723     4.718282723
   58.500000000     4.719395619     4.719395619
   59.000000000     4.719556144     4.719556144
   59.500000000     4.717024213     4.717024213
   60.000000000     4.717316665     4.717316665
   60.500000000     4.718065544     4.718065544
   61.000000000     4.719831775     4.719831775
   61.500000000     4.718371900     4.718371900
   62.000000000     4.716077394     4.716077394
   62.500000000     4.717101999     4.717101999
   63.000000000     4.716497072     4.716497072
   63.500000000     4.717144730     4.717144730
   64.000000000     4.718899637     4.718899637
   64.500000000     4.719002723     4.719002723
   65.000000000     4.719698924     4.719698924
   65.500000000     4.717983439     4.717983439
   66.000000000     4.719191559     4.719191559
   66.500000000     4.718243588     4.718243588
   67.000000000     4.718401920     4.718401920
   67.500000000     4.719017472     4.719017472
   68.000000000     4.717384308     4.717384308
   68.500000000     4.717169218     4.717169218
   69.000000000     4.719128593     4.719128593
   69.500000000     4.717775310     4.717775310
   70.000000000     4.716921570     4.716921570
   70.500000000     4.717234089     4.717234089
   71.000000000     4.718061553     4.718061553
   71.500000000     4.716773589     4.716773589
   72.000000000     4.716849738     4.716849738
   72.500000000     4.716170742     4.716170742
   73.000000000     4.716820626     4.716820626
   73.500000000     4.717043168     4.717043168
   74.000000000     4.716752184     4.716752184
   74.500000000     4.717915451     4.717915451
   75.000000000     4.716985402     4.716985402
   75.500000000     4.718029637     4.718029637
   76.000000000     4.717458987     4.717458987
   76.500000000     4.717640072     4.717640072
   77.000000000     4.717175691     4.717175691
   77.500000000     4.717408719     4.717408719
   78.000000000     4.717158277     4.717158277
   78.500000000     4.716028557     4.716028557
   79.000000000     4.715889565     4.715889565
   79.500000000     4.716071095     4.716071095
   80.000000000     4.717251429     4.717251429
   80.500000000     4.716580065     4.716580065
   81.000000000     4.717366474     4.717366474
   81.500000000     4.717090126     4.717090126
   82.000000000     4.717063082     4.717063082
   82.500000000     4.715816527     4.715816527
   83.000000000     4.717915827     4.717915827
   83.500000000     4.716105742     4.716105742
   84.000000000     4.717189736     4.717189736
   84.500000000     4.716154698     4.716154698
   85.000000000     4.716347849     4.716347849
   85.500000000     4.715942496     4.715942496
   86.000000000     4.715198968     4.715198968
   86.500000000     4.716062593     4.716062593
   87.000000000     4.714935611     4.714935611
   87.500000000     4.715785032     4.715785032
   88.000000000     4.717326392     4.717326392
   88.500000000     4.716225522     4.716225522
   89.000000000     4.714170961     4.714170961
   89.500000000     4.716336783     4.716336783
   90.000000000     4.716213328     4.716213328
   90.500000000     4.716278249     4.716278249
   91.000000000     4.716116661     4.716116661
   91.500000000     4.716536871     4.716536871
   92.000000000     4.715688403     4.715688403
   92.500000000     4.716947987     4.716947987
   93.000000000     4.714979430     4.714979430
   93.500000000     4.714451858     4.714451858
   94.000000000     4.714864972     4.714864972
   94.500000000     4.715229746     4.715229746
   95.000000000     4.713910767     4.713910767
   95.500000000     4.716395960     4.716395960
   96.000000000     4.715282056     4.715282056
   96.500000000     4.715699328     4.715699328
   97.000000000     4.717889780     4.717889780
   97.500000000     4.716926129     4.716926129
   98.000000000     4.715051527     4.715051527
   98.500000000     4.716279688     4.716279688
   99.000000000     4.715862257     4.715862257
   99.500000000     4.715653915     4.715653915
#
# ave.             4.7178698162    4.7178698162
#
# average contribution per selected heavy atom
#
#   atom   residue name            SASA      % selected    % sasa atoms
#    1:2    1  ALA    N         0.42099         8.92329         8.92329 
#    1:4    1  ALA   CA         0.54549        11.56230        11.56230 
#    1:5    1  ALA   CB         0.57800        12.25120        12.25120 
#    1:6    1  ALA    C         0.00000         0.00000         0.00000 
#    1:7    1  ALA    O         0.25028         5.30486         5.30486 
#    1:8    2  ALA    N         0.00000         0.00000         0.00000 
#   1:10    2  ALA   CA         0.31179         6.60864         6.60864 
#   1:11    2  ALA   CB         0.55204        11.70099        11.70099 
#   1:12    2  ALA    C         0.00000         0.00000         0.00000 
#   1:13    2  ALA    O         0.23631         5.00877         5.00877 
#   1:14    3  ALA    N         0.00000         0.00000         0.00000 
#   1:16    3  ALA   CA         0.43558         9.23258         9.23258 
#   1:17    3  ALA   CB         0.56691        12.01631        12.01631 
#   1:18    3  ALA    C         0.06847         1.45135         1.45135 
#   1:19    3  ALA   O1         0.38665         8.19546         8.19546 
#   1:20    3  ALA   O2         0.36536         7.74425         7.74425 
#
# total                         4.71787       100.00000       100.00000 
