MD:         10% done...
MD: spent 0:0:38
MD: ETA   0:5:48
MD:         20% done...
MD: spent 0:1:14
MD: ETA   0:4:57
MD:         30% done...
MD: spent 0:1:50
MD: ETA   0:4:18
MD:         40% done...
MD: spent 0:2:25
MD: ETA   0:3:38
MD:         50% done...
MD: spent 0:2:59
MD: ETA   0:2:59
MD:         60% done...
MD: spent 0:3:33
MD: ETA   0:2:22
MD:         70% done...
MD: spent 0:4:6
MD: ETA   0:1:45
MD:         80% done...
MD: spent 0:4:41
MD: ETA   0:1:10
MD:         90% done...
MD: spent 0:5:15
MD: ETA   0:0:35
MD:        100% done...
MD: spent 0:5:48
MD: ETA   0:0:0
cp: ‘eq_peptide_1.omd’ and ‘/home/imunoz/NPT.Lambda/08ALA/extended/eq/eq_peptide_1.omd’ are the same file
cp: ‘eq_peptide_1.cnf’ and ‘/home/imunoz/NPT.Lambda/08ALA/extended/eq/eq_peptide_1.cnf’ are the same file
cp: ‘eq_peptide_1.trc.gz’ and ‘/home/imunoz/NPT.Lambda/08ALA/extended/eq/eq_peptide_1.trc.gz’ are the same file
cp: ‘eq_peptide_1.tre.gz’ and ‘/home/imunoz/NPT.Lambda/08ALA/extended/eq/eq_peptide_1.tre.gz’ are the same file
./eq_peptide_1.run: line 58: Mail: command not found
MD:         10% done...
MD: spent 0:0:39
MD: ETA   0:5:59
MD:         20% done...
MD: spent 0:1:18
MD: ETA   0:5:13
MD:         30% done...
MD: spent 0:1:52
MD: ETA   0:4:22
MD:         40% done...
MD: spent 0:2:26
MD: ETA   0:3:39
MD:         50% done...
MD: spent 0:2:59
MD: ETA   0:2:59
MD:         60% done...
MD: spent 0:3:33
MD: ETA   0:2:22
MD:         70% done...
MD: spent 0:4:7
MD: ETA   0:1:46
MD:         80% done...
MD: spent 0:4:41
MD: ETA   0:1:10
MD:         90% done...
MD: spent 0:5:17
MD: ETA   0:0:35
MD:        100% done...
MD: spent 0:5:53
MD: ETA   0:0:0
cp: ‘eq_peptide_2.omd’ and ‘/home/imunoz/NPT.Lambda/08ALA/extended/eq/eq_peptide_2.omd’ are the same file
cp: ‘eq_peptide_2.cnf’ and ‘/home/imunoz/NPT.Lambda/08ALA/extended/eq/eq_peptide_2.cnf’ are the same file
cp: ‘eq_peptide_2.trc.gz’ and ‘/home/imunoz/NPT.Lambda/08ALA/extended/eq/eq_peptide_2.trc.gz’ are the same file
cp: ‘eq_peptide_2.tre.gz’ and ‘/home/imunoz/NPT.Lambda/08ALA/extended/eq/eq_peptide_2.tre.gz’ are the same file
./eq_peptide_2.run: line 58: Mail: command not found
MD:         10% done...
MD: spent 0:0:37
MD: ETA   0:5:41
MD:         20% done...
MD: spent 0:1:19
MD: ETA   0:5:16
MD:         30% done...
MD: spent 0:1:57
MD: ETA   0:4:33
MD:         40% done...
MD: spent 0:2:33
MD: ETA   0:3:49
MD:         50% done...
MD: spent 0:3:7
MD: ETA   0:3:7
MD:         60% done...
MD: spent 0:3:43
MD: ETA   0:2:28
MD:         70% done...
MD: spent 0:4:20
MD: ETA   0:1:51
MD:         80% done...
MD: spent 0:4:56
MD: ETA   0:1:14
MD:         90% done...
MD: spent 0:5:32
MD: ETA   0:0:36
MD:        100% done...
MD: spent 0:6:10
MD: ETA   0:0:0
cp: ‘eq_peptide_3.omd’ and ‘/home/imunoz/NPT.Lambda/08ALA/extended/eq/eq_peptide_3.omd’ are the same file
cp: ‘eq_peptide_3.cnf’ and ‘/home/imunoz/NPT.Lambda/08ALA/extended/eq/eq_peptide_3.cnf’ are the same file
cp: ‘eq_peptide_3.trc.gz’ and ‘/home/imunoz/NPT.Lambda/08ALA/extended/eq/eq_peptide_3.trc.gz’ are the same file
cp: ‘eq_peptide_3.tre.gz’ and ‘/home/imunoz/NPT.Lambda/08ALA/extended/eq/eq_peptide_3.tre.gz’ are the same file
./eq_peptide_3.run: line 58: Mail: command not found
MD:         10% done...
MD: spent 0:0:38
MD: ETA   0:5:47
MD:         20% done...
MD: spent 0:1:16
MD: ETA   0:5:5
MD:         30% done...
MD: spent 0:1:53
MD: ETA   0:4:25
MD:         40% done...
MD: spent 0:2:30
MD: ETA   0:3:46
MD:         50% done...
MD: spent 0:3:7
MD: ETA   0:3:7
MD:         60% done...
MD: spent 0:3:45
MD: ETA   0:2:30
MD:         70% done...
MD: spent 0:4:22
MD: ETA   0:1:52
MD:         80% done...
MD: spent 0:4:56
MD: ETA   0:1:14
MD:         90% done...
MD: spent 0:5:28
MD: ETA   0:0:36
MD:        100% done...
MD: spent 0:5:59
MD: ETA   0:0:0
cp: ‘eq_peptide_4.omd’ and ‘/home/imunoz/NPT.Lambda/08ALA/extended/eq/eq_peptide_4.omd’ are the same file
cp: ‘eq_peptide_4.cnf’ and ‘/home/imunoz/NPT.Lambda/08ALA/extended/eq/eq_peptide_4.cnf’ are the same file
cp: ‘eq_peptide_4.trc.gz’ and ‘/home/imunoz/NPT.Lambda/08ALA/extended/eq/eq_peptide_4.trc.gz’ are the same file
cp: ‘eq_peptide_4.tre.gz’ and ‘/home/imunoz/NPT.Lambda/08ALA/extended/eq/eq_peptide_4.tre.gz’ are the same file
./eq_peptide_4.run: line 58: Mail: command not found
MD:         10% done...
MD: spent 0:0:33
MD: ETA   0:4:57
MD:         20% done...
MD: spent 0:1:4
MD: ETA   0:4:17
MD:         30% done...
MD: spent 0:1:35
MD: ETA   0:3:43
MD:         40% done...
MD: spent 0:2:7
MD: ETA   0:3:10
MD:         50% done...
MD: spent 0:2:38
MD: ETA   0:2:38
MD:         60% done...
MD: spent 0:3:9
MD: ETA   0:2:6
MD:         70% done...
MD: spent 0:3:41
MD: ETA   0:1:34
MD:         80% done...
MD: spent 0:4:12
MD: ETA   0:1:3
MD:         90% done...
MD: spent 0:4:44
MD: ETA   0:0:31
MD:        100% done...
MD: spent 0:5:15
MD: ETA   0:0:0
cp: ‘eq_peptide_5.omd’ and ‘/home/imunoz/NPT.Lambda/08ALA/extended/eq/eq_peptide_5.omd’ are the same file
cp: ‘eq_peptide_5.cnf’ and ‘/home/imunoz/NPT.Lambda/08ALA/extended/eq/eq_peptide_5.cnf’ are the same file
cp: ‘eq_peptide_5.trc.gz’ and ‘/home/imunoz/NPT.Lambda/08ALA/extended/eq/eq_peptide_5.trc.gz’ are the same file
cp: ‘eq_peptide_5.tre.gz’ and ‘/home/imunoz/NPT.Lambda/08ALA/extended/eq/eq_peptide_5.tre.gz’ are the same file
./eq_peptide_5.run: line 58: Mail: command not found
