MD:         10% done...
MD: spent 0:0:37
MD: ETA   0:5:41
MD:         20% done...
MD: spent 0:1:13
MD: ETA   0:4:55
MD:         30% done...
MD: spent 0:1:49
MD: ETA   0:4:16
MD:         40% done...
MD: spent 0:2:25
MD: ETA   0:3:38
MD:         50% done...
MD: spent 0:3:2
MD: ETA   0:3:2
MD:         60% done...
MD: spent 0:3:38
MD: ETA   0:2:25
MD:         70% done...
MD: spent 0:4:14
MD: ETA   0:1:49
MD:         80% done...
MD: spent 0:4:50
MD: ETA   0:1:12
MD:         90% done...
MD: spent 0:5:26
MD: ETA   0:0:36
MD:        100% done...
MD: spent 0:6:2
MD: ETA   0:0:0
cp: ‘eq_peptide_1.omd’ and ‘/home/imunoz/NPT.Lambda/08ALA/extended/eq/eq_peptide_1.omd’ are the same file
cp: ‘eq_peptide_1.cnf’ and ‘/home/imunoz/NPT.Lambda/08ALA/extended/eq/eq_peptide_1.cnf’ are the same file
cp: ‘eq_peptide_1.trc.gz’ and ‘/home/imunoz/NPT.Lambda/08ALA/extended/eq/eq_peptide_1.trc.gz’ are the same file
cp: ‘eq_peptide_1.tre.gz’ and ‘/home/imunoz/NPT.Lambda/08ALA/extended/eq/eq_peptide_1.tre.gz’ are the same file
./eq_peptide_1.run: line 58: Mail: command not found
MD:         10% done...
MD: spent 0:0:39
MD: ETA   0:5:51
MD:         20% done...
MD: spent 0:1:15
MD: ETA   0:5:0
MD:         30% done...
MD: spent 0:1:50
MD: ETA   0:4:18
MD:         40% done...
MD: spent 0:2:26
MD: ETA   0:3:39
MD:         50% done...
MD: spent 0:3:1
MD: ETA   0:3:1
MD:         60% done...
MD: spent 0:3:37
MD: ETA   0:2:24
MD:         70% done...
MD: spent 0:4:12
MD: ETA   0:1:48
MD:         80% done...
MD: spent 0:4:47
MD: ETA   0:1:11
MD:         90% done...
MD: spent 0:5:23
MD: ETA   0:0:35
MD:        100% done...
MD: spent 0:5:58
MD: ETA   0:0:0
cp: ‘eq_peptide_2.omd’ and ‘/home/imunoz/NPT.Lambda/08ALA/extended/eq/eq_peptide_2.omd’ are the same file
cp: ‘eq_peptide_2.cnf’ and ‘/home/imunoz/NPT.Lambda/08ALA/extended/eq/eq_peptide_2.cnf’ are the same file
cp: ‘eq_peptide_2.trc.gz’ and ‘/home/imunoz/NPT.Lambda/08ALA/extended/eq/eq_peptide_2.trc.gz’ are the same file
cp: ‘eq_peptide_2.tre.gz’ and ‘/home/imunoz/NPT.Lambda/08ALA/extended/eq/eq_peptide_2.tre.gz’ are the same file
./eq_peptide_2.run: line 58: Mail: command not found
MD:         10% done...
MD: spent 0:0:38
MD: ETA   0:5:43
MD:         20% done...
MD: spent 0:1:13
MD: ETA   0:4:54
MD:         30% done...
MD: spent 0:1:49
MD: ETA   0:4:14
MD:         40% done...
MD: spent 0:2:24
MD: ETA   0:3:37
MD:         50% done...
MD: spent 0:3:0
MD: ETA   0:3:0
MD:         60% done...
MD: spent 0:3:36
MD: ETA   0:2:24
MD:         70% done...
MD: spent 0:4:12
MD: ETA   0:1:48
MD:         80% done...
MD: spent 0:4:48
MD: ETA   0:1:12
MD:         90% done...
MD: spent 0:5:23
MD: ETA   0:0:35
MD:        100% done...
MD: spent 0:5:59
MD: ETA   0:0:0
cp: ‘eq_peptide_3.omd’ and ‘/home/imunoz/NPT.Lambda/08ALA/extended/eq/eq_peptide_3.omd’ are the same file
cp: ‘eq_peptide_3.cnf’ and ‘/home/imunoz/NPT.Lambda/08ALA/extended/eq/eq_peptide_3.cnf’ are the same file
cp: ‘eq_peptide_3.trc.gz’ and ‘/home/imunoz/NPT.Lambda/08ALA/extended/eq/eq_peptide_3.trc.gz’ are the same file
cp: ‘eq_peptide_3.tre.gz’ and ‘/home/imunoz/NPT.Lambda/08ALA/extended/eq/eq_peptide_3.tre.gz’ are the same file
./eq_peptide_3.run: line 58: Mail: command not found
MD:         10% done...
MD: spent 0:0:36
MD: ETA   0:5:29
MD:         20% done...
MD: spent 0:1:12
MD: ETA   0:4:48
MD:         30% done...
MD: spent 0:1:47
MD: ETA   0:4:11
MD:         40% done...
MD: spent 0:2:23
MD: ETA   0:3:34
MD:         50% done...
MD: spent 0:2:58
MD: ETA   0:2:58
MD:         60% done...
MD: spent 0:3:33
MD: ETA   0:2:22
MD:         70% done...
MD: spent 0:4:9
MD: ETA   0:1:46
MD:         80% done...
MD: spent 0:4:44
MD: ETA   0:1:11
MD:         90% done...
MD: spent 0:5:19
MD: ETA   0:0:35
MD:        100% done...
MD: spent 0:5:54
MD: ETA   0:0:0
cp: ‘eq_peptide_4.omd’ and ‘/home/imunoz/NPT.Lambda/08ALA/extended/eq/eq_peptide_4.omd’ are the same file
cp: ‘eq_peptide_4.cnf’ and ‘/home/imunoz/NPT.Lambda/08ALA/extended/eq/eq_peptide_4.cnf’ are the same file
cp: ‘eq_peptide_4.trc.gz’ and ‘/home/imunoz/NPT.Lambda/08ALA/extended/eq/eq_peptide_4.trc.gz’ are the same file
cp: ‘eq_peptide_4.tre.gz’ and ‘/home/imunoz/NPT.Lambda/08ALA/extended/eq/eq_peptide_4.tre.gz’ are the same file
./eq_peptide_4.run: line 58: Mail: command not found
MD:         10% done...
MD: spent 0:0:42
MD: ETA   0:6:23
MD:         20% done...
MD: spent 0:1:24
MD: ETA   0:5:39
MD:         30% done...
MD: spent 0:2:6
MD: ETA   0:4:56
MD:         40% done...
MD: spent 0:2:48
MD: ETA   0:4:12
MD:         50% done...
MD: spent 0:3:30
MD: ETA   0:3:30
MD:         60% done...
MD: spent 0:4:9
MD: ETA   0:2:46
MD:         70% done...
MD: spent 0:4:52
MD: ETA   0:2:5
MD:         80% done...
MD: spent 0:5:34
MD: ETA   0:1:23
MD:         90% done...
MD: spent 0:6:16
MD: ETA   0:0:41
MD:        100% done...
MD: spent 0:6:59
MD: ETA   0:0:0
cp: ‘eq_peptide_5.omd’ and ‘/home/imunoz/NPT.Lambda/08ALA/extended/eq/eq_peptide_5.omd’ are the same file
cp: ‘eq_peptide_5.cnf’ and ‘/home/imunoz/NPT.Lambda/08ALA/extended/eq/eq_peptide_5.cnf’ are the same file
cp: ‘eq_peptide_5.trc.gz’ and ‘/home/imunoz/NPT.Lambda/08ALA/extended/eq/eq_peptide_5.trc.gz’ are the same file
cp: ‘eq_peptide_5.tre.gz’ and ‘/home/imunoz/NPT.Lambda/08ALA/extended/eq/eq_peptide_5.tre.gz’ are the same file
./eq_peptide_5.run: line 58: Mail: command not found
