Topology contains 1 molecule:

  molecule     # atoms     # bonds    # angles # impropers # dihedrals# cross-dihedrals  tot charge
         1          63          62          91          29          49           0           0

Performing some basic checks on the charge groups, exclusions, bonds, angles and improper dihedrals...
--------------------
In Molecule 1:

No improper dihedral in topology for atoms 2-1-3-4

--------------------


Comparing parameters with other building blocks for consistency
Building block file: ../../topos/54a7.mtb
Parameter file: ../../topos/54a7.ifp

--------------------
In Molecule 1:


63 ATOMS :

   atom-   atom-   IAC     mass   charge charge group    consistency
  number    name
       1      H1    21    1.008     0.44   0             OK
       2       N     7  14.0067    -0.64   0             OK
       3      H2    21    1.008     0.44   0             OK
       4      CA    14   13.019    -0.24   1             Inconsistency with building block file:
		No atoms found with IAC 14 and charge -0.24
		Suggested Charge (occurence):
			        0 (   52)
			     0.16 (    8)
			      0.2 (    8)
			     0.15 (    4)
			    0.266 (    3)
			      0.3 (    1)

       5      CB    16   15.035        0   1             OK
       6       C    12   12.011     0.45   0             OK
       7       O     1  15.9994    -0.45   1             OK
       8       N     6  14.0067    -0.31   0             OK
       9       H    21    1.008     0.31   1             OK
      10      CA    14   13.019        0   0             OK
      11      CB    16   15.035        0   1             OK
      12       C    12   12.011     0.45   0             OK
      13       O     1  15.9994    -0.45   1             OK
      14       N     6  14.0067    -0.31   0             OK
      15       H    21    1.008     0.31   1             OK
      16      CA    14   13.019        0   0             OK
      17      CB    16   15.035        0   1             OK
      18       C    12   12.011     0.45   0             OK
      19       O     1  15.9994    -0.45   1             OK
      20       N     6  14.0067    -0.31   0             OK
      21       H    21    1.008     0.31   1             OK
      22      CA    14   13.019        0   0             OK
      23      CB    16   15.035        0   1             OK
      24       C    12   12.011     0.45   0             OK
      25       O     1  15.9994    -0.45   1             OK
      26       N     6  14.0067    -0.31   0             OK
      27       H    21    1.008     0.31   1             OK
      28      CA    14   13.019        0   0             OK
      29      CB    16   15.035        0   1             OK
      30       C    12   12.011     0.45   0             OK
      31       O     1  15.9994    -0.45   1             OK
      32       N     6  14.0067    -0.31   0             OK
      33       H    21    1.008     0.31   1             OK
      34      CA    14   13.019        0   0             OK
      35      CB    16   15.035        0   1             OK
      36       C    12   12.011     0.45   0             OK
      37       O     1  15.9994    -0.45   1             OK
      38       N     6  14.0067    -0.31   0             OK
      39       H    21    1.008     0.31   1             OK
      40      CA    14   13.019        0   0             OK
      41      CB    16   15.035        0   1             OK
      42       C    12   12.011     0.45   0             OK
      43       O     1  15.9994    -0.45   1             OK
      44       N     6  14.0067    -0.31   0             OK
      45       H    21    1.008     0.31   1             OK
      46      CA    14   13.019        0   0             OK
      47      CB    16   15.035        0   1             OK
      48       C    12   12.011     0.45   0             OK
      49       O     1  15.9994    -0.45   1             OK
      50       N     6  14.0067    -0.31   0             OK
      51       H    21    1.008     0.31   1             OK
      52      CA    14   13.019        0   0             OK
      53      CB    16   15.035        0   1             OK
      54       C    12   12.011     0.45   0             OK
      55       O     1  15.9994    -0.45   1             OK
      56       N     6  14.0067    -0.31   0             OK
      57       H    21    1.008     0.31   1             OK
      58      CA    14   13.019        0   0             OK
      59      CB    16   15.035        0   1             OK
      60       C    12   12.011     0.33   0             OK
      61      O1     1  15.9994    -0.45   0             OK
      62      O2     3  15.9994   -0.288   0             OK
      63       H    21    1.008    0.408   1             OK

62 BONDS :

 mol     atom-       atom-       atom-   bond- found    most  alternatives
  #    numbers       names         IAC    type        common
   1    1-   2     H1-   N     21-   7       2     X     X     0
   1    2-   3      N-  H2      7-  21       2     X     X     0
   1    2-   4      N-  CA      7-  14      21                 0
   1    4-   5     CA-  CB     14-  16      27     X     X     0
   1    4-   6     CA-   C     14-  12      27     X     X     0
   1    6-   7      C-   O     12-   1       5     X     X     0
   1    6-   8      C-   N     12-   6      10     X     X     0
   1    8-   9      N-   H      6-  21       2     X     X     0
   1    8-  10      N-  CA      6-  14      21     X     X     0
   1   10-  11     CA-  CB     14-  16      27     X     X     0
   1   10-  12     CA-   C     14-  12      27     X     X     0
   1   12-  13      C-   O     12-   1       5     X     X     0
   1   12-  14      C-   N     12-   6      10     X     X     0
   1   14-  15      N-   H      6-  21       2     X     X     0
   1   14-  16      N-  CA      6-  14      21     X     X     0
   1   16-  17     CA-  CB     14-  16      27     X     X     0
   1   16-  18     CA-   C     14-  12      27     X     X     0
   1   18-  19      C-   O     12-   1       5     X     X     0
   1   18-  20      C-   N     12-   6      10     X     X     0
   1   20-  21      N-   H      6-  21       2     X     X     0
   1   20-  22      N-  CA      6-  14      21     X     X     0
   1   22-  23     CA-  CB     14-  16      27     X     X     0
   1   22-  24     CA-   C     14-  12      27     X     X     0
   1   24-  25      C-   O     12-   1       5     X     X     0
   1   24-  26      C-   N     12-   6      10     X     X     0
   1   26-  27      N-   H      6-  21       2     X     X     0
   1   26-  28      N-  CA      6-  14      21     X     X     0
   1   28-  29     CA-  CB     14-  16      27     X     X     0
   1   28-  30     CA-   C     14-  12      27     X     X     0
   1   30-  31      C-   O     12-   1       5     X     X     0
   1   30-  32      C-   N     12-   6      10     X     X     0
   1   32-  33      N-   H      6-  21       2     X     X     0
   1   32-  34      N-  CA      6-  14      21     X     X     0
   1   34-  35     CA-  CB     14-  16      27     X     X     0
   1   34-  36     CA-   C     14-  12      27     X     X     0
   1   36-  37      C-   O     12-   1       5     X     X     0
   1   36-  38      C-   N     12-   6      10     X     X     0
   1   38-  39      N-   H      6-  21       2     X     X     0
   1   38-  40      N-  CA      6-  14      21     X     X     0
   1   40-  41     CA-  CB     14-  16      27     X     X     0
   1   40-  42     CA-   C     14-  12      27     X     X     0
   1   42-  43      C-   O     12-   1       5     X     X     0
   1   42-  44      C-   N     12-   6      10     X     X     0
   1   44-  45      N-   H      6-  21       2     X     X     0
   1   44-  46      N-  CA      6-  14      21     X     X     0
   1   46-  47     CA-  CB     14-  16      27     X     X     0
   1   46-  48     CA-   C     14-  12      27     X     X     0
   1   48-  49      C-   O     12-   1       5     X     X     0
   1   48-  50      C-   N     12-   6      10     X     X     0
   1   50-  51      N-   H      6-  21       2     X     X     0
   1   50-  52      N-  CA      6-  14      21     X     X     0
   1   52-  53     CA-  CB     14-  16      27     X     X     0
   1   52-  54     CA-   C     14-  12      27     X     X     0
   1   54-  55      C-   O     12-   1       5     X     X     0
   1   54-  56      C-   N     12-   6      10     X     X     0
   1   56-  57      N-   H      6-  21       2     X     X     0
   1   56-  58      N-  CA      6-  14      21     X     X     0
   1   58-  59     CA-  CB     14-  16      27     X     X     0
   1   58-  60     CA-   C     14-  12      27     X     X     0
   1   60-  61      C-  O1     12-   1       5     X     X     0
   1   60-  62      C-  O2     12-   3      13     X     X     0
   1   62-  63     O2-   H      3-  21       1     X     X     0

91 ANGLES :

 mol          atom-            atom-            atom-  angle- found    most  alternatives
  #         numbers            names              IAC    type        common
   1    1-   2-   3     H1-   N-  H2     21-   7-  21      10     X           1
		type   force constant         angle   (occurrence)
		  24:       4.450e+02       120.000   (    8)
		  10:       3.800e+02       109.500   (    1)
   1    1-   2-   4     H1-   N-  CA     21-   7-  14      11                 0
   1    3-   2-   4     H2-   N-  CA     21-   7-  14      11                 0
   1    2-   4-   5      N-  CA-  CB      7-  14-  16      13                 0
   1    2-   4-   6      N-  CA-   C      7-  14-  12      13                 0
   1    5-   4-   6     CB-  CA-   C     16-  14-  12      13     X     X     0
   1    4-   6-   7     CA-   C-   O     14-  12-   1      30     X     X     0
   1    4-   6-   8     CA-   C-   N     14-  12-   6      19     X     X     0
   1    7-   6-   8      O-   C-   N      1-  12-   6      33     X     X     0
   1    6-   8-   9      C-   N-   H     12-   6-  21      32     X     X     0
   1    6-   8-  10      C-   N-  CA     12-   6-  14      31     X     X     0
   1    9-   8-  10      H-   N-  CA     21-   6-  14      18     X     X     0
   1    8-  10-  11      N-  CA-  CB      6-  14-  16      13     X     X     0
   1    8-  10-  12      N-  CA-   C      6-  14-  12      13     X     X     0
   1   11-  10-  12     CB-  CA-   C     16-  14-  12      13     X     X     0
   1   10-  12-  13     CA-   C-   O     14-  12-   1      30     X     X     0
   1   10-  12-  14     CA-   C-   N     14-  12-   6      19     X     X     0
   1   13-  12-  14      O-   C-   N      1-  12-   6      33     X     X     0
   1   12-  14-  15      C-   N-   H     12-   6-  21      32     X     X     0
   1   12-  14-  16      C-   N-  CA     12-   6-  14      31     X     X     0
   1   15-  14-  16      H-   N-  CA     21-   6-  14      18     X     X     0
   1   14-  16-  17      N-  CA-  CB      6-  14-  16      13     X     X     0
   1   14-  16-  18      N-  CA-   C      6-  14-  12      13     X     X     0
   1   17-  16-  18     CB-  CA-   C     16-  14-  12      13     X     X     0
   1   16-  18-  19     CA-   C-   O     14-  12-   1      30     X     X     0
   1   16-  18-  20     CA-   C-   N     14-  12-   6      19     X     X     0
   1   19-  18-  20      O-   C-   N      1-  12-   6      33     X     X     0
   1   18-  20-  21      C-   N-   H     12-   6-  21      32     X     X     0
   1   18-  20-  22      C-   N-  CA     12-   6-  14      31     X     X     0
   1   21-  20-  22      H-   N-  CA     21-   6-  14      18     X     X     0
   1   20-  22-  23      N-  CA-  CB      6-  14-  16      13     X     X     0
   1   20-  22-  24      N-  CA-   C      6-  14-  12      13     X     X     0
   1   23-  22-  24     CB-  CA-   C     16-  14-  12      13     X     X     0
   1   22-  24-  25     CA-   C-   O     14-  12-   1      30     X     X     0
   1   22-  24-  26     CA-   C-   N     14-  12-   6      19     X     X     0
   1   25-  24-  26      O-   C-   N      1-  12-   6      33     X     X     0
   1   24-  26-  27      C-   N-   H     12-   6-  21      32     X     X     0
   1   24-  26-  28      C-   N-  CA     12-   6-  14      31     X     X     0
   1   27-  26-  28      H-   N-  CA     21-   6-  14      18     X     X     0
   1   26-  28-  29      N-  CA-  CB      6-  14-  16      13     X     X     0
   1   26-  28-  30      N-  CA-   C      6-  14-  12      13     X     X     0
   1   29-  28-  30     CB-  CA-   C     16-  14-  12      13     X     X     0
   1   28-  30-  31     CA-   C-   O     14-  12-   1      30     X     X     0
   1   28-  30-  32     CA-   C-   N     14-  12-   6      19     X     X     0
   1   31-  30-  32      O-   C-   N      1-  12-   6      33     X     X     0
   1   30-  32-  33      C-   N-   H     12-   6-  21      32     X     X     0
   1   30-  32-  34      C-   N-  CA     12-   6-  14      31     X     X     0
   1   33-  32-  34      H-   N-  CA     21-   6-  14      18     X     X     0
   1   32-  34-  35      N-  CA-  CB      6-  14-  16      13     X     X     0
   1   32-  34-  36      N-  CA-   C      6-  14-  12      13     X     X     0
   1   35-  34-  36     CB-  CA-   C     16-  14-  12      13     X     X     0
   1   34-  36-  37     CA-   C-   O     14-  12-   1      30     X     X     0
   1   34-  36-  38     CA-   C-   N     14-  12-   6      19     X     X     0
   1   37-  36-  38      O-   C-   N      1-  12-   6      33     X     X     0
   1   36-  38-  39      C-   N-   H     12-   6-  21      32     X     X     0
   1   36-  38-  40      C-   N-  CA     12-   6-  14      31     X     X     0
   1   39-  38-  40      H-   N-  CA     21-   6-  14      18     X     X     0
   1   38-  40-  41      N-  CA-  CB      6-  14-  16      13     X     X     0
   1   38-  40-  42      N-  CA-   C      6-  14-  12      13     X     X     0
   1   41-  40-  42     CB-  CA-   C     16-  14-  12      13     X     X     0
   1   40-  42-  43     CA-   C-   O     14-  12-   1      30     X     X     0
   1   40-  42-  44     CA-   C-   N     14-  12-   6      19     X     X     0
   1   43-  42-  44      O-   C-   N      1-  12-   6      33     X     X     0
   1   42-  44-  45      C-   N-   H     12-   6-  21      32     X     X     0
   1   42-  44-  46      C-   N-  CA     12-   6-  14      31     X     X     0
   1   45-  44-  46      H-   N-  CA     21-   6-  14      18     X     X     0
   1   44-  46-  47      N-  CA-  CB      6-  14-  16      13     X     X     0
   1   44-  46-  48      N-  CA-   C      6-  14-  12      13     X     X     0
   1   47-  46-  48     CB-  CA-   C     16-  14-  12      13     X     X     0
   1   46-  48-  49     CA-   C-   O     14-  12-   1      30     X     X     0
   1   46-  48-  50     CA-   C-   N     14-  12-   6      19     X     X     0
   1   49-  48-  50      O-   C-   N      1-  12-   6      33     X     X     0
   1   48-  50-  51      C-   N-   H     12-   6-  21      32     X     X     0
   1   48-  50-  52      C-   N-  CA     12-   6-  14      31     X     X     0
   1   51-  50-  52      H-   N-  CA     21-   6-  14      18     X     X     0
   1   50-  52-  53      N-  CA-  CB      6-  14-  16      13     X     X     0
   1   50-  52-  54      N-  CA-   C      6-  14-  12      13     X     X     0
   1   53-  52-  54     CB-  CA-   C     16-  14-  12      13     X     X     0
   1   52-  54-  55     CA-   C-   O     14-  12-   1      30     X     X     0
   1   52-  54-  56     CA-   C-   N     14-  12-   6      19     X     X     0
   1   55-  54-  56      O-   C-   N      1-  12-   6      33     X     X     0
   1   54-  56-  57      C-   N-   H     12-   6-  21      32     X     X     0
   1   54-  56-  58      C-   N-  CA     12-   6-  14      31     X     X     0
   1   57-  56-  58      H-   N-  CA     21-   6-  14      18     X     X     0
   1   56-  58-  59      N-  CA-  CB      6-  14-  16      13     X     X     0
   1   56-  58-  60      N-  CA-   C      6-  14-  12      13     X     X     0
   1   59-  58-  60     CB-  CA-   C     16-  14-  12      13     X     X     0
   1   58-  60-  61     CA-   C-  O1     14-  12-   1      30     X     X     0
   1   58-  60-  62     CA-   C-  O2     14-  12-   3      19                 0
   1   61-  60-  62     O1-   C-  O2      1-  12-   3      33     X     X     0
   1   60-  62-  63      C-  O2-   H     12-   3-  21      12     X     X     0

29 IMPROPER DIHEDRALS :

 mol               atom-                 atom-                 atom-   improper- found    most  alternatives
  #              numbers                 names                   IAC        type        common
   1    4-   2-   6-   5     CA-   N-   C-  CB     14-   7-  12-  16           2                 0
   1    6-   4-   8-   7      C-  CA-   N-   O     12-  14-   6-   1           1     X     X     0
   1    8-   6-  10-   9      N-   C-  CA-   H      6-  12-  14-  21           1     X     X     0
   1   10-   8-  12-  11     CA-   N-   C-  CB     14-   6-  12-  16           2     X     X     0
   1   12-  10-  14-  13      C-  CA-   N-   O     12-  14-   6-   1           1     X     X     0
   1   14-  12-  16-  15      N-   C-  CA-   H      6-  12-  14-  21           1     X     X     0
   1   16-  14-  18-  17     CA-   N-   C-  CB     14-   6-  12-  16           2     X     X     0
   1   18-  16-  20-  19      C-  CA-   N-   O     12-  14-   6-   1           1     X     X     0
   1   20-  18-  22-  21      N-   C-  CA-   H      6-  12-  14-  21           1     X     X     0
   1   22-  20-  24-  23     CA-   N-   C-  CB     14-   6-  12-  16           2     X     X     0
   1   24-  22-  26-  25      C-  CA-   N-   O     12-  14-   6-   1           1     X     X     0
   1   26-  24-  28-  27      N-   C-  CA-   H      6-  12-  14-  21           1     X     X     0
   1   28-  26-  30-  29     CA-   N-   C-  CB     14-   6-  12-  16           2     X     X     0
   1   30-  28-  32-  31      C-  CA-   N-   O     12-  14-   6-   1           1     X     X     0
   1   32-  30-  34-  33      N-   C-  CA-   H      6-  12-  14-  21           1     X     X     0
   1   34-  32-  36-  35     CA-   N-   C-  CB     14-   6-  12-  16           2     X     X     0
   1   36-  34-  38-  37      C-  CA-   N-   O     12-  14-   6-   1           1     X     X     0
   1   38-  36-  40-  39      N-   C-  CA-   H      6-  12-  14-  21           1     X     X     0
   1   40-  38-  42-  41     CA-   N-   C-  CB     14-   6-  12-  16           2     X     X     0
   1   42-  40-  44-  43      C-  CA-   N-   O     12-  14-   6-   1           1     X     X     0
   1   44-  42-  46-  45      N-   C-  CA-   H      6-  12-  14-  21           1     X     X     0
   1   46-  44-  48-  47     CA-   N-   C-  CB     14-   6-  12-  16           2     X     X     0
   1   48-  46-  50-  49      C-  CA-   N-   O     12-  14-   6-   1           1     X     X     0
   1   50-  48-  52-  51      N-   C-  CA-   H      6-  12-  14-  21           1     X     X     0
   1   52-  50-  54-  53     CA-   N-   C-  CB     14-   6-  12-  16           2     X     X     0
   1   54-  52-  56-  55      C-  CA-   N-   O     12-  14-   6-   1           1     X     X     0
   1   56-  54-  58-  57      N-   C-  CA-   H      6-  12-  14-  21           1     X     X     0
   1   58-  56-  60-  59     CA-   N-   C-  CB     14-   6-  12-  16           2     X     X     0
   1   60-  58-  62-  61      C-  CA-  O2-  O1     12-  14-   3-   1           1                 0

49 DIHEDRAL ANGLES :

 mol               atom-                 atom-                 atom-   dihedral- found    most  alternatives
  #              numbers                 names                   IAC        type        common
   1    1-   2-   4-   6     H1-   N-  CA-   C     21-   7-  14-  12          29                 0
   1    2-   4-   6-   8      N-  CA-   C-   N      7-  14-  12-   6          42                 0
   1    2-   4-   6-   8      N-  CA-   C-   N      7-  14-  12-   6          45                 0
   1    4-   6-   8-  10     CA-   C-   N-  CA     14-  12-   6-  14          14                 0
   1    6-   8-  10-  12      C-   N-  CA-   C     12-   6-  14-  12          43     X     X     1
		type   force constant   phase shift  multiplicity   (occurrence)
		  43:       2.800e+00           1.0             3   (   38)
		  44:       7.000e-01          -1.0             6   (   38)
   1    6-   8-  10-  12      C-   N-  CA-   C     12-   6-  14-  12          44     X           1
		type   force constant   phase shift  multiplicity   (occurrence)
		  43:       2.800e+00           1.0             3   (   38)
		  44:       7.000e-01          -1.0             6   (   38)
   1    8-  10-  12-  14      N-  CA-   C-   N      6-  14-  12-   6          42     X     X     1
		type   force constant   phase shift  multiplicity   (occurrence)
		  42:       3.500e+00          -1.0             2   (   38)
		  45:       4.000e-01           1.0             6   (   38)
   1    8-  10-  12-  14      N-  CA-   C-   N      6-  14-  12-   6          45     X           1
		type   force constant   phase shift  multiplicity   (occurrence)
		  42:       3.500e+00          -1.0             2   (   38)
		  45:       4.000e-01           1.0             6   (   38)
   1   10-  12-  14-  16     CA-   C-   N-  CA     14-  12-   6-  14          14                 0
   1   12-  14-  16-  18      C-   N-  CA-   C     12-   6-  14-  12          43     X     X     1
		type   force constant   phase shift  multiplicity   (occurrence)
		  43:       2.800e+00           1.0             3   (   38)
		  44:       7.000e-01          -1.0             6   (   38)
   1   12-  14-  16-  18      C-   N-  CA-   C     12-   6-  14-  12          44     X           1
		type   force constant   phase shift  multiplicity   (occurrence)
		  43:       2.800e+00           1.0             3   (   38)
		  44:       7.000e-01          -1.0             6   (   38)
   1   14-  16-  18-  20      N-  CA-   C-   N      6-  14-  12-   6          42     X     X     1
		type   force constant   phase shift  multiplicity   (occurrence)
		  42:       3.500e+00          -1.0             2   (   38)
		  45:       4.000e-01           1.0             6   (   38)
   1   14-  16-  18-  20      N-  CA-   C-   N      6-  14-  12-   6          45     X           1
		type   force constant   phase shift  multiplicity   (occurrence)
		  42:       3.500e+00          -1.0             2   (   38)
		  45:       4.000e-01           1.0             6   (   38)
   1   16-  18-  20-  22     CA-   C-   N-  CA     14-  12-   6-  14          14                 0
   1   18-  20-  22-  24      C-   N-  CA-   C     12-   6-  14-  12          43     X     X     1
		type   force constant   phase shift  multiplicity   (occurrence)
		  43:       2.800e+00           1.0             3   (   38)
		  44:       7.000e-01          -1.0             6   (   38)
   1   18-  20-  22-  24      C-   N-  CA-   C     12-   6-  14-  12          44     X           1
		type   force constant   phase shift  multiplicity   (occurrence)
		  43:       2.800e+00           1.0             3   (   38)
		  44:       7.000e-01          -1.0             6   (   38)
   1   20-  22-  24-  26      N-  CA-   C-   N      6-  14-  12-   6          42     X     X     1
		type   force constant   phase shift  multiplicity   (occurrence)
		  42:       3.500e+00          -1.0             2   (   38)
		  45:       4.000e-01           1.0             6   (   38)
   1   20-  22-  24-  26      N-  CA-   C-   N      6-  14-  12-   6          45     X           1
		type   force constant   phase shift  multiplicity   (occurrence)
		  42:       3.500e+00          -1.0             2   (   38)
		  45:       4.000e-01           1.0             6   (   38)
   1   22-  24-  26-  28     CA-   C-   N-  CA     14-  12-   6-  14          14                 0
   1   24-  26-  28-  30      C-   N-  CA-   C     12-   6-  14-  12          43     X     X     1
		type   force constant   phase shift  multiplicity   (occurrence)
		  43:       2.800e+00           1.0             3   (   38)
		  44:       7.000e-01          -1.0             6   (   38)
   1   24-  26-  28-  30      C-   N-  CA-   C     12-   6-  14-  12          44     X           1
		type   force constant   phase shift  multiplicity   (occurrence)
		  43:       2.800e+00           1.0             3   (   38)
		  44:       7.000e-01          -1.0             6   (   38)
   1   26-  28-  30-  32      N-  CA-   C-   N      6-  14-  12-   6          42     X     X     1
		type   force constant   phase shift  multiplicity   (occurrence)
		  42:       3.500e+00          -1.0             2   (   38)
		  45:       4.000e-01           1.0             6   (   38)
   1   26-  28-  30-  32      N-  CA-   C-   N      6-  14-  12-   6          45     X           1
		type   force constant   phase shift  multiplicity   (occurrence)
		  42:       3.500e+00          -1.0             2   (   38)
		  45:       4.000e-01           1.0             6   (   38)
   1   28-  30-  32-  34     CA-   C-   N-  CA     14-  12-   6-  14          14                 0
   1   30-  32-  34-  36      C-   N-  CA-   C     12-   6-  14-  12          43     X     X     1
		type   force constant   phase shift  multiplicity   (occurrence)
		  43:       2.800e+00           1.0             3   (   38)
		  44:       7.000e-01          -1.0             6   (   38)
   1   30-  32-  34-  36      C-   N-  CA-   C     12-   6-  14-  12          44     X           1
		type   force constant   phase shift  multiplicity   (occurrence)
		  43:       2.800e+00           1.0             3   (   38)
		  44:       7.000e-01          -1.0             6   (   38)
   1   32-  34-  36-  38      N-  CA-   C-   N      6-  14-  12-   6          42     X     X     1
		type   force constant   phase shift  multiplicity   (occurrence)
		  42:       3.500e+00          -1.0             2   (   38)
		  45:       4.000e-01           1.0             6   (   38)
   1   32-  34-  36-  38      N-  CA-   C-   N      6-  14-  12-   6          45     X           1
		type   force constant   phase shift  multiplicity   (occurrence)
		  42:       3.500e+00          -1.0             2   (   38)
		  45:       4.000e-01           1.0             6   (   38)
   1   34-  36-  38-  40     CA-   C-   N-  CA     14-  12-   6-  14          14                 0
   1   36-  38-  40-  42      C-   N-  CA-   C     12-   6-  14-  12          43     X     X     1
		type   force constant   phase shift  multiplicity   (occurrence)
		  43:       2.800e+00           1.0             3   (   38)
		  44:       7.000e-01          -1.0             6   (   38)
   1   36-  38-  40-  42      C-   N-  CA-   C     12-   6-  14-  12          44     X           1
		type   force constant   phase shift  multiplicity   (occurrence)
		  43:       2.800e+00           1.0             3   (   38)
		  44:       7.000e-01          -1.0             6   (   38)
   1   38-  40-  42-  44      N-  CA-   C-   N      6-  14-  12-   6          42     X     X     1
		type   force constant   phase shift  multiplicity   (occurrence)
		  42:       3.500e+00          -1.0             2   (   38)
		  45:       4.000e-01           1.0             6   (   38)
   1   38-  40-  42-  44      N-  CA-   C-   N      6-  14-  12-   6          45     X           1
		type   force constant   phase shift  multiplicity   (occurrence)
		  42:       3.500e+00          -1.0             2   (   38)
		  45:       4.000e-01           1.0             6   (   38)
   1   40-  42-  44-  46     CA-   C-   N-  CA     14-  12-   6-  14          14                 0
   1   42-  44-  46-  48      C-   N-  CA-   C     12-   6-  14-  12          43     X     X     1
		type   force constant   phase shift  multiplicity   (occurrence)
		  43:       2.800e+00           1.0             3   (   38)
		  44:       7.000e-01          -1.0             6   (   38)
   1   42-  44-  46-  48      C-   N-  CA-   C     12-   6-  14-  12          44     X           1
		type   force constant   phase shift  multiplicity   (occurrence)
		  43:       2.800e+00           1.0             3   (   38)
		  44:       7.000e-01          -1.0             6   (   38)
   1   44-  46-  48-  50      N-  CA-   C-   N      6-  14-  12-   6          42     X     X     1
		type   force constant   phase shift  multiplicity   (occurrence)
		  42:       3.500e+00          -1.0             2   (   38)
		  45:       4.000e-01           1.0             6   (   38)
   1   44-  46-  48-  50      N-  CA-   C-   N      6-  14-  12-   6          45     X           1
		type   force constant   phase shift  multiplicity   (occurrence)
		  42:       3.500e+00          -1.0             2   (   38)
		  45:       4.000e-01           1.0             6   (   38)
   1   46-  48-  50-  52     CA-   C-   N-  CA     14-  12-   6-  14          14                 0
   1   48-  50-  52-  54      C-   N-  CA-   C     12-   6-  14-  12          43     X     X     1
		type   force constant   phase shift  multiplicity   (occurrence)
		  43:       2.800e+00           1.0             3   (   38)
		  44:       7.000e-01          -1.0             6   (   38)
   1   48-  50-  52-  54      C-   N-  CA-   C     12-   6-  14-  12          44     X           1
		type   force constant   phase shift  multiplicity   (occurrence)
		  43:       2.800e+00           1.0             3   (   38)
		  44:       7.000e-01          -1.0             6   (   38)
   1   50-  52-  54-  56      N-  CA-   C-   N      6-  14-  12-   6          42     X     X     1
		type   force constant   phase shift  multiplicity   (occurrence)
		  42:       3.500e+00          -1.0             2   (   38)
		  45:       4.000e-01           1.0             6   (   38)
   1   50-  52-  54-  56      N-  CA-   C-   N      6-  14-  12-   6          45     X           1
		type   force constant   phase shift  multiplicity   (occurrence)
		  42:       3.500e+00          -1.0             2   (   38)
		  45:       4.000e-01           1.0             6   (   38)
   1   52-  54-  56-  58     CA-   C-   N-  CA     14-  12-   6-  14          14                 0
   1   54-  56-  58-  60      C-   N-  CA-   C     12-   6-  14-  12          43     X     X     1
		type   force constant   phase shift  multiplicity   (occurrence)
		  43:       2.800e+00           1.0             3   (   38)
		  44:       7.000e-01          -1.0             6   (   38)
   1   54-  56-  58-  60      C-   N-  CA-   C     12-   6-  14-  12          44     X           1
		type   force constant   phase shift  multiplicity   (occurrence)
		  43:       2.800e+00           1.0             3   (   38)
		  44:       7.000e-01          -1.0             6   (   38)
   1   56-  58-  60-  62      N-  CA-   C-  O2      6-  14-  12-   3          42                 0
   1   56-  58-  60-  62      N-  CA-   C-  O2      6-  14-  12-   3          45                 0
   1   58-  60-  62-  63     CA-   C-  O2-   H     14-  12-   3-  21          12                 0
