###### GATHER WARNING ######
# NO Gathering method specified ! 
# Thus : if the system is requested to be gathered, 
# the gathering will be done according to the 1st atom of the previous molecule
#                      selected      heavy sasa
# time                    atoms           atoms
   10.000000000     5.835115190     5.835115190
   10.500000000     5.835804575     5.835804575
   11.000000000     5.837241755     5.837241755
   11.500000000     5.836090480     5.836090480
   12.000000000     5.835781232     5.835781232
   12.500000000     5.835548887     5.835548887
   13.000000000     5.837105442     5.837105442
   13.500000000     5.835806928     5.835806928
   14.000000000     5.834202347     5.834202347
   14.500000000     5.835647457     5.835647457
   15.000000000     5.836943141     5.836943141
   15.500000000     5.835234826     5.835234826
   16.000000000     5.834148866     5.834148866
   16.500000000     5.838347079     5.838347079
   17.000000000     5.837597720     5.837597720
   17.500000000     5.836770805     5.836770805
   18.000000000     5.838360043     5.838360043
   18.500000000     5.837966332     5.837966332
   19.000000000     5.836705851     5.836705851
   19.500000000     5.837344900     5.837344900
   20.000000000     5.836413531     5.836413531
   20.500000000     5.838956732     5.838956732
   21.000000000     5.838317175     5.838317175
   21.500000000     5.836965830     5.836965830
   22.000000000     5.837318619     5.837318619
   22.500000000     5.838527483     5.838527483
   23.000000000     5.836509045     5.836509045
   23.500000000     5.838780082     5.838780082
   24.000000000     5.838725951     5.838725951
   24.500000000     5.836622403     5.836622403
   25.000000000     5.837228225     5.837228225
   25.500000000     5.839973929     5.839973929
   26.000000000     5.839792746     5.839792746
   26.500000000     5.838211577     5.838211577
   27.000000000     5.837201177     5.837201177
   27.500000000     5.837467453     5.837467453
   28.000000000     5.838574039     5.838574039
   28.500000000     5.837591358     5.837591358
   29.000000000     5.839067949     5.839067949
   29.500000000     5.838372498     5.838372498
   30.000000000     5.838305523     5.838305523
   30.500000000     5.838942745     5.838942745
   31.000000000     5.838339133     5.838339133
   31.500000000     5.838525647     5.838525647
   32.000000000     5.838572723     5.838572723
   32.500000000     5.838071812     5.838071812
   33.000000000     5.838521608     5.838521608
   33.500000000     5.838265941     5.838265941
   34.000000000     5.838566578     5.838566578
   34.500000000     5.838286534     5.838286534
   35.000000000     5.838746188     5.838746188
   35.500000000     5.837757488     5.837757488
   36.000000000     5.837642498     5.837642498
   36.500000000     5.839297614     5.839297614
   37.000000000     5.837834534     5.837834534
   37.500000000     5.837923894     5.837923894
   38.000000000     5.839008591     5.839008591
   38.500000000     5.838123127     5.838123127
   39.000000000     5.838415898     5.838415898
   39.500000000     5.837722429     5.837722429
   40.000000000     5.838720967     5.838720967
   40.500000000     5.838536781     5.838536781
   41.000000000     5.838802779     5.838802779
   41.500000000     5.837557700     5.837557700
   42.000000000     5.838925687     5.838925687
   42.500000000     5.838536997     5.838536997
   43.000000000     5.838572740     5.838572740
   43.500000000     5.836233509     5.836233509
   44.000000000     5.837657874     5.837657874
   44.500000000     5.838515464     5.838515464
   45.000000000     5.838010485     5.838010485
   45.500000000     5.837671403     5.837671403
   46.000000000     5.837846368     5.837846368
   46.500000000     5.838726339     5.838726339
   47.000000000     5.836617882     5.836617882
   47.500000000     5.837592687     5.837592687
   48.000000000     5.838718102     5.838718102
   48.500000000     5.838192753     5.838192753
   49.000000000     5.838815889     5.838815889
   49.500000000     5.838083540     5.838083540
   50.000000000     5.838206475     5.838206475
   50.500000000     5.838752413     5.838752413
   51.000000000     5.838388958     5.838388958
   51.500000000     5.836989341     5.836989341
   52.000000000     5.838449590     5.838449590
   52.500000000     5.837658066     5.837658066
   53.000000000     5.838179445     5.838179445
   53.500000000     5.838261875     5.838261875
   54.000000000     5.836928193     5.836928193
   54.500000000     5.838554749     5.838554749
   55.000000000     5.838144244     5.838144244
   55.500000000     5.836658758     5.836658758
   56.000000000     5.838699220     5.838699220
   56.500000000     5.836758934     5.836758934
   57.000000000     5.839129132     5.839129132
   57.500000000     5.836720786     5.836720786
   58.000000000     5.839641292     5.839641292
   58.500000000     5.838973246     5.838973246
   59.000000000     5.839286637     5.839286637
   59.500000000     5.838914547     5.838914547
   60.000000000     5.839415117     5.839415117
   60.500000000     5.838509116     5.838509116
   61.000000000     5.836838180     5.836838180
   61.500000000     5.838951792     5.838951792
   62.000000000     5.838898020     5.838898020
   62.500000000     5.839213594     5.839213594
   63.000000000     5.838425492     5.838425492
   63.500000000     5.838203198     5.838203198
   64.000000000     5.836633312     5.836633312
   64.500000000     5.837088335     5.837088335
   65.000000000     5.837178724     5.837178724
   65.500000000     5.837709752     5.837709752
   66.000000000     5.838709237     5.838709237
   66.500000000     5.837947277     5.837947277
   67.000000000     5.837338159     5.837338159
   67.500000000     5.838093817     5.838093817
   68.000000000     5.837954464     5.837954464
   68.500000000     5.838743805     5.838743805
   69.000000000     5.838095154     5.838095154
   69.500000000     5.838597765     5.838597765
   70.000000000     5.839193516     5.839193516
   70.500000000     5.839393554     5.839393554
   71.000000000     5.838456467     5.838456467
   71.500000000     5.838936081     5.838936081
   72.000000000     5.839170991     5.839170991
   72.500000000     5.837758134     5.837758134
   73.000000000     5.838899840     5.838899840
   73.500000000     5.838304973     5.838304973
   74.000000000     5.839147305     5.839147305
   74.500000000     5.838460391     5.838460391
   75.000000000     5.838145850     5.838145850
   75.500000000     5.838335170     5.838335170
   76.000000000     5.837761025     5.837761025
   76.500000000     5.838434003     5.838434003
   77.000000000     5.838281744     5.838281744
   77.500000000     5.838909941     5.838909941
   78.000000000     5.838837369     5.838837369
   78.500000000     5.838200385     5.838200385
   79.000000000     5.838637592     5.838637592
   79.500000000     5.839072817     5.839072817
   80.000000000     5.838464190     5.838464190
   80.500000000     5.838852331     5.838852331
   81.000000000     5.838041066     5.838041066
   81.500000000     5.838346177     5.838346177
   82.000000000     5.838101568     5.838101568
   82.500000000     5.838384842     5.838384842
   83.000000000     5.838806893     5.838806893
   83.500000000     5.837752614     5.837752614
   84.000000000     5.837489131     5.837489131
   84.500000000     5.837781008     5.837781008
   85.000000000     5.836088488     5.836088488
   85.500000000     5.836899762     5.836899762
   86.000000000     5.837860024     5.837860024
   86.500000000     5.838216037     5.838216037
   87.000000000     5.837824996     5.837824996
   87.500000000     5.836712068     5.836712068
   88.000000000     5.837978184     5.837978184
   88.500000000     5.839587382     5.839587382
   89.000000000     5.838044090     5.838044090
   89.500000000     5.837951030     5.837951030
   90.000000000     5.838799760     5.838799760
   90.500000000     5.839110495     5.839110495
   91.000000000     5.839493339     5.839493339
   91.500000000     5.837864522     5.837864522
   92.000000000     5.838317858     5.838317858
   92.500000000     5.838307288     5.838307288
   93.000000000     5.838026689     5.838026689
   93.500000000     5.836911738     5.836911738
   94.000000000     5.838397254     5.838397254
   94.500000000     5.837811055     5.837811055
   95.000000000     5.838524213     5.838524213
   95.500000000     5.838015864     5.838015864
   96.000000000     5.839297077     5.839297077
   96.500000000     5.837834999     5.837834999
   97.000000000     5.838440221     5.838440221
   97.500000000     5.837571328     5.837571328
   98.000000000     5.839023667     5.839023667
   98.500000000     5.838055511     5.838055511
   99.000000000     5.838122918     5.838122918
   99.500000000     5.838427772     5.838427772
#
# ave.             5.8380072273    5.8380072273
#
# average contribution per selected heavy atom
#
#   atom   residue name            SASA      % selected    % sasa atoms
#    1:2    1  ALA    N         0.41603         7.12619         7.12619 
#    1:4    1  ALA   CA         0.55012         9.42304         9.42304 
#    1:5    1  ALA   CB         0.57690         9.88185         9.88185 
#    1:6    1  ALA    C         0.00000         0.00000         0.00000 
#    1:7    1  ALA    O         0.24795         4.24723         4.24723 
#    1:8    2  ALA    N         0.00000         0.00000         0.00000 
#   1:10    2  ALA   CA         0.32671         5.59631         5.59631 
#   1:11    2  ALA   CB         0.55074         9.43378         9.43378 
#   1:12    2  ALA    C         0.00000         0.00000         0.00000 
#   1:13    2  ALA    O         0.23858         4.08673         4.08673 
#   1:14    3  ALA    N         0.00000         0.00000         0.00000 
#   1:16    3  ALA   CA         0.31570         5.40772         5.40772 
#   1:17    3  ALA   CB         0.55249         9.46370         9.46370 
#   1:18    3  ALA    C         0.00000         0.00000         0.00000 
#   1:19    3  ALA    O         0.23865         4.08791         4.08791 
#   1:20    4  ALA    N         0.00000         0.00000         0.00000 
#   1:22    4  ALA   CA         0.43421         7.43770         7.43770 
#   1:23    4  ALA   CB         0.56598         9.69478         9.69478 
#   1:24    4  ALA    C         0.06874         1.17739         1.17739 
#   1:25    4  ALA   O1         0.39005         6.68128         6.68128 
#   1:26    4  ALA   O2         0.36513         6.25437         6.25437 
#
# total                         5.83801       100.00000       100.00000 
