###### GATHER WARNING ######
# NO Gathering method specified ! 
# Thus : if the system is requested to be gathered, 
# the gathering will be done according to the 1st atom of the previous molecule
#                      selected      heavy sasa
# time                    atoms           atoms
   10.000000000     2.490779350     2.490779350
   10.500000000     2.490796894     2.490796894
   11.000000000     2.491545949     2.491545949
   11.500000000     2.491039569     2.491039569
   12.000000000     2.490992408     2.490992408
   12.500000000     2.491444709     2.491444709
   13.000000000     2.491391845     2.491391845
   13.500000000     2.491311264     2.491311264
   14.000000000     2.490741437     2.490741437
   14.500000000     2.491237265     2.491237265
   15.000000000     2.491213383     2.491213383
   15.500000000     2.491144637     2.491144637
   16.000000000     2.491246512     2.491246512
   16.500000000     2.491369476     2.491369476
   17.000000000     2.491111923     2.491111923
   17.500000000     2.491284756     2.491284756
   18.000000000     2.491336442     2.491336442
   18.500000000     2.490921944     2.490921944
   19.000000000     2.491348089     2.491348089
   19.500000000     2.491008604     2.491008604
   20.000000000     2.490974931     2.490974931
   20.500000000     2.491668355     2.491668355
   21.000000000     2.491394654     2.491394654
   21.500000000     2.491535853     2.491535853
   22.000000000     2.491118475     2.491118475
   22.500000000     2.491202913     2.491202913
   23.000000000     2.491533600     2.491533600
   23.500000000     2.491733689     2.491733689
   24.000000000     2.491853178     2.491853178
   24.500000000     2.491162830     2.491162830
   25.000000000     2.491200786     2.491200786
   25.500000000     2.491143102     2.491143102
   26.000000000     2.491150374     2.491150374
   26.500000000     2.490730149     2.490730149
   27.000000000     2.490540692     2.490540692
   27.500000000     2.491072416     2.491072416
   28.000000000     2.490892767     2.490892767
   28.500000000     2.491035228     2.491035228
   29.000000000     2.490432414     2.490432414
   29.500000000     2.490585733     2.490585733
   30.000000000     2.491022510     2.491022510
   30.500000000     2.491169470     2.491169470
   31.000000000     2.491149753     2.491149753
   31.500000000     2.490413018     2.490413018
   32.000000000     2.490725558     2.490725558
   32.500000000     2.491562588     2.491562588
   33.000000000     2.491120281     2.491120281
   33.500000000     2.490973287     2.490973287
   34.000000000     2.490160357     2.490160357
   34.500000000     2.490920361     2.490920361
   35.000000000     2.490919363     2.490919363
   35.500000000     2.490791425     2.490791425
   36.000000000     2.490864044     2.490864044
   36.500000000     2.490536360     2.490536360
   37.000000000     2.490976160     2.490976160
   37.500000000     2.490691580     2.490691580
   38.000000000     2.490375247     2.490375247
   38.500000000     2.490521791     2.490521791
   39.000000000     2.490945307     2.490945307
   39.500000000     2.490906675     2.490906675
   40.000000000     2.489853102     2.489853102
   40.500000000     2.490478501     2.490478501
   41.000000000     2.491125556     2.491125556
   41.500000000     2.491078349     2.491078349
   42.000000000     2.490883717     2.490883717
   42.500000000     2.491152668     2.491152668
   43.000000000     2.491350719     2.491350719
   43.500000000     2.490784064     2.490784064
   44.000000000     2.490979756     2.490979756
   44.500000000     2.491232655     2.491232655
   45.000000000     2.491101788     2.491101788
   45.500000000     2.491277100     2.491277100
   46.000000000     2.490421858     2.490421858
   46.500000000     2.490688190     2.490688190
   47.000000000     2.491286018     2.491286018
   47.500000000     2.491167734     2.491167734
   48.000000000     2.490857887     2.490857887
   48.500000000     2.490587531     2.490587531
   49.000000000     2.490476867     2.490476867
   49.500000000     2.490878958     2.490878958
   50.000000000     2.490642119     2.490642119
   50.500000000     2.491065792     2.491065792
   51.000000000     2.490630134     2.490630134
   51.500000000     2.490849107     2.490849107
   52.000000000     2.491192029     2.491192029
   52.500000000     2.491287967     2.491287967
   53.000000000     2.491718137     2.491718137
   53.500000000     2.490501339     2.490501339
   54.000000000     2.491219722     2.491219722
   54.500000000     2.491393572     2.491393572
   55.000000000     2.490981306     2.490981306
   55.500000000     2.491230334     2.491230334
   56.000000000     2.491592175     2.491592175
   56.500000000     2.491141216     2.491141216
   57.000000000     2.491208468     2.491208468
   57.500000000     2.490327170     2.490327170
   58.000000000     2.491053060     2.491053060
   58.500000000     2.490875324     2.490875324
   59.000000000     2.490895027     2.490895027
   59.500000000     2.491526640     2.491526640
   60.000000000     2.490674868     2.490674868
   60.500000000     2.491341181     2.491341181
   61.000000000     2.491702454     2.491702454
   61.500000000     2.491234674     2.491234674
   62.000000000     2.491265836     2.491265836
   62.500000000     2.491426500     2.491426500
   63.000000000     2.491436989     2.491436989
   63.500000000     2.491213806     2.491213806
   64.000000000     2.491560651     2.491560651
   64.500000000     2.491553139     2.491553139
   65.000000000     2.490888892     2.490888892
   65.500000000     2.490660080     2.490660080
   66.000000000     2.491080423     2.491080423
   66.500000000     2.491454517     2.491454517
   67.000000000     2.491510774     2.491510774
   67.500000000     2.490820225     2.490820225
   68.000000000     2.490917026     2.490917026
   68.500000000     2.491382681     2.491382681
   69.000000000     2.491014291     2.491014291
   69.500000000     2.491207758     2.491207758
   70.000000000     2.491459162     2.491459162
   70.500000000     2.491355281     2.491355281
   71.000000000     2.491262076     2.491262076
   71.500000000     2.490860933     2.490860933
   72.000000000     2.490841754     2.490841754
   72.500000000     2.491303466     2.491303466
   73.000000000     2.490814300     2.490814300
   73.500000000     2.491210270     2.491210270
   74.000000000     2.491092539     2.491092539
   74.500000000     2.490814301     2.490814301
   75.000000000     2.491197043     2.491197043
   75.500000000     2.490326115     2.490326115
   76.000000000     2.490496408     2.490496408
   76.500000000     2.490912998     2.490912998
   77.000000000     2.490376087     2.490376087
   77.500000000     2.490323210     2.490323210
   78.000000000     2.490438668     2.490438668
   78.500000000     2.490748682     2.490748682
   79.000000000     2.490652292     2.490652292
   79.500000000     2.490627510     2.490627510
   80.000000000     2.490424336     2.490424336
   80.500000000     2.491127360     2.491127360
   81.000000000     2.491036509     2.491036509
   81.500000000     2.491001340     2.491001340
   82.000000000     2.491065470     2.491065470
   82.500000000     2.490832571     2.490832571
   83.000000000     2.490360267     2.490360267
   83.500000000     2.490102482     2.490102482
   84.000000000     2.490397270     2.490397270
   84.500000000     2.490735534     2.490735534
   85.000000000     2.491018210     2.491018210
   85.500000000     2.490871351     2.490871351
   86.000000000     2.490159719     2.490159719
   86.500000000     2.490792025     2.490792025
   87.000000000     2.491122887     2.491122887
   87.500000000     2.491001321     2.491001321
   88.000000000     2.490617121     2.490617121
   88.500000000     2.490744477     2.490744477
   89.000000000     2.491403023     2.491403023
   89.500000000     2.491162198     2.491162198
   90.000000000     2.491148875     2.491148875
   90.500000000     2.491265415     2.491265415
   91.000000000     2.490940665     2.490940665
   91.500000000     2.491457987     2.491457987
   92.000000000     2.491122952     2.491122952
   92.500000000     2.491427062     2.491427062
   93.000000000     2.491418391     2.491418391
   93.500000000     2.491043266     2.491043266
   94.000000000     2.490997586     2.490997586
   94.500000000     2.491623833     2.491623833
   95.000000000     2.491098638     2.491098638
   95.500000000     2.491433512     2.491433512
   96.000000000     2.491340901     2.491340901
   96.500000000     2.490783161     2.490783161
   97.000000000     2.491413909     2.491413909
   97.500000000     2.491473166     2.491473166
   98.000000000     2.491657481     2.491657481
   98.500000000     2.490973711     2.490973711
   99.000000000     2.491644742     2.491644742
   99.500000000     2.491707450     2.491707450
#
# ave.             2.4910298635    2.4910298635
#
# average contribution per selected heavy atom
#
#   atom   residue name            SASA      % selected    % sasa atoms
#    1:2    1  ALA    N         0.43085        17.29619        17.29619 
#    1:4    1  ALA   CA         0.64133        25.74549        25.74549 
#    1:5    1  ALA   CB         0.59194        23.76305        23.76305 
#    1:6    1  ALA    C         0.06795         2.72766         2.72766 
#    1:7    1  ALA   O1         0.38895        15.61418        15.61418 
#    1:8    1  ALA   O2         0.37000        14.85343        14.85343 
#
# total                         2.49103       100.00000       100.00000 
