MD:         10% done...
MD: spent 0:0:17
MD: ETA   0:2:34
MD:         20% done...
MD: spent 0:0:32
MD: ETA   0:2:10
MD:         30% done...
MD: spent 0:0:48
MD: ETA   0:1:52
MD:         40% done...
MD: spent 0:1:3
MD: ETA   0:1:35
MD:         50% done...
MD: spent 0:1:18
MD: ETA   0:1:18
MD:         60% done...
MD: spent 0:1:34
MD: ETA   0:1:3
MD:         70% done...
MD: spent 0:1:50
MD: ETA   0:0:47
MD:         80% done...
MD: spent 0:2:5
MD: ETA   0:0:31
MD:         90% done...
MD: spent 0:2:20
MD: ETA   0:0:15
MD:        100% done...
MD: spent 0:2:35
MD: ETA   0:0:0
cp: ‘eq_peptide_1.omd’ and ‘/home/imunoz/NPT.Lambda/05ALA/extended/eq/eq_peptide_1.omd’ are the same file
cp: ‘eq_peptide_1.cnf’ and ‘/home/imunoz/NPT.Lambda/05ALA/extended/eq/eq_peptide_1.cnf’ are the same file
cp: ‘eq_peptide_1.trc.gz’ and ‘/home/imunoz/NPT.Lambda/05ALA/extended/eq/eq_peptide_1.trc.gz’ are the same file
cp: ‘eq_peptide_1.tre.gz’ and ‘/home/imunoz/NPT.Lambda/05ALA/extended/eq/eq_peptide_1.tre.gz’ are the same file
./eq_peptide_1.run: line 58: Mail: command not found
MD:         10% done...
MD: spent 0:0:16
MD: ETA   0:2:28
MD:         20% done...
MD: spent 0:0:31
MD: ETA   0:2:7
MD:         30% done...
MD: spent 0:0:47
MD: ETA   0:1:49
MD:         40% done...
MD: spent 0:1:2
MD: ETA   0:1:33
MD:         50% done...
MD: spent 0:1:17
MD: ETA   0:1:17
MD:         60% done...
MD: spent 0:1:32
MD: ETA   0:1:1
MD:         70% done...
MD: spent 0:1:47
MD: ETA   0:0:46
MD:         80% done...
MD: spent 0:2:2
MD: ETA   0:0:30
MD:         90% done...
MD: spent 0:2:18
MD: ETA   0:0:15
MD:        100% done...
MD: spent 0:2:33
MD: ETA   0:0:0
cp: ‘eq_peptide_2.omd’ and ‘/home/imunoz/NPT.Lambda/05ALA/extended/eq/eq_peptide_2.omd’ are the same file
cp: ‘eq_peptide_2.cnf’ and ‘/home/imunoz/NPT.Lambda/05ALA/extended/eq/eq_peptide_2.cnf’ are the same file
cp: ‘eq_peptide_2.trc.gz’ and ‘/home/imunoz/NPT.Lambda/05ALA/extended/eq/eq_peptide_2.trc.gz’ are the same file
cp: ‘eq_peptide_2.tre.gz’ and ‘/home/imunoz/NPT.Lambda/05ALA/extended/eq/eq_peptide_2.tre.gz’ are the same file
./eq_peptide_2.run: line 58: Mail: command not found
MD:         10% done...
MD: spent 0:0:17
MD: ETA   0:2:40
MD:         20% done...
MD: spent 0:0:33
MD: ETA   0:2:13
MD:         30% done...
MD: spent 0:0:49
MD: ETA   0:1:55
MD:         40% done...
MD: spent 0:1:5
MD: ETA   0:1:37
MD:         50% done...
MD: spent 0:1:20
MD: ETA   0:1:20
MD:         60% done...
MD: spent 0:1:36
MD: ETA   0:1:4
MD:         70% done...
MD: spent 0:1:51
MD: ETA   0:0:47
MD:         80% done...
MD: spent 0:2:7
MD: ETA   0:0:31
MD:         90% done...
MD: spent 0:2:22
MD: ETA   0:0:15
MD:        100% done...
MD: spent 0:2:37
MD: ETA   0:0:0
cp: ‘eq_peptide_3.omd’ and ‘/home/imunoz/NPT.Lambda/05ALA/extended/eq/eq_peptide_3.omd’ are the same file
cp: ‘eq_peptide_3.cnf’ and ‘/home/imunoz/NPT.Lambda/05ALA/extended/eq/eq_peptide_3.cnf’ are the same file
cp: ‘eq_peptide_3.trc.gz’ and ‘/home/imunoz/NPT.Lambda/05ALA/extended/eq/eq_peptide_3.trc.gz’ are the same file
cp: ‘eq_peptide_3.tre.gz’ and ‘/home/imunoz/NPT.Lambda/05ALA/extended/eq/eq_peptide_3.tre.gz’ are the same file
./eq_peptide_3.run: line 58: Mail: command not found
MD:         10% done...
MD: spent 0:0:16
MD: ETA   0:2:25
MD:         20% done...
MD: spent 0:0:31
MD: ETA   0:2:4
MD:         30% done...
MD: spent 0:0:46
MD: ETA   0:1:47
MD:         40% done...
MD: spent 0:1:1
MD: ETA   0:1:31
MD:         50% done...
MD: spent 0:1:16
MD: ETA   0:1:16
MD:         60% done...
MD: spent 0:1:31
MD: ETA   0:1:0
MD:         70% done...
MD: spent 0:1:46
MD: ETA   0:0:45
MD:         80% done...
MD: spent 0:2:2
MD: ETA   0:0:30
MD:         90% done...
MD: spent 0:2:18
MD: ETA   0:0:15
MD:        100% done...
MD: spent 0:2:35
MD: ETA   0:0:0
cp: ‘eq_peptide_4.omd’ and ‘/home/imunoz/NPT.Lambda/05ALA/extended/eq/eq_peptide_4.omd’ are the same file
cp: ‘eq_peptide_4.cnf’ and ‘/home/imunoz/NPT.Lambda/05ALA/extended/eq/eq_peptide_4.cnf’ are the same file
cp: ‘eq_peptide_4.trc.gz’ and ‘/home/imunoz/NPT.Lambda/05ALA/extended/eq/eq_peptide_4.trc.gz’ are the same file
cp: ‘eq_peptide_4.tre.gz’ and ‘/home/imunoz/NPT.Lambda/05ALA/extended/eq/eq_peptide_4.tre.gz’ are the same file
./eq_peptide_4.run: line 58: Mail: command not found
MD:         10% done...
MD: spent 0:0:15
MD: ETA   0:2:21
MD:         20% done...
MD: spent 0:0:31
MD: ETA   0:2:4
MD:         30% done...
MD: spent 0:0:46
MD: ETA   0:1:49
MD:         40% done...
MD: spent 0:1:2
MD: ETA   0:1:34
MD:         50% done...
MD: spent 0:1:18
MD: ETA   0:1:18
MD:         60% done...
MD: spent 0:1:33
MD: ETA   0:1:2
MD:         70% done...
MD: spent 0:1:48
MD: ETA   0:0:46
MD:         80% done...
MD: spent 0:2:3
MD: ETA   0:0:30
MD:         90% done...
MD: spent 0:2:18
MD: ETA   0:0:15
MD:        100% done...
MD: spent 0:2:33
MD: ETA   0:0:0
cp: ‘eq_peptide_5.omd’ and ‘/home/imunoz/NPT.Lambda/05ALA/extended/eq/eq_peptide_5.omd’ are the same file
cp: ‘eq_peptide_5.cnf’ and ‘/home/imunoz/NPT.Lambda/05ALA/extended/eq/eq_peptide_5.cnf’ are the same file
cp: ‘eq_peptide_5.trc.gz’ and ‘/home/imunoz/NPT.Lambda/05ALA/extended/eq/eq_peptide_5.trc.gz’ are the same file
cp: ‘eq_peptide_5.tre.gz’ and ‘/home/imunoz/NPT.Lambda/05ALA/extended/eq/eq_peptide_5.tre.gz’ are the same file
./eq_peptide_5.run: line 58: Mail: command not found
