MD:         10% done...
MD: spent 0:0:16
MD: ETA   0:2:30
MD:         20% done...
MD: spent 0:0:33
MD: ETA   0:2:12
MD:         30% done...
MD: spent 0:0:49
MD: ETA   0:1:55
MD:         40% done...
MD: spent 0:1:5
MD: ETA   0:1:38
MD:         50% done...
MD: spent 0:1:21
MD: ETA   0:1:21
MD:         60% done...
MD: spent 0:1:38
MD: ETA   0:1:5
MD:         70% done...
MD: spent 0:1:54
MD: ETA   0:0:49
MD:         80% done...
MD: spent 0:2:11
MD: ETA   0:0:32
MD:         90% done...
MD: spent 0:2:27
MD: ETA   0:0:16
MD:        100% done...
MD: spent 0:2:44
MD: ETA   0:0:0
cp: ‘eq_peptide_1.omd’ and ‘/home/imunoz/NPT.Lambda/05ALA/extended/eq/eq_peptide_1.omd’ are the same file
cp: ‘eq_peptide_1.cnf’ and ‘/home/imunoz/NPT.Lambda/05ALA/extended/eq/eq_peptide_1.cnf’ are the same file
cp: ‘eq_peptide_1.trc.gz’ and ‘/home/imunoz/NPT.Lambda/05ALA/extended/eq/eq_peptide_1.trc.gz’ are the same file
cp: ‘eq_peptide_1.tre.gz’ and ‘/home/imunoz/NPT.Lambda/05ALA/extended/eq/eq_peptide_1.tre.gz’ are the same file
./eq_peptide_1.run: line 58: Mail: command not found
MD:         10% done...
MD: spent 0:0:16
MD: ETA   0:2:31
MD:         20% done...
MD: spent 0:0:33
MD: ETA   0:2:12
MD:         30% done...
MD: spent 0:0:49
MD: ETA   0:1:55
MD:         40% done...
MD: spent 0:1:5
MD: ETA   0:1:38
MD:         50% done...
MD: spent 0:1:22
MD: ETA   0:1:22
MD:         60% done...
MD: spent 0:1:38
MD: ETA   0:1:5
MD:         70% done...
MD: spent 0:1:54
MD: ETA   0:0:49
MD:         80% done...
MD: spent 0:2:11
MD: ETA   0:0:32
MD:         90% done...
MD: spent 0:2:27
MD: ETA   0:0:16
MD:        100% done...
MD: spent 0:2:43
MD: ETA   0:0:0
cp: ‘eq_peptide_2.omd’ and ‘/home/imunoz/NPT.Lambda/05ALA/extended/eq/eq_peptide_2.omd’ are the same file
cp: ‘eq_peptide_2.cnf’ and ‘/home/imunoz/NPT.Lambda/05ALA/extended/eq/eq_peptide_2.cnf’ are the same file
cp: ‘eq_peptide_2.trc.gz’ and ‘/home/imunoz/NPT.Lambda/05ALA/extended/eq/eq_peptide_2.trc.gz’ are the same file
cp: ‘eq_peptide_2.tre.gz’ and ‘/home/imunoz/NPT.Lambda/05ALA/extended/eq/eq_peptide_2.tre.gz’ are the same file
./eq_peptide_2.run: line 58: Mail: command not found
MD:         10% done...
MD: spent 0:0:17
MD: ETA   0:2:39
MD:         20% done...
MD: spent 0:0:34
MD: ETA   0:2:16
MD:         30% done...
MD: spent 0:0:50
MD: ETA   0:1:58
MD:         40% done...
MD: spent 0:1:7
MD: ETA   0:1:40
MD:         50% done...
MD: spent 0:1:23
MD: ETA   0:1:23
MD:         60% done...
MD: spent 0:1:40
MD: ETA   0:1:6
MD:         70% done...
MD: spent 0:1:56
MD: ETA   0:0:50
MD:         80% done...
MD: spent 0:2:13
MD: ETA   0:0:33
MD:         90% done...
MD: spent 0:2:29
MD: ETA   0:0:16
MD:        100% done...
MD: spent 0:2:46
MD: ETA   0:0:0
cp: ‘eq_peptide_3.omd’ and ‘/home/imunoz/NPT.Lambda/05ALA/extended/eq/eq_peptide_3.omd’ are the same file
cp: ‘eq_peptide_3.cnf’ and ‘/home/imunoz/NPT.Lambda/05ALA/extended/eq/eq_peptide_3.cnf’ are the same file
cp: ‘eq_peptide_3.trc.gz’ and ‘/home/imunoz/NPT.Lambda/05ALA/extended/eq/eq_peptide_3.trc.gz’ are the same file
cp: ‘eq_peptide_3.tre.gz’ and ‘/home/imunoz/NPT.Lambda/05ALA/extended/eq/eq_peptide_3.tre.gz’ are the same file
./eq_peptide_3.run: line 58: Mail: command not found
MD:         10% done...
MD: spent 0:0:16
MD: ETA   0:2:32
MD:         20% done...
MD: spent 0:0:33
MD: ETA   0:2:13
MD:         30% done...
MD: spent 0:0:49
MD: ETA   0:1:55
MD:         40% done...
MD: spent 0:1:5
MD: ETA   0:1:38
MD:         50% done...
MD: spent 0:1:22
MD: ETA   0:1:22
MD:         60% done...
MD: spent 0:1:38
MD: ETA   0:1:5
MD:         70% done...
MD: spent 0:1:54
MD: ETA   0:0:49
MD:         80% done...
MD: spent 0:2:10
MD: ETA   0:0:32
MD:         90% done...
MD: spent 0:2:26
MD: ETA   0:0:16
MD:        100% done...
MD: spent 0:2:43
MD: ETA   0:0:0
cp: ‘eq_peptide_4.omd’ and ‘/home/imunoz/NPT.Lambda/05ALA/extended/eq/eq_peptide_4.omd’ are the same file
cp: ‘eq_peptide_4.cnf’ and ‘/home/imunoz/NPT.Lambda/05ALA/extended/eq/eq_peptide_4.cnf’ are the same file
cp: ‘eq_peptide_4.trc.gz’ and ‘/home/imunoz/NPT.Lambda/05ALA/extended/eq/eq_peptide_4.trc.gz’ are the same file
cp: ‘eq_peptide_4.tre.gz’ and ‘/home/imunoz/NPT.Lambda/05ALA/extended/eq/eq_peptide_4.tre.gz’ are the same file
./eq_peptide_4.run: line 58: Mail: command not found
MD:         10% done...
MD: spent 0:0:17
MD: ETA   0:2:34
MD:         20% done...
MD: spent 0:0:33
MD: ETA   0:2:13
MD:         30% done...
MD: spent 0:0:49
MD: ETA   0:1:55
MD:         40% done...
MD: spent 0:1:5
MD: ETA   0:1:38
MD:         50% done...
MD: spent 0:1:21
MD: ETA   0:1:21
MD:         60% done...
MD: spent 0:1:38
MD: ETA   0:1:5
MD:         70% done...
MD: spent 0:1:54
MD: ETA   0:0:48
MD:         80% done...
MD: spent 0:2:10
MD: ETA   0:0:32
MD:         90% done...
MD: spent 0:2:26
MD: ETA   0:0:16
MD:        100% done...
MD: spent 0:2:43
MD: ETA   0:0:0
cp: ‘eq_peptide_5.omd’ and ‘/home/imunoz/NPT.Lambda/05ALA/extended/eq/eq_peptide_5.omd’ are the same file
cp: ‘eq_peptide_5.cnf’ and ‘/home/imunoz/NPT.Lambda/05ALA/extended/eq/eq_peptide_5.cnf’ are the same file
cp: ‘eq_peptide_5.trc.gz’ and ‘/home/imunoz/NPT.Lambda/05ALA/extended/eq/eq_peptide_5.trc.gz’ are the same file
cp: ‘eq_peptide_5.tre.gz’ and ‘/home/imunoz/NPT.Lambda/05ALA/extended/eq/eq_peptide_5.tre.gz’ are the same file
./eq_peptide_5.run: line 58: Mail: command not found
