MD:         10% done...
MD: spent 0:0:9
MD: ETA   0:1:28
MD:         20% done...
MD: spent 0:0:18
MD: ETA   0:1:15
MD:         30% done...
MD: spent 0:0:27
MD: ETA   0:1:4
MD:         40% done...
MD: spent 0:0:37
MD: ETA   0:0:55
MD:         50% done...
MD: spent 0:0:46
MD: ETA   0:0:46
MD:         60% done...
MD: spent 0:0:55
MD: ETA   0:0:36
MD:         70% done...
MD: spent 0:1:4
MD: ETA   0:0:27
MD:         80% done...
MD: spent 0:1:13
MD: ETA   0:0:18
MD:         90% done...
MD: spent 0:1:22
MD: ETA   0:0:9
MD:        100% done...
MD: spent 0:1:31
MD: ETA   0:0:0
cp: ‘eq_peptide_1.omd’ and ‘/home/imunoz/NPT.Lambda/01ALA/extended/eq/eq_peptide_1.omd’ are the same file
cp: ‘eq_peptide_1.cnf’ and ‘/home/imunoz/NPT.Lambda/01ALA/extended/eq/eq_peptide_1.cnf’ are the same file
cp: ‘eq_peptide_1.trc.gz’ and ‘/home/imunoz/NPT.Lambda/01ALA/extended/eq/eq_peptide_1.trc.gz’ are the same file
cp: ‘eq_peptide_1.tre.gz’ and ‘/home/imunoz/NPT.Lambda/01ALA/extended/eq/eq_peptide_1.tre.gz’ are the same file
./eq_peptide_1.run: line 58: Mail: command not found
MD:         10% done...
MD: spent 0:0:9
MD: ETA   0:1:27
MD:         20% done...
MD: spent 0:0:18
MD: ETA   0:1:14
MD:         30% done...
MD: spent 0:0:27
MD: ETA   0:1:4
MD:         40% done...
MD: spent 0:0:36
MD: ETA   0:0:54
MD:         50% done...
MD: spent 0:0:45
MD: ETA   0:0:45
MD:         60% done...
MD: spent 0:0:54
MD: ETA   0:0:36
MD:         70% done...
MD: spent 0:1:3
MD: ETA   0:0:27
MD:         80% done...
MD: spent 0:1:11
MD: ETA   0:0:17
MD:         90% done...
MD: spent 0:1:20
MD: ETA   0:0:8
MD:        100% done...
MD: spent 0:1:29
MD: ETA   0:0:0
cp: ‘eq_peptide_2.omd’ and ‘/home/imunoz/NPT.Lambda/01ALA/extended/eq/eq_peptide_2.omd’ are the same file
cp: ‘eq_peptide_2.cnf’ and ‘/home/imunoz/NPT.Lambda/01ALA/extended/eq/eq_peptide_2.cnf’ are the same file
cp: ‘eq_peptide_2.trc.gz’ and ‘/home/imunoz/NPT.Lambda/01ALA/extended/eq/eq_peptide_2.trc.gz’ are the same file
cp: ‘eq_peptide_2.tre.gz’ and ‘/home/imunoz/NPT.Lambda/01ALA/extended/eq/eq_peptide_2.tre.gz’ are the same file
./eq_peptide_2.run: line 58: Mail: command not found
MD:         10% done...
MD: spent 0:0:9
MD: ETA   0:1:22
MD:         20% done...
MD: spent 0:0:17
MD: ETA   0:1:11
MD:         30% done...
MD: spent 0:0:26
MD: ETA   0:1:2
MD:         40% done...
MD: spent 0:0:35
MD: ETA   0:0:53
MD:         50% done...
MD: spent 0:0:44
MD: ETA   0:0:44
MD:         60% done...
MD: spent 0:0:53
MD: ETA   0:0:35
MD:         70% done...
MD: spent 0:1:1
MD: ETA   0:0:26
MD:         80% done...
MD: spent 0:1:10
MD: ETA   0:0:17
MD:         90% done...
MD: spent 0:1:19
MD: ETA   0:0:8
MD:        100% done...
MD: spent 0:1:27
MD: ETA   0:0:0
cp: ‘eq_peptide_3.omd’ and ‘/home/imunoz/NPT.Lambda/01ALA/extended/eq/eq_peptide_3.omd’ are the same file
cp: ‘eq_peptide_3.cnf’ and ‘/home/imunoz/NPT.Lambda/01ALA/extended/eq/eq_peptide_3.cnf’ are the same file
cp: ‘eq_peptide_3.trc.gz’ and ‘/home/imunoz/NPT.Lambda/01ALA/extended/eq/eq_peptide_3.trc.gz’ are the same file
cp: ‘eq_peptide_3.tre.gz’ and ‘/home/imunoz/NPT.Lambda/01ALA/extended/eq/eq_peptide_3.tre.gz’ are the same file
./eq_peptide_3.run: line 58: Mail: command not found
MD:         10% done...
MD: spent 0:0:9
MD: ETA   0:1:26
MD:         20% done...
MD: spent 0:0:18
MD: ETA   0:1:13
MD:         30% done...
MD: spent 0:0:27
MD: ETA   0:1:3
MD:         40% done...
MD: spent 0:0:36
MD: ETA   0:0:54
MD:         50% done...
MD: spent 0:0:44
MD: ETA   0:0:44
MD:         60% done...
MD: spent 0:0:53
MD: ETA   0:0:35
MD:         70% done...
MD: spent 0:1:2
MD: ETA   0:0:26
MD:         80% done...
MD: spent 0:1:11
MD: ETA   0:0:17
MD:         90% done...
MD: spent 0:1:19
MD: ETA   0:0:8
MD:        100% done...
MD: spent 0:1:28
MD: ETA   0:0:0
cp: ‘eq_peptide_4.omd’ and ‘/home/imunoz/NPT.Lambda/01ALA/extended/eq/eq_peptide_4.omd’ are the same file
cp: ‘eq_peptide_4.cnf’ and ‘/home/imunoz/NPT.Lambda/01ALA/extended/eq/eq_peptide_4.cnf’ are the same file
cp: ‘eq_peptide_4.trc.gz’ and ‘/home/imunoz/NPT.Lambda/01ALA/extended/eq/eq_peptide_4.trc.gz’ are the same file
cp: ‘eq_peptide_4.tre.gz’ and ‘/home/imunoz/NPT.Lambda/01ALA/extended/eq/eq_peptide_4.tre.gz’ are the same file
./eq_peptide_4.run: line 58: Mail: command not found
MD:         10% done...
MD: spent 0:0:9
MD: ETA   0:1:23
MD:         20% done...
MD: spent 0:0:18
MD: ETA   0:1:14
MD:         30% done...
MD: spent 0:0:28
MD: ETA   0:1:5
MD:         40% done...
MD: spent 0:0:37
MD: ETA   0:0:56
MD:         50% done...
MD: spent 0:0:47
MD: ETA   0:0:47
MD:         60% done...
MD: spent 0:0:56
MD: ETA   0:0:37
MD:         70% done...
MD: spent 0:1:6
MD: ETA   0:0:28
MD:         80% done...
MD: spent 0:1:14
MD: ETA   0:0:18
MD:         90% done...
MD: spent 0:1:23
MD: ETA   0:0:9
MD:        100% done...
MD: spent 0:1:32
MD: ETA   0:0:0
cp: ‘eq_peptide_5.omd’ and ‘/home/imunoz/NPT.Lambda/01ALA/extended/eq/eq_peptide_5.omd’ are the same file
cp: ‘eq_peptide_5.cnf’ and ‘/home/imunoz/NPT.Lambda/01ALA/extended/eq/eq_peptide_5.cnf’ are the same file
cp: ‘eq_peptide_5.trc.gz’ and ‘/home/imunoz/NPT.Lambda/01ALA/extended/eq/eq_peptide_5.trc.gz’ are the same file
cp: ‘eq_peptide_5.tre.gz’ and ‘/home/imunoz/NPT.Lambda/01ALA/extended/eq/eq_peptide_5.tre.gz’ are the same file
./eq_peptide_5.run: line 58: Mail: command not found
