MD:         10% done...
MD: spent 0:0:23
MD: ETA   0:3:30
MD:         20% done...
MD: spent 0:0:46
MD: ETA   0:3:4
MD:         30% done...
MD: spent 0:1:9
MD: ETA   0:2:41
MD:         40% done...
MD: spent 0:1:32
MD: ETA   0:2:18
MD:         50% done...
MD: spent 0:1:55
MD: ETA   0:1:55
MD:         60% done...
MD: spent 0:2:18
MD: ETA   0:1:32
MD:         70% done...
MD: spent 0:2:41
MD: ETA   0:1:9
MD:         80% done...
MD: spent 0:3:4
MD: ETA   0:0:46
MD:         90% done...
MD: spent 0:3:27
MD: ETA   0:0:23
MD:        100% done...
MD: spent 0:3:50
MD: ETA   0:0:0
cp: ‘eq_peptide_1.omd’ and ‘/home/imunoz/NPT.Lambda/06ALA/extended/eq/eq_peptide_1.omd’ are the same file
cp: ‘eq_peptide_1.cnf’ and ‘/home/imunoz/NPT.Lambda/06ALA/extended/eq/eq_peptide_1.cnf’ are the same file
cp: ‘eq_peptide_1.trc.gz’ and ‘/home/imunoz/NPT.Lambda/06ALA/extended/eq/eq_peptide_1.trc.gz’ are the same file
cp: ‘eq_peptide_1.tre.gz’ and ‘/home/imunoz/NPT.Lambda/06ALA/extended/eq/eq_peptide_1.tre.gz’ are the same file
./eq_peptide_1.run: line 58: Mail: command not found
MD:         10% done...
MD: spent 0:0:22
MD: ETA   0:3:26
MD:         20% done...
MD: spent 0:0:44
MD: ETA   0:2:59
MD:         30% done...
MD: spent 0:1:6
MD: ETA   0:2:36
MD:         40% done...
MD: spent 0:1:28
MD: ETA   0:2:13
MD:         50% done...
MD: spent 0:1:50
MD: ETA   0:1:50
MD:         60% done...
MD: spent 0:2:12
MD: ETA   0:1:28
MD:         70% done...
MD: spent 0:2:34
MD: ETA   0:1:6
MD:         80% done...
MD: spent 0:2:56
MD: ETA   0:0:44
MD:         90% done...
MD: spent 0:3:18
MD: ETA   0:0:22
MD:        100% done...
MD: spent 0:3:39
MD: ETA   0:0:0
cp: ‘eq_peptide_2.omd’ and ‘/home/imunoz/NPT.Lambda/06ALA/extended/eq/eq_peptide_2.omd’ are the same file
cp: ‘eq_peptide_2.cnf’ and ‘/home/imunoz/NPT.Lambda/06ALA/extended/eq/eq_peptide_2.cnf’ are the same file
cp: ‘eq_peptide_2.trc.gz’ and ‘/home/imunoz/NPT.Lambda/06ALA/extended/eq/eq_peptide_2.trc.gz’ are the same file
cp: ‘eq_peptide_2.tre.gz’ and ‘/home/imunoz/NPT.Lambda/06ALA/extended/eq/eq_peptide_2.tre.gz’ are the same file
./eq_peptide_2.run: line 58: Mail: command not found
MD:         10% done...
MD: spent 0:0:22
MD: ETA   0:3:24
MD:         20% done...
MD: spent 0:0:44
MD: ETA   0:2:57
MD:         30% done...
MD: spent 0:1:6
MD: ETA   0:2:34
MD:         40% done...
MD: spent 0:1:28
MD: ETA   0:2:12
MD:         50% done...
MD: spent 0:1:50
MD: ETA   0:1:50
MD:         60% done...
MD: spent 0:2:11
MD: ETA   0:1:27
MD:         70% done...
MD: spent 0:2:33
MD: ETA   0:1:5
MD:         80% done...
MD: spent 0:2:55
MD: ETA   0:0:43
MD:         90% done...
MD: spent 0:3:17
MD: ETA   0:0:21
MD:        100% done...
MD: spent 0:3:39
MD: ETA   0:0:0
cp: ‘eq_peptide_3.omd’ and ‘/home/imunoz/NPT.Lambda/06ALA/extended/eq/eq_peptide_3.omd’ are the same file
cp: ‘eq_peptide_3.cnf’ and ‘/home/imunoz/NPT.Lambda/06ALA/extended/eq/eq_peptide_3.cnf’ are the same file
cp: ‘eq_peptide_3.trc.gz’ and ‘/home/imunoz/NPT.Lambda/06ALA/extended/eq/eq_peptide_3.trc.gz’ are the same file
cp: ‘eq_peptide_3.tre.gz’ and ‘/home/imunoz/NPT.Lambda/06ALA/extended/eq/eq_peptide_3.tre.gz’ are the same file
./eq_peptide_3.run: line 58: Mail: command not found
MD:         10% done...
MD: spent 0:0:22
MD: ETA   0:3:23
MD:         20% done...
MD: spent 0:0:44
MD: ETA   0:2:58
MD:         30% done...
MD: spent 0:1:6
MD: ETA   0:2:34
MD:         40% done...
MD: spent 0:1:28
MD: ETA   0:2:12
MD:         50% done...
MD: spent 0:1:50
MD: ETA   0:1:50
MD:         60% done...
MD: spent 0:2:12
MD: ETA   0:1:28
MD:         70% done...
MD: spent 0:2:33
MD: ETA   0:1:5
MD:         80% done...
MD: spent 0:2:55
MD: ETA   0:0:43
MD:         90% done...
MD: spent 0:3:17
MD: ETA   0:0:21
MD:        100% done...
MD: spent 0:3:39
MD: ETA   0:0:0
cp: ‘eq_peptide_4.omd’ and ‘/home/imunoz/NPT.Lambda/06ALA/extended/eq/eq_peptide_4.omd’ are the same file
cp: ‘eq_peptide_4.cnf’ and ‘/home/imunoz/NPT.Lambda/06ALA/extended/eq/eq_peptide_4.cnf’ are the same file
cp: ‘eq_peptide_4.trc.gz’ and ‘/home/imunoz/NPT.Lambda/06ALA/extended/eq/eq_peptide_4.trc.gz’ are the same file
cp: ‘eq_peptide_4.tre.gz’ and ‘/home/imunoz/NPT.Lambda/06ALA/extended/eq/eq_peptide_4.tre.gz’ are the same file
./eq_peptide_4.run: line 58: Mail: command not found
MD:         10% done...
MD: spent 0:0:22
MD: ETA   0:3:23
MD:         20% done...
MD: spent 0:0:44
MD: ETA   0:2:57
MD:         30% done...
MD: spent 0:1:5
MD: ETA   0:2:33
MD:         40% done...
MD: spent 0:1:27
MD: ETA   0:2:11
MD:         50% done...
MD: spent 0:1:49
MD: ETA   0:1:49
MD:         60% done...
MD: spent 0:2:10
MD: ETA   0:1:27
MD:         70% done...
MD: spent 0:2:32
MD: ETA   0:1:5
MD:         80% done...
MD: spent 0:2:53
MD: ETA   0:0:43
MD:         90% done...
MD: spent 0:3:15
MD: ETA   0:0:21
MD:        100% done...
MD: spent 0:3:36
MD: ETA   0:0:0
cp: ‘eq_peptide_5.omd’ and ‘/home/imunoz/NPT.Lambda/06ALA/extended/eq/eq_peptide_5.omd’ are the same file
cp: ‘eq_peptide_5.cnf’ and ‘/home/imunoz/NPT.Lambda/06ALA/extended/eq/eq_peptide_5.cnf’ are the same file
cp: ‘eq_peptide_5.trc.gz’ and ‘/home/imunoz/NPT.Lambda/06ALA/extended/eq/eq_peptide_5.trc.gz’ are the same file
cp: ‘eq_peptide_5.tre.gz’ and ‘/home/imunoz/NPT.Lambda/06ALA/extended/eq/eq_peptide_5.tre.gz’ are the same file
./eq_peptide_5.run: line 58: Mail: command not found
