###### GATHER WARNING ######
# NO Gathering method specified ! 
# Thus : if the system is requested to be gathered, 
# the gathering will be done according to the 1st atom of the previous molecule
#                      selected      heavy sasa
# time                    atoms           atoms
   10.000000000     6.916415293     6.916415293
   10.500000000     6.913659917     6.913659917
   11.000000000     6.916478389     6.916478389
   11.500000000     6.914367367     6.914367367
   12.000000000     6.915344948     6.915344948
   12.500000000     6.910076468     6.910076468
   13.000000000     6.915726631     6.915726631
   13.500000000     6.916439620     6.916439620
   14.000000000     6.916285150     6.916285150
   14.500000000     6.916974036     6.916974036
   15.000000000     6.914786225     6.914786225
   15.500000000     6.916968445     6.916968445
   16.000000000     6.915700490     6.915700490
   16.500000000     6.917327377     6.917327377
   17.000000000     6.916564249     6.916564249
   17.500000000     6.916913770     6.916913770
   18.000000000     6.915630679     6.915630679
   18.500000000     6.915098150     6.915098150
   19.000000000     6.915372511     6.915372511
   19.500000000     6.915513843     6.915513843
   20.000000000     6.916313545     6.916313545
   20.500000000     6.916133563     6.916133563
   21.000000000     6.917147514     6.917147514
   21.500000000     6.916464289     6.916464289
   22.000000000     6.915243878     6.915243878
   22.500000000     6.916226140     6.916226140
   23.000000000     6.912692230     6.912692230
   23.500000000     6.915601889     6.915601889
   24.000000000     6.916607995     6.916607995
   24.500000000     6.915767322     6.915767322
   25.000000000     6.915365931     6.915365931
   25.500000000     6.915845110     6.915845110
   26.000000000     6.916207178     6.916207178
   26.500000000     6.914516209     6.914516209
   27.000000000     6.916214837     6.916214837
   27.500000000     6.913661314     6.913661314
   28.000000000     6.912797101     6.912797101
   28.500000000     6.914607966     6.914607966
   29.000000000     6.914360445     6.914360445
   29.500000000     6.916012538     6.916012538
   30.000000000     6.915408768     6.915408768
   30.500000000     6.914700796     6.914700796
   31.000000000     6.915900705     6.915900705
   31.500000000     6.916968291     6.916968291
   32.000000000     6.915733945     6.915733945
   32.500000000     6.916155293     6.916155293
   33.000000000     6.916560041     6.916560041
   33.500000000     6.915328325     6.915328325
   34.000000000     6.916923796     6.916923796
   34.500000000     6.916258197     6.916258197
   35.000000000     6.916013433     6.916013433
   35.500000000     6.917739549     6.917739549
   36.000000000     6.916630175     6.916630175
   36.500000000     6.916449712     6.916449712
   37.000000000     6.916859119     6.916859119
   37.500000000     6.915414390     6.915414390
   38.000000000     6.915674564     6.915674564
   38.500000000     6.915062862     6.915062862
   39.000000000     6.915887930     6.915887930
   39.500000000     6.916045942     6.916045942
   40.000000000     6.915938908     6.915938908
   40.500000000     6.916158965     6.916158965
   41.000000000     6.916853026     6.916853026
   41.500000000     6.916047720     6.916047720
   42.000000000     6.916071346     6.916071346
   42.500000000     6.917034323     6.917034323
   43.000000000     6.915600523     6.915600523
   43.500000000     6.917446135     6.917446135
   44.000000000     6.917216969     6.917216969
   44.500000000     6.916642768     6.916642768
   45.000000000     6.917393902     6.917393902
   45.500000000     6.914171443     6.914171443
   46.000000000     6.917005013     6.917005013
   46.500000000     6.916277223     6.916277223
   47.000000000     6.917506370     6.917506370
   47.500000000     6.916133556     6.916133556
   48.000000000     6.915996243     6.915996243
   48.500000000     6.916955470     6.916955470
   49.000000000     6.914829725     6.914829725
   49.500000000     6.917409367     6.917409367
   50.000000000     6.915030398     6.915030398
   50.500000000     6.917261558     6.917261558
   51.000000000     6.915017884     6.915017884
   51.500000000     6.916001707     6.916001707
   52.000000000     6.915248277     6.915248277
   52.500000000     6.915399964     6.915399964
   53.000000000     6.915078260     6.915078260
   53.500000000     6.914139246     6.914139246
   54.000000000     6.914840816     6.914840816
   54.500000000     6.915066218     6.915066218
   55.000000000     6.912530697     6.912530697
   55.500000000     6.914086070     6.914086070
   56.000000000     6.913182181     6.913182181
   56.500000000     6.914153039     6.914153039
   57.000000000     6.914219330     6.914219330
   57.500000000     6.916611222     6.916611222
   58.000000000     6.915708440     6.915708440
   58.500000000     6.917486317     6.917486317
   59.000000000     6.916357841     6.916357841
   59.500000000     6.917205319     6.917205319
   60.000000000     6.916578000     6.916578000
   60.500000000     6.916147414     6.916147414
   61.000000000     6.916002991     6.916002991
   61.500000000     6.916074726     6.916074726
   62.000000000     6.916631993     6.916631993
   62.500000000     6.916054794     6.916054794
   63.000000000     6.915758875     6.915758875
   63.500000000     6.916677538     6.916677538
   64.000000000     6.916394884     6.916394884
   64.500000000     6.917143582     6.917143582
   65.000000000     6.916215883     6.916215883
   65.500000000     6.917032683     6.917032683
   66.000000000     6.917345685     6.917345685
   66.500000000     6.916681377     6.916681377
   67.000000000     6.916863843     6.916863843
   67.500000000     6.916532589     6.916532589
   68.000000000     6.917424428     6.917424428
   68.500000000     6.917870900     6.917870900
   69.000000000     6.915820381     6.915820381
   69.500000000     6.917036757     6.917036757
   70.000000000     6.915966736     6.915966736
   70.500000000     6.916367314     6.916367314
   71.000000000     6.915939026     6.915939026
   71.500000000     6.915072228     6.915072228
   72.000000000     6.917079165     6.917079165
   72.500000000     6.916735162     6.916735162
   73.000000000     6.916465257     6.916465257
   73.500000000     6.916863351     6.916863351
   74.000000000     6.915166857     6.915166857
   74.500000000     6.915580082     6.915580082
   75.000000000     6.914916610     6.914916610
   75.500000000     6.916776724     6.916776724
   76.000000000     6.914860949     6.914860949
   76.500000000     6.916323185     6.916323185
   77.000000000     6.915097108     6.915097108
   77.500000000     6.912901895     6.912901895
   78.000000000     6.914669270     6.914669270
   78.500000000     6.914968278     6.914968278
   79.000000000     6.914268336     6.914268336
   79.500000000     6.912413971     6.912413971
   80.000000000     6.914501828     6.914501828
   80.500000000     6.914810511     6.914810511
   81.000000000     6.915878952     6.915878952
   81.500000000     6.916571167     6.916571167
   82.000000000     6.915433853     6.915433853
   82.500000000     6.916450608     6.916450608
   83.000000000     6.916543420     6.916543420
   83.500000000     6.913827470     6.913827470
   84.000000000     6.915185790     6.915185790
   84.500000000     6.915583968     6.915583968
   85.000000000     6.914379983     6.914379983
   85.500000000     6.914321270     6.914321270
   86.000000000     6.915094540     6.915094540
   86.500000000     6.915077228     6.915077228
   87.000000000     6.915129827     6.915129827
   87.500000000     6.915515317     6.915515317
   88.000000000     6.914956142     6.914956142
   88.500000000     6.915100638     6.915100638
   89.000000000     6.916067795     6.916067795
   89.500000000     6.917014305     6.917014305
   90.000000000     6.916429184     6.916429184
   90.500000000     6.917393763     6.917393763
   91.000000000     6.917238787     6.917238787
   91.500000000     6.917795472     6.917795472
   92.000000000     6.916159824     6.916159824
   92.500000000     6.916885625     6.916885625
   93.000000000     6.916202927     6.916202927
   93.500000000     6.915510464     6.915510464
   94.000000000     6.915888964     6.915888964
   94.500000000     6.915332067     6.915332067
   95.000000000     6.916093109     6.916093109
   95.500000000     6.915039907     6.915039907
   96.000000000     6.914667145     6.914667145
   96.500000000     6.915612847     6.915612847
   97.000000000     6.915552569     6.915552569
   97.500000000     6.916331172     6.916331172
   98.000000000     6.914725714     6.914725714
   98.500000000     6.915113829     6.915113829
   99.000000000     6.915020202     6.915020202
   99.500000000     6.914230341     6.914230341
#
# ave.             6.9157769417    6.9157769417
#
# average contribution per selected heavy atom
#
#   atom   residue name            SASA      % selected    % sasa atoms
#    1:2    1  ALA    N         0.36404         5.26391         5.26391 
#    1:4    1  ALA   CA         0.36000         5.20554         5.20554 
#    1:5    1  ALA   CB         0.53270         7.70262         7.70262 
#    1:6    1  ALA    C         0.00000         0.00000         0.00000 
#    1:7    1  ALA    O         0.00000         0.00000         0.00000 
#    1:8    2  ALA    N         0.00000         0.00000         0.00000 
#   1:10    2  ALA   CA         0.24131         3.48922         3.48922 
#   1:11    2  ALA   CB         0.53704         7.76549         7.76549 
#   1:12    2  ALA    C         0.00000         0.00000         0.00000 
#   1:13    2  ALA    O         0.00000         0.00000         0.00000 
#   1:14    3  ALA    N         0.00000         0.00000         0.00000 
#   1:16    3  ALA   CA         0.32910         4.75869         4.75869 
#   1:17    3  ALA   CB         0.51053         7.38204         7.38204 
#   1:18    3  ALA    C         0.00052         0.00752         0.00752 
#   1:19    3  ALA    O         0.04000         0.57837         0.57837 
#   1:20    4  ALA    N         0.00000         0.00000         0.00000 
#   1:22    4  ALA   CA         0.28549         4.12808         4.12808 
#   1:23    4  ALA   CB         0.43374         6.27179         6.27179 
#   1:24    4  ALA    C         0.00054         0.00783         0.00783 
#   1:25    4  ALA    O         0.04277         0.61845         0.61845 
#   1:26    5  ALA    N         0.00000         0.00000         0.00000 
#   1:28    5  ALA   CA         0.38428         5.55651         5.55651 
#   1:29    5  ALA   CB         0.32989         4.77009         4.77009 
#   1:30    5  ALA    C         0.00000         0.00000         0.00000 
#   1:31    5  ALA    O         0.19034         2.75225         2.75225 
#   1:32    6  ALA    N         0.00000         0.00000         0.00000 
#   1:34    6  ALA   CA         0.32252         4.66360         4.66360 
#   1:35    6  ALA   CB         0.38923         5.62819         5.62819 
#   1:36    6  ALA    C         0.00000         0.00000         0.00000 
#   1:37    6  ALA    O         0.16942         2.44972         2.44972 
#   1:38    7  ALA    N         0.00000         0.00000         0.00000 
#   1:40    7  ALA   CA         0.34933         5.05127         5.05127 
#   1:41    7  ALA   CB         0.39448         5.70409         5.70409 
#   1:42    7  ALA    C         0.04722         0.68280         0.68280 
#   1:43    7  ALA   O1         0.32976         4.76821         4.76821 
#   1:44    7  ALA   O2         0.33152         4.79373         4.79373 
#
# total                         6.91578       100.00000       100.00000 
