MD:         10% done...
MD: spent 0:0:18
MD: ETA   0:2:42
MD:         20% done...
MD: spent 0:0:35
MD: ETA   0:2:20
MD:         30% done...
MD: spent 0:0:52
MD: ETA   0:2:2
MD:         40% done...
MD: spent 0:1:9
MD: ETA   0:1:44
MD:         50% done...
MD: spent 0:1:26
MD: ETA   0:1:26
MD:         60% done...
MD: spent 0:1:43
MD: ETA   0:1:9
MD:         70% done...
MD: spent 0:2:0
MD: ETA   0:0:51
MD:         80% done...
MD: spent 0:2:17
MD: ETA   0:0:34
MD:         90% done...
MD: spent 0:2:35
MD: ETA   0:0:17
MD:        100% done...
MD: spent 0:2:52
MD: ETA   0:0:0
cp: ‘md_peptide_1.omd’ and ‘/home/imunoz/NPT.Lambda/08ALA/extended/md/md_peptide_1.omd’ are the same file
cp: ‘md_peptide_1.cnf’ and ‘/home/imunoz/NPT.Lambda/08ALA/extended/md/md_peptide_1.cnf’ are the same file
cp: ‘md_peptide_1.trc.gz’ and ‘/home/imunoz/NPT.Lambda/08ALA/extended/md/md_peptide_1.trc.gz’ are the same file
cp: ‘md_peptide_1.tre.gz’ and ‘/home/imunoz/NPT.Lambda/08ALA/extended/md/md_peptide_1.tre.gz’ are the same file
./md_peptide_1.run: line 58: Mail: command not found
MD:         10% done...
MD: spent 0:0:19
MD: ETA   0:2:53
MD:         20% done...
MD: spent 0:0:36
MD: ETA   0:2:26
MD:         30% done...
MD: spent 0:0:53
MD: ETA   0:2:5
MD:         40% done...
MD: spent 0:1:11
MD: ETA   0:1:46
MD:         50% done...
MD: spent 0:1:28
MD: ETA   0:1:28
MD:         60% done...
MD: spent 0:1:46
MD: ETA   0:1:10
MD:         70% done...
MD: spent 0:2:3
MD: ETA   0:0:53
MD:         80% done...
MD: spent 0:2:21
MD: ETA   0:0:35
MD:         90% done...
MD: spent 0:2:38
MD: ETA   0:0:17
MD:        100% done...
MD: spent 0:2:55
MD: ETA   0:0:0
cp: ‘md_peptide_2.omd’ and ‘/home/imunoz/NPT.Lambda/08ALA/extended/md/md_peptide_2.omd’ are the same file
cp: ‘md_peptide_2.cnf’ and ‘/home/imunoz/NPT.Lambda/08ALA/extended/md/md_peptide_2.cnf’ are the same file
cp: ‘md_peptide_2.trc.gz’ and ‘/home/imunoz/NPT.Lambda/08ALA/extended/md/md_peptide_2.trc.gz’ are the same file
cp: ‘md_peptide_2.tre.gz’ and ‘/home/imunoz/NPT.Lambda/08ALA/extended/md/md_peptide_2.tre.gz’ are the same file
./md_peptide_2.run: line 58: Mail: command not found
MD:         10% done...
MD: spent 0:0:20
MD: ETA   0:3:2
MD:         20% done...
MD: spent 0:0:39
MD: ETA   0:2:39
MD:         30% done...
MD: spent 0:0:57
MD: ETA   0:2:14
MD:         40% done...
MD: spent 0:1:14
MD: ETA   0:1:52
MD:         50% done...
MD: spent 0:1:31
MD: ETA   0:1:31
MD:         60% done...
MD: spent 0:1:48
MD: ETA   0:1:12
MD:         70% done...
MD: spent 0:2:6
MD: ETA   0:0:54
MD:         80% done...
MD: spent 0:2:23
MD: ETA   0:0:35
MD:         90% done...
MD: spent 0:2:40
MD: ETA   0:0:17
MD:        100% done...
MD: spent 0:2:57
MD: ETA   0:0:0
cp: ‘md_peptide_3.omd’ and ‘/home/imunoz/NPT.Lambda/08ALA/extended/md/md_peptide_3.omd’ are the same file
cp: ‘md_peptide_3.cnf’ and ‘/home/imunoz/NPT.Lambda/08ALA/extended/md/md_peptide_3.cnf’ are the same file
cp: ‘md_peptide_3.trc.gz’ and ‘/home/imunoz/NPT.Lambda/08ALA/extended/md/md_peptide_3.trc.gz’ are the same file
cp: ‘md_peptide_3.tre.gz’ and ‘/home/imunoz/NPT.Lambda/08ALA/extended/md/md_peptide_3.tre.gz’ are the same file
./md_peptide_3.run: line 58: Mail: command not found
MD:         10% done...
MD: spent 0:0:17
MD: ETA   0:2:40
MD:         20% done...
MD: spent 0:0:34
MD: ETA   0:2:19
MD:         30% done...
MD: spent 0:0:51
MD: ETA   0:2:0
MD:         40% done...
MD: spent 0:1:8
MD: ETA   0:1:42
MD:         50% done...
MD: spent 0:1:25
MD: ETA   0:1:25
MD:         60% done...
MD: spent 0:1:42
MD: ETA   0:1:8
MD:         70% done...
MD: spent 0:1:59
MD: ETA   0:0:51
MD:         80% done...
MD: spent 0:2:16
MD: ETA   0:0:34
MD:         90% done...
MD: spent 0:2:33
MD: ETA   0:0:17
MD:        100% done...
MD: spent 0:2:50
MD: ETA   0:0:0
cp: ‘md_peptide_4.omd’ and ‘/home/imunoz/NPT.Lambda/08ALA/extended/md/md_peptide_4.omd’ are the same file
cp: ‘md_peptide_4.cnf’ and ‘/home/imunoz/NPT.Lambda/08ALA/extended/md/md_peptide_4.cnf’ are the same file
cp: ‘md_peptide_4.trc.gz’ and ‘/home/imunoz/NPT.Lambda/08ALA/extended/md/md_peptide_4.trc.gz’ are the same file
cp: ‘md_peptide_4.tre.gz’ and ‘/home/imunoz/NPT.Lambda/08ALA/extended/md/md_peptide_4.tre.gz’ are the same file
./md_peptide_4.run: line 58: Mail: command not found
MD:         10% done...
MD: spent 0:0:18
MD: ETA   0:2:42
MD:         20% done...
MD: spent 0:0:34
MD: ETA   0:2:18
MD:         30% done...
MD: spent 0:0:51
MD: ETA   0:2:0
MD:         40% done...
MD: spent 0:1:8
MD: ETA   0:1:42
MD:         50% done...
MD: spent 0:1:25
MD: ETA   0:1:25
MD:         60% done...
MD: spent 0:1:42
MD: ETA   0:1:8
MD:         70% done...
MD: spent 0:1:58
MD: ETA   0:0:50
MD:         80% done...
MD: spent 0:2:15
MD: ETA   0:0:33
MD:         90% done...
MD: spent 0:2:31
MD: ETA   0:0:16
MD:        100% done...
MD: spent 0:2:48
MD: ETA   0:0:0
cp: ‘md_peptide_5.omd’ and ‘/home/imunoz/NPT.Lambda/08ALA/extended/md/md_peptide_5.omd’ are the same file
cp: ‘md_peptide_5.cnf’ and ‘/home/imunoz/NPT.Lambda/08ALA/extended/md/md_peptide_5.cnf’ are the same file
cp: ‘md_peptide_5.trc.gz’ and ‘/home/imunoz/NPT.Lambda/08ALA/extended/md/md_peptide_5.trc.gz’ are the same file
cp: ‘md_peptide_5.tre.gz’ and ‘/home/imunoz/NPT.Lambda/08ALA/extended/md/md_peptide_5.tre.gz’ are the same file
./md_peptide_5.run: line 58: Mail: command not found
MD:         10% done...
MD: spent 0:0:17
MD: ETA   0:2:38
MD:         20% done...
MD: spent 0:0:34
MD: ETA   0:2:18
MD:         30% done...
MD: spent 0:0:51
MD: ETA   0:2:0
MD:         40% done...
MD: spent 0:1:7
MD: ETA   0:1:41
MD:         50% done...
MD: spent 0:1:23
MD: ETA   0:1:23
MD:         60% done...
MD: spent 0:1:40
MD: ETA   0:1:7
MD:         70% done...
MD: spent 0:1:57
MD: ETA   0:0:50
MD:         80% done...
MD: spent 0:2:13
MD: ETA   0:0:33
MD:         90% done...
MD: spent 0:2:30
MD: ETA   0:0:16
MD:        100% done...
MD: spent 0:2:47
MD: ETA   0:0:0
cp: ‘md_peptide_6.omd’ and ‘/home/imunoz/NPT.Lambda/08ALA/extended/md/md_peptide_6.omd’ are the same file
cp: ‘md_peptide_6.cnf’ and ‘/home/imunoz/NPT.Lambda/08ALA/extended/md/md_peptide_6.cnf’ are the same file
cp: ‘md_peptide_6.trc.gz’ and ‘/home/imunoz/NPT.Lambda/08ALA/extended/md/md_peptide_6.trc.gz’ are the same file
cp: ‘md_peptide_6.tre.gz’ and ‘/home/imunoz/NPT.Lambda/08ALA/extended/md/md_peptide_6.tre.gz’ are the same file
./md_peptide_6.run: line 58: Mail: command not found
MD:         10% done...
MD: spent 0:0:17
MD: ETA   0:2:40
MD:         20% done...
MD: spent 0:0:34
MD: ETA   0:2:17
MD:         30% done...
MD: spent 0:0:50
MD: ETA   0:1:57
MD:         40% done...
MD: spent 0:1:6
MD: ETA   0:1:39
MD:         50% done...
MD: spent 0:1:22
MD: ETA   0:1:22
MD:         60% done...
MD: spent 0:1:38
MD: ETA   0:1:5
MD:         70% done...
MD: spent 0:1:54
MD: ETA   0:0:48
MD:         80% done...
MD: spent 0:2:10
MD: ETA   0:0:32
MD:         90% done...
MD: spent 0:2:27
MD: ETA   0:0:16
MD:        100% done...
MD: spent 0:2:43
MD: ETA   0:0:0
cp: ‘md_peptide_7.omd’ and ‘/home/imunoz/NPT.Lambda/08ALA/extended/md/md_peptide_7.omd’ are the same file
cp: ‘md_peptide_7.cnf’ and ‘/home/imunoz/NPT.Lambda/08ALA/extended/md/md_peptide_7.cnf’ are the same file
cp: ‘md_peptide_7.trc.gz’ and ‘/home/imunoz/NPT.Lambda/08ALA/extended/md/md_peptide_7.trc.gz’ are the same file
cp: ‘md_peptide_7.tre.gz’ and ‘/home/imunoz/NPT.Lambda/08ALA/extended/md/md_peptide_7.tre.gz’ are the same file
./md_peptide_7.run: line 58: Mail: command not found
MD:         10% done...
MD: spent 0:0:18
MD: ETA   0:2:49
MD:         20% done...
MD: spent 0:0:35
MD: ETA   0:2:23
MD:         30% done...
MD: spent 0:0:51
MD: ETA   0:2:1
MD:         40% done...
MD: spent 0:1:7
MD: ETA   0:1:41
MD:         50% done...
MD: spent 0:1:24
MD: ETA   0:1:24
MD:         60% done...
MD: spent 0:1:40
MD: ETA   0:1:6
MD:         70% done...
MD: spent 0:1:56
MD: ETA   0:0:49
MD:         80% done...
MD: spent 0:2:12
MD: ETA   0:0:33
MD:         90% done...
MD: spent 0:2:28
MD: ETA   0:0:16
MD:        100% done...
MD: spent 0:2:45
MD: ETA   0:0:0
cp: ‘md_peptide_8.omd’ and ‘/home/imunoz/NPT.Lambda/08ALA/extended/md/md_peptide_8.omd’ are the same file
cp: ‘md_peptide_8.cnf’ and ‘/home/imunoz/NPT.Lambda/08ALA/extended/md/md_peptide_8.cnf’ are the same file
cp: ‘md_peptide_8.trc.gz’ and ‘/home/imunoz/NPT.Lambda/08ALA/extended/md/md_peptide_8.trc.gz’ are the same file
cp: ‘md_peptide_8.tre.gz’ and ‘/home/imunoz/NPT.Lambda/08ALA/extended/md/md_peptide_8.tre.gz’ are the same file
./md_peptide_8.run: line 58: Mail: command not found
MD:         10% done...
MD: spent 0:0:18
MD: ETA   0:2:45
MD:         20% done...
MD: spent 0:0:35
MD: ETA   0:2:22
MD:         30% done...
MD: spent 0:0:54
MD: ETA   0:2:6
MD:         40% done...
MD: spent 0:1:12
MD: ETA   0:1:49
MD:         50% done...
MD: spent 0:1:32
MD: ETA   0:1:32
MD:         60% done...
MD: spent 0:1:51
MD: ETA   0:1:14
MD:         70% done...
MD: spent 0:2:10
MD: ETA   0:0:55
MD:         80% done...
MD: spent 0:2:28
MD: ETA   0:0:37
MD:         90% done...
MD: spent 0:2:47
MD: ETA   0:0:18
MD:        100% done...
MD: spent 0:3:5
MD: ETA   0:0:0
cp: ‘md_peptide_9.omd’ and ‘/home/imunoz/NPT.Lambda/08ALA/extended/md/md_peptide_9.omd’ are the same file
cp: ‘md_peptide_9.cnf’ and ‘/home/imunoz/NPT.Lambda/08ALA/extended/md/md_peptide_9.cnf’ are the same file
cp: ‘md_peptide_9.trc.gz’ and ‘/home/imunoz/NPT.Lambda/08ALA/extended/md/md_peptide_9.trc.gz’ are the same file
cp: ‘md_peptide_9.tre.gz’ and ‘/home/imunoz/NPT.Lambda/08ALA/extended/md/md_peptide_9.tre.gz’ are the same file
./md_peptide_9.run: line 58: Mail: command not found
MD:         10% done...
MD: spent 0:0:18
MD: ETA   0:2:46
MD:         20% done...
MD: spent 0:0:34
MD: ETA   0:2:19
MD:         30% done...
MD: spent 0:0:50
MD: ETA   0:1:58
MD:         40% done...
MD: spent 0:1:7
MD: ETA   0:1:40
MD:         50% done...
MD: spent 0:1:23
MD: ETA   0:1:23
MD:         60% done...
MD: spent 0:1:39
MD: ETA   0:1:6
MD:         70% done...
MD: spent 0:1:55
MD: ETA   0:0:49
MD:         80% done...
MD: spent 0:2:11
MD: ETA   0:0:32
MD:         90% done...
MD: spent 0:2:28
MD: ETA   0:0:16
MD:        100% done...
MD: spent 0:2:45
MD: ETA   0:0:0
cp: ‘md_peptide_10.omd’ and ‘/home/imunoz/NPT.Lambda/08ALA/extended/md/md_peptide_10.omd’ are the same file
cp: ‘md_peptide_10.cnf’ and ‘/home/imunoz/NPT.Lambda/08ALA/extended/md/md_peptide_10.cnf’ are the same file
cp: ‘md_peptide_10.trc.gz’ and ‘/home/imunoz/NPT.Lambda/08ALA/extended/md/md_peptide_10.trc.gz’ are the same file
cp: ‘md_peptide_10.tre.gz’ and ‘/home/imunoz/NPT.Lambda/08ALA/extended/md/md_peptide_10.tre.gz’ are the same file
./md_peptide_10.run: line 58: Mail: command not found
