###### GATHER WARNING ######
# NO Gathering method specified ! 
# Thus : if the system is requested to be gathered, 
# the gathering will be done according to the 1st atom of the previous molecule
#                      selected      heavy sasa
# time                    atoms           atoms
   10.000000000    10.300609214    10.300609214
   10.500000000    10.301523804    10.301523804
   11.000000000    10.301958822    10.301958822
   11.500000000    10.302034025    10.302034025
   12.000000000    10.301178892    10.301178892
   12.500000000    10.301375580    10.301375580
   13.000000000    10.302789101    10.302789101
   13.500000000    10.300946754    10.300946754
   14.000000000    10.301796096    10.301796096
   14.500000000    10.301709386    10.301709386
   15.000000000    10.300410937    10.300410937
   15.500000000    10.301652422    10.301652422
   16.000000000    10.299988596    10.299988596
   16.500000000    10.300925860    10.300925860
   17.000000000    10.300120605    10.300120605
   17.500000000    10.300272253    10.300272253
   18.000000000    10.301251004    10.301251004
   18.500000000    10.300917556    10.300917556
   19.000000000    10.300695110    10.300695110
   19.500000000    10.300668061    10.300668061
   20.000000000    10.300927462    10.300927462
   20.500000000    10.300390669    10.300390669
   21.000000000    10.300443841    10.300443841
   21.500000000    10.299806873    10.299806873
   22.000000000    10.301156678    10.301156678
   22.500000000    10.301003853    10.301003853
   23.000000000    10.297980602    10.297980602
   23.500000000    10.295442413    10.295442413
   24.000000000    10.299265243    10.299265243
   24.500000000    10.300420334    10.300420334
   25.000000000    10.299049544    10.299049544
   25.500000000    10.301164597    10.301164597
   26.000000000    10.301615486    10.301615486
   26.500000000    10.300600366    10.300600366
   27.000000000    10.299977515    10.299977515
   27.500000000    10.301980504    10.301980504
   28.000000000    10.300603570    10.300603570
   28.500000000    10.301629487    10.301629487
   29.000000000    10.301285147    10.301285147
   29.500000000    10.300452775    10.300452775
   30.000000000    10.302230485    10.302230485
   30.500000000    10.300351502    10.300351502
   31.000000000    10.300899834    10.300899834
   31.500000000    10.300239005    10.300239005
   32.000000000    10.301484102    10.301484102
   32.500000000    10.301287963    10.301287963
   33.000000000    10.300189661    10.300189661
   33.500000000    10.300012461    10.300012461
   34.000000000    10.297629914    10.297629914
   34.500000000    10.301000389    10.301000389
   35.000000000    10.299227091    10.299227091
   35.500000000    10.301108200    10.301108200
   36.000000000    10.301121703    10.301121703
   36.500000000    10.301031338    10.301031338
   37.000000000    10.300107822    10.300107822
   37.500000000    10.300680921    10.300680921
   38.000000000    10.300398240    10.300398240
   38.500000000    10.300565497    10.300565497
   39.000000000    10.299078722    10.299078722
   39.500000000    10.299606145    10.299606145
   40.000000000    10.301225696    10.301225696
   40.500000000    10.299688529    10.299688529
   41.000000000    10.299420417    10.299420417
   41.500000000    10.300380082    10.300380082
   42.000000000    10.298602580    10.298602580
   42.500000000    10.301100395    10.301100395
   43.000000000    10.299089314    10.299089314
   43.500000000    10.294563839    10.294563839
   44.000000000    10.300020227    10.300020227
   44.500000000    10.296601944    10.296601944
   45.000000000    10.300743162    10.300743162
   45.500000000    10.299729856    10.299729856
   46.000000000    10.300816723    10.300816723
   46.500000000    10.299725777    10.299725777
   47.000000000    10.299232600    10.299232600
   47.500000000    10.295496218    10.295496218
   48.000000000    10.296203098    10.296203098
   48.500000000    10.295510166    10.295510166
   49.000000000    10.295967002    10.295967002
   49.500000000    10.295110840    10.295110840
   50.000000000    10.296796548    10.296796548
   50.500000000    10.298280446    10.298280446
   51.000000000    10.297526515    10.297526515
   51.500000000    10.299361616    10.299361616
   52.000000000    10.298419493    10.298419493
   52.500000000    10.298469452    10.298469452
   53.000000000    10.300289285    10.300289285
   53.500000000    10.301338347    10.301338347
   54.000000000    10.298163564    10.298163564
   54.500000000    10.301070264    10.301070264
   55.000000000    10.298633859    10.298633859
   55.500000000    10.301799567    10.301799567
   56.000000000    10.300370105    10.300370105
   56.500000000    10.301503012    10.301503012
   57.000000000    10.300905909    10.300905909
   57.500000000    10.301345962    10.301345962
   58.000000000    10.301305079    10.301305079
   58.500000000    10.299626014    10.299626014
   59.000000000    10.301742733    10.301742733
   59.500000000    10.299375335    10.299375335
   60.000000000    10.303049144    10.303049144
   60.500000000    10.301047102    10.301047102
   61.000000000    10.301351053    10.301351053
   61.500000000    10.300214003    10.300214003
   62.000000000    10.300013802    10.300013802
   62.500000000    10.301178335    10.301178335
   63.000000000    10.299582033    10.299582033
   63.500000000    10.302431576    10.302431576
   64.000000000    10.301333262    10.301333262
   64.500000000    10.301370682    10.301370682
   65.000000000    10.300133313    10.300133313
   65.500000000    10.301449882    10.301449882
   66.000000000    10.300889310    10.300889310
   66.500000000    10.297483513    10.297483513
   67.000000000    10.302221887    10.302221887
   67.500000000    10.302110780    10.302110780
   68.000000000    10.302930313    10.302930313
   68.500000000    10.302210906    10.302210906
   69.000000000    10.302081144    10.302081144
   69.500000000    10.301180703    10.301180703
   70.000000000    10.300172405    10.300172405
   70.500000000    10.302584028    10.302584028
   71.000000000    10.299993793    10.299993793
   71.500000000    10.302219581    10.302219581
   72.000000000    10.302176820    10.302176820
   72.500000000    10.302097250    10.302097250
   73.000000000    10.301622245    10.301622245
   73.500000000    10.300441901    10.300441901
   74.000000000    10.302153187    10.302153187
   74.500000000    10.300372313    10.300372313
   75.000000000    10.302596205    10.302596205
   75.500000000    10.300639887    10.300639887
   76.000000000    10.300266315    10.300266315
   76.500000000    10.301366030    10.301366030
   77.000000000    10.300552222    10.300552222
   77.500000000    10.301699357    10.301699357
   78.000000000    10.301673086    10.301673086
   78.500000000    10.299707674    10.299707674
   79.000000000    10.300468864    10.300468864
   79.500000000    10.299127670    10.299127670
   80.000000000    10.300030000    10.300030000
   80.500000000    10.299595600    10.299595600
   81.000000000    10.297994476    10.297994476
   81.500000000    10.299576440    10.299576440
   82.000000000    10.298610343    10.298610343
   82.500000000    10.298630902    10.298630902
   83.000000000    10.298498141    10.298498141
   83.500000000    10.298360250    10.298360250
   84.000000000    10.301176997    10.301176997
   84.500000000    10.298318582    10.298318582
   85.000000000    10.299724869    10.299724869
   85.500000000    10.297987867    10.297987867
   86.000000000    10.298006715    10.298006715
   86.500000000    10.300047000    10.300047000
   87.000000000    10.298164167    10.298164167
   87.500000000    10.298502002    10.298502002
   88.000000000    10.300435602    10.300435602
   88.500000000    10.299758927    10.299758927
   89.000000000    10.299437556    10.299437556
   89.500000000    10.299868037    10.299868037
   90.000000000    10.296474493    10.296474493
   90.500000000    10.299503963    10.299503963
   91.000000000    10.297760976    10.297760976
   91.500000000    10.295816364    10.295816364
   92.000000000    10.294521956    10.294521956
   92.500000000    10.294561123    10.294561123
   93.000000000    10.293910928    10.293910928
   93.500000000    10.293531313    10.293531313
   94.000000000    10.296182597    10.296182597
   94.500000000    10.297053343    10.297053343
   95.000000000    10.292078512    10.292078512
   95.500000000    10.293990895    10.293990895
   96.000000000    10.294791568    10.294791568
   96.500000000    10.293776742    10.293776742
   97.000000000    10.295261828    10.295261828
   97.500000000    10.292689235    10.292689235
   98.000000000    10.293757569    10.293757569
   98.500000000    10.293810310    10.293810310
   99.000000000    10.296636690    10.296636690
   99.500000000    10.290639601    10.290639601
#
# ave.            10.2995971759   10.2995971759
#
# average contribution per selected heavy atom
#
#   atom   residue name            SASA      % selected    % sasa atoms
#    1:2    1  ALA    N         0.41540         4.03319         4.03319 
#    1:4    1  ALA   CA         0.55016         5.34161         5.34161 
#    1:5    1  ALA   CB         0.57730         5.60507         5.60507 
#    1:6    1  ALA    C         0.00000         0.00000         0.00000 
#    1:7    1  ALA    O         0.24897         2.41730         2.41730 
#    1:8    2  ALA    N         0.00000         0.00000         0.00000 
#   1:10    2  ALA   CA         0.32670         3.17201         3.17201 
#   1:11    2  ALA   CB         0.55077         5.34749         5.34749 
#   1:12    2  ALA    C         0.00000         0.00000         0.00000 
#   1:13    2  ALA    O         0.23842         2.31481         2.31481 
#   1:14    3  ALA    N         0.00000         0.00000         0.00000 
#   1:16    3  ALA   CA         0.32287         3.13478         3.13478 
#   1:17    3  ALA   CB         0.55179         5.35744         5.35744 
#   1:18    3  ALA    C         0.00000         0.00000         0.00000 
#   1:19    3  ALA    O         0.23999         2.33012         2.33012 
#   1:20    4  ALA    N         0.00000         0.00000         0.00000 
#   1:22    4  ALA   CA         0.32631         3.16821         3.16821 
#   1:23    4  ALA   CB         0.55054         5.34523         5.34523 
#   1:24    4  ALA    C         0.00000         0.00000         0.00000 
#   1:25    4  ALA    O         0.23869         2.31749         2.31749 
#   1:26    5  ALA    N         0.00000         0.00000         0.00000 
#   1:28    5  ALA   CA         0.32437         3.14936         3.14936 
#   1:29    5  ALA   CB         0.55139         5.35353         5.35353 
#   1:30    5  ALA    C         0.00000         0.00000         0.00000 
#   1:31    5  ALA    O         0.24000         2.33014         2.33014 
#   1:32    6  ALA    N         0.00000         0.00000         0.00000 
#   1:34    6  ALA   CA         0.32398         3.14559         3.14559 
#   1:35    6  ALA   CB         0.55207         5.36008         5.36008 
#   1:36    6  ALA    C         0.00000         0.00000         0.00000 
#   1:37    6  ALA    O         0.23817         2.31238         2.31238 
#   1:38    7  ALA    N         0.00000         0.00000         0.00000 
#   1:40    7  ALA   CA         0.31830         3.09042         3.09042 
#   1:41    7  ALA   CB         0.55253         5.36458         5.36458 
#   1:42    7  ALA    C         0.00000         0.00000         0.00000 
#   1:43    7  ALA    O         0.23913         2.32170         2.32170 
#   1:44    8  ALA    N         0.00000         0.00000         0.00000 
#   1:46    8  ALA   CA         0.43100         4.18459         4.18459 
#   1:47    8  ALA   CB         0.56651         5.50036         5.50036 
#   1:48    8  ALA    C         0.06924         0.67230         0.67230 
#   1:49    8  ALA   O1         0.39027         3.78921         3.78921 
#   1:50    8  ALA   O2         0.36471         3.54102         3.54102 
#
# total                        10.29960       100.00000       100.00000 
